STMicroelectronics assembler v4.49   (C)1987-2016   Wed May 04 15:58:39 2016
Page 1  "c6e4.ASM"
                                               e:\TP\c7e2\c7e2.asm

   1                             ST7/      
   2                             
   3                             ;*************************************************************
                                 ;***********
   4                             ; TITLE:                
   5                             ; AUTHOR:               
   6                             ; DESCRIPTION:          
   7                             ;*************************************************************
                                 ;***********
   8                             
   9  0000                                 TITLE    "c6e4.ASM"
  10                                       
  11  0000                                 MOTOROLA 
  12                                       
   0  0000                                 #include "ST7Lite2.INC"
   1                             ;*************************************************************
                                 ;*********** 
   2                             ; TITLE:                ST7FLite2.INC
   3                             ; AUTHOR:               CMG Microcontroller Application Team
   4                             ; DESCRIPTION:          ST7FLite2 Register and memory mapping 
                                 ;
   5                             ;*************************************************************
                                 ;***********;*************************************************
                                 ;********************
   6                             
   7                             ;*************************************************************
                                 ;*********
   8                             ;		I/O Ports Registers
   9                             ;*************************************************************
                                 ;*********
  10                             
  11  0000                                 EXTERN   PADR.b        ; port A data register
  12  0000                                 EXTERN   PADDR.b       ; port A data direction 
                                                                  ;register
  13  0000                                 EXTERN   PAOR.b        ; port A option register
  14                             
  15  0000                                 EXTERN   PBDR.b        ; port B data register
  16  0000                                 EXTERN   PBDDR.b       ; port B data direction 
                                                                  ;register
  17  0000                                 EXTERN   PBOR.b        ; port B option register
  18                             
  19                             ;*************************************************************
                                 ;*********
  20                             ;		Lite Timer Registers
  21                             ;*************************************************************
                                 ;*********
  22                                       
  23  0000                                 EXTERN   LTCSR2.b      ; Lite Timer Control/Status 
                                                                  ;register 2
  24  0000                                 EXTERN   LTCARR.b      ; Lite Timer Auto-reload 
                                                                  ;register
  25  0000                                 EXTERN   LTCNTR.b      ; Lite Timer Counter register
  26  0000                                 EXTERN   LTCSR1.b      ; Lite Timer Control/Status 
                                                                  ;register 1
  27  0000                                 EXTERN   LTICR.b       ; Lite Timer Input Capture 
                                                                  ;register
  28                                       
STMicroelectronics assembler v4.49   (C)1987-2016   Wed May 04 15:58:39 2016
Page 2  "c6e4.ASM"
                                               e:\TP\c7e2\ST7Lite2.INC

  29                             ;*************************************************************
                                 ;*********
  30                             ;		Auto reload timer registers
  31                             ;*************************************************************
                                 ;*********
  32                             
  33  0000                                 EXTERN   ATCSR.b       ; Timer Control/Status register 
                                                                  ;1
  34  0000                                 EXTERN   CNTRH.b       ; Counter Register High
  35  0000                                 EXTERN   CNTRL.b       ; Counter Register Low 
  36  0000                                 EXTERN   ATRH.b        ; Auto-Reload Register High
  37  0000                                 EXTERN   ATRL.b        ; Auto-Reload Register Low
  38  0000                                 EXTERN   PWMCR.b       ; PWM Output Control Register
  39  0000                                 EXTERN   PWM0CSR.b     ; PWM 0 Control/Status Register 
                                                                  ; 
  40  0000                                 EXTERN   PWM1CSR.b     ; PWM 1 Control/Status Register 
                                                                  ; 
  41  0000                                 EXTERN   PWM2CSR.b     ; PWM 2 Control/Status Register 
                                                                  ; 
  42  0000                                 EXTERN   PWM3CSR.b     ; PWM 3 Control/Status Register 
                                                                  ; 
  43  0000                                 EXTERN   DCR0H.b       ; PWM 0 Duty Cycle Register 
                                                                  ;High
  44  0000                                 EXTERN   DCR0L.b       ; PWM 0 Duty Cycle Register Low 
                                                                  ;  
  45  0000                                 EXTERN   DCR1H.b       ; PWM 0 Duty Cycle Register 
                                                                  ;High
  46  0000                                 EXTERN   DCR1L.b       ; PWM 0 Duty Cycle Register Low 
                                                                  ;  
  47  0000                                 EXTERN   DCR2H.b       ; PWM 0 Duty Cycle Register 
                                                                  ;High
  48  0000                                 EXTERN   DCR2L.b       ; PWM 0 Duty Cycle Register Low 
                                                                  ;  
  49  0000                                 EXTERN   DCR3H.b       ; PWM 0 Duty Cycle Register 
                                                                  ;High
  50  0000                                 EXTERN   DCR3L.b       ; PWM 0 Duty Cycle Register Low 
                                                                  ;  
  51  0000                                 EXTERN   ATICRH.b      ; Input Capture Register High 
  52  0000                                 EXTERN   ATICRL.b      ; Input Capture Register Low
  53  0000                                 EXTERN   TRANCR.b      ; Transfer Control Register
  54  0000                                 EXTERN   BREAKCR.b     ; Break Control Register  
  55                             
  56                             ;*************************************************************
                                 ;*********
  57                             ;                        Watchdog Control  register
  58                             ;*************************************************************
                                 ;*********
  59                                       
  60  0000                                 EXTERN   WDGCR.b       ; Watchdog Control Register 
  61                             
  62                             
  63                             ;*************************************************************
                                 ;*********
  64                             ;		Flash Register
  65                             ;*************************************************************
                                 ;*********
  66                             
STMicroelectronics assembler v4.49   (C)1987-2016   Wed May 04 15:58:39 2016
Page 3  "c6e4.ASM"
                                               e:\TP\c7e2\ST7Lite2.INC

  67  0000                                 EXTERN   FCSR.b        ; flash control/satus register
  68                             
  69                             ;*************************************************************
                                 ;*********
  70                             ;		EEPROM Register
  71                             ;*************************************************************
                                 ;*********
  72                             
  73  0000                                 EXTERN   EECSR.b       ; data EEPROM control status 
                                                                  ;register
  74                             
  75                             ;*************************************************************
                                 ;*********
  76                             ;		SPI Registers
  77                             ;*************************************************************
                                 ;*********
  78                             
  79  0000                                 EXTERN   SPIDR.b       ; SPI data I/O register
  80  0000                                 EXTERN   SPICR.b       ; SPI control register
  81  0000                                 EXTERN   SPISR.b       ; SPI status register
  82                             
  83                             ;*************************************************************
                                 ;*********
  84                             ;		ADC Registers
  85                             ;*************************************************************
                                 ;*********
  86                                       
  87  0000                                 EXTERN   ADCCSR.b      ; ADC Control Status register
  88  0000                                 EXTERN   ADCDRH.b      ; ADC Data register
  89  0000                                 EXTERN   ADCDRL.b      ; ADC Amplifier Control 
                                                                  ;register
  90                                       
  91                             ;*************************************************************
                                 ;*********
  92                             ;		ITC Registers
  93                             ;*************************************************************
                                 ;*********
  94                                       
  95  0000                                 EXTERN   EICR.b        ; external interrupt control 
                                                                  ;register
  96                             
  97                             ;*************************************************************
                                 ;*********
  98                             ;		MCC egisters
  99                             ;*************************************************************
                                 ;*********
 100                             
 101  0000                                 EXTERN   MCCSR.b       ; main clock control/status 
                                                                  ;register
 102                                       
 103                             ;*************************************************************
                                 ;*********
 104                             ;		Clock & Reset Registers
 105                             ;*************************************************************
                                 ;*********
 106                             
 107  0000                                 EXTERN   RCCR.b        ; RC oscilator control register
STMicroelectronics assembler v4.49   (C)1987-2016   Wed May 04 15:58:39 2016
Page 4  "c6e4.ASM"
                                               e:\TP\c7e2\ST7Lite2.INC

 108  0000                                 EXTERN   SICSR.b       ; system integrity 
                                                                  ;control/status register
 109                             
 110                             ;*************************************************************
                                 ;*********
 111                             ;                        External Interrupt Selection 
                                 ;Registers
 112                             ;*************************************************************
                                 ;*********
 113                             
 114  0000                                 EXTERN   EISR.b        ;  External Interrupt Selection 
                                                                  ;Register
 115                             
 116                             ;*************************************************************
                                 ;*********
 117                             ;                        Dali Registers
 118                             ;*************************************************************
                                 ;*********
 119                             
 120  0000                                 EXTERN   DCMCLK.b      ; DALI Clock Register
 121  0000                                 EXTERN   DCMFA.b       ; DALI Forward Address Register
 122  0000                                 EXTERN   DCMFD.b       ; DALI Forward Data Register
 123  0000                                 EXTERN   DCMBD.b       ; DALI Backward Data Register
 124  0000                                 EXTERN   DCMCR.b       ; DALI Control Register
 125  0000                                 EXTERN   DCMCSR.b      ; DALI Control/Status Register
 126                             
 127                             ;*************************************************************
                                 ;*********
 128                             ;                        AWU Registers
 129                             ;*************************************************************
                                 ;*********
 130                             
 131  0000                                 EXTERN   AWUPR.b       ; AWU Prescaler Register
 132  0000                                 EXTERN   AWUCSR.b      ; AWU Control/Status Register
 133                             
 134                             ;*************************************************************
                                 ;*********
 135                             ;                        DM Registers
 136                             ;*************************************************************
                                 ;*********
 137                             
 138  0000                                 EXTERN   DMCR.b        ; DM Control Register
 139  0000                                 EXTERN   DMSR.b        ; DM Status Register
 140  0000                                 EXTERN   DMBK1H.b      ; DM Breakpoint Register 1 High
 141  0000                                 EXTERN   DMBK1L.b      ; DM Breakpoint Register 1 Low
 142  0000                                 EXTERN   DMBK2H.b      ; DM Breakpoint Register 2 High
 143  0000                                 EXTERN   DMBK2L.b      ; DM Breakpoint Register 2 Low
 144                             
<END_OF_INCLUSION>
  14                                                              ;#include "MAX7219.ASM"
   0  0000                                 #include "MAX7219.INC"
   1                             
   2                             ;*************************************************************
                                 ;***********
   3                             ; TITLE:                MAX7219.ASM
   4                             ; AUTHOR:               Nicolas Coquelle
   5                             ; DESCRIPTION:          Bibliothèque pour l'utilisation d'un 
                                 ;MAX7219
STMicroelectronics assembler v4.49   (C)1987-2016   Wed May 04 15:58:39 2016
Page 5  "c6e4.ASM"
                                               e:\TP\c7e2\MAX7219.INC

   6                             ;                       pour l'affichage sur des afficheurs 7 
                                 ;segments
   7                             ;*************************************************************
                                 ;***********
   8                             
   9  0000                                 EXTERN   MAX7219_Init
  10  0000                                 EXTERN   MAX7219_ShutdownStart
  11  0000                                 EXTERN   MAX7219_ShutdownStop
  12  0000                                 EXTERN   MAX7219_DisplayTestStart
  13  0000                                 EXTERN   MAX7219_DisplayTestStop
  14  0000                                 EXTERN   MAX7219_SetBrightness, SetBrightness_Bright.B
  15  0000                                 EXTERN   MAX7219_Clear
  16  0000                                 EXTERN   MAX7219_AllumePoint
  17  0000                                 EXTERN   MAX7219_AfficheP
  18  0000                                 EXTERN   MAX7219_DisplayChar, DisplayChar_Digit.B, DisplayChar_Character.B
  19                             
  20                             ;*** (c) 2002  Nicolas Coquelle - ISEM 
                                 ;**************************************
<END_OF_INCLUSION>
  16                             
  17                                                              ; Enlever le commentaire si vous
                                                                  ; utilisez les afficheurs
  18                             ;	#include "MAX7219.INC"
  19                             
  20                             
  21                             ;*************************************************************
                                 ;***********
  22                             ;
  23                             ;  ZONE DE DECLARATION DES SYMBOLES
  24                             ;
  25                             ;*************************************************************
                                 ;***********
  26                             
  27                             
  28                             
  29                             ;*************************************************************
                                 ;***********
  30                             ;
  31                             ;  FIN DE LA ZONE DE DECLARATION DES SYMBOLES
  32                             ;
  33                             ;*************************************************************
                                 ;***********
  34                             
  35                                       
  36  0000                                 BYTES    
  37                                       
  38                                       segment  byte 'ram0'
  39                             
  40                             ;*************************************************************
                                 ;***********
  41                             ;
  42                             ;  ZONE DE DECLARATION DES VARIABLES
  43                             ;
  44                             ;*************************************************************
                                 ;***********
  45                             
  46  0088                       valeurUnite  DS.B     1
  47  0089                       valeurDizaine  DS.B     1
STMicroelectronics assembler v4.49   (C)1987-2016   Wed May 04 15:58:39 2016
Page 6  "c6e4.ASM"
                                               e:\TP\c7e2\c7e2.asm

  48  008A                       retenue   DS.B     1
  49  008B                       running   DS.B     1
  50                             
  51                             
  52                             ;*************************************************************
                                 ;***********
  53                             ;
  54                             ;  FIN DE LA ZONE DE DECLARATION DES VARIABLES
  55                             ;
  56                             ;*************************************************************
                                 ;***********
  57                             
  58                             
  59  008C                                 WORDS    
  60                             
  61                                       segment  byte 'rom'
  62                             
  63                             ;*************************************************************
                                 ;***********
  64                             ;
  65                             ;  ZONE DE DECLARATION DES CONSTANTES
  66                             ;
  67                             ;*************************************************************
                                 ;***********
  68                             
  69                             
  70                             
  71                             
  72                             ;*************************************************************
                                 ;***********
  73                             ;
  74                             ;  FIN DE LA ZONE DE DECLARATION DES CONSTANTES
  75                             ;
  76                             ;*************************************************************
                                 ;***********
  77                             
  78                             ;-------------------------------------------------------------
                                 ;-----------
  79                             
  80                             ;*************************************************************
                                 ;***********
  81                             ;
  82                             ;  ZONE DE DECLARATION DES SOUS-PROGRAMMES
  83                             ;
  84                             ;*************************************************************
                                 ;***********
  85                             
  86                             init_port_spi:  
  87  E0FD   A60C                          ld       a,#$0C
  88  E0FF   B732                          ld       SPICR,a
  89  E101   A603                          ld       a,#$03
  90  E103   B733                          ld       SPISR,a
  91  E105   A65C                          ld       a,#$5C
  92  E107   B732                          ld       SPICR,a
  93                                       
  94  E109   B604                          LD       A,PBDDR       ;init PBDDR dire quoi est en 
                                                                  ;push/pull etc
STMicroelectronics assembler v4.49   (C)1987-2016   Wed May 04 15:58:39 2016
Page 7  "c6e4.ASM"
                                               e:\TP\c7e2\c7e2.asm

  95  E10B   AA04                          OR       A,#%00000100
  96  E10D   B704                          LD       PBDDR,A
  97                                       
  98  E10F   B605                          LD       A,PBOR        ;init PBOR
  99  E111   AA04                          OR       A,#%00000100
 100  E113   B705                          LD       PBOR,A
 101  E115   81                            RET      
 102                             
 103                             ;----------------------------------------------------------;
 104                             
 105                             init_chrono:  
 106  E116   3F88                          clr      valeurUnite
 107  E118   3F89                          clr      valeurDizaine
 108  E11A   3F8A                          clr      retenue
 109  E11C   81                            ret      
 110                             
 111                             ;----------------------------------------------------------;
 112                             
 113                             init_aff:  
 114  E11D   CDE010                        call     MAX7219_Init
 115  E120   CDE081                        call     MAX7219_Clear
 116  E123   81                            ret      
 117                             
 118                             ;----------------------------------------------------------;
 119                             
 120                             inc_aff:  
 121  E124   B688                          ld       a,valeurUnite
 122                                                              ;--- if(a == 9) ---
 123  E126   A109                          cp       a,#9
 124  E128   260A                          jrne     inc_u
 125                                                              ;--- then{ ---
 126  E12A   3F88                          clr      valeurUnite
 127  E12C   BE8A                          ld       x,retenue
 128  E12E   5C                            inc      x
 129  E12F   BF8A                          ld       retenue, x
 130  E131   CCE137                        jp       n_inc_u
 131                                                              ;--- }end_then ---
 132                                                              ;--- else{ ---
 133                             inc_u     
 134  E134   4C                            inc      a
 135  E135   B788                          ld       valeurUnite, a
 136                                                              ;--- }end_else ---
 137                                       
 138                             n_inc_u   
 139  E137   BE8A                          ld       x,retenue
 140                                                              ;--- if(x != 0) ---
 141  E139   A300                          cp       x,#0
 142  E13B   2713                          jreq     n_inc_d
 143                                                              ;--- then{ ---
 144  E13D   B689                          ld       a,valeurDizaine
 145                                                              ;--- if(a == 9) ---
 146  E13F   A109                          cp       a,#9
 147  E141   2607                          jrne     inc_d
 148                                                              ;--- then{ ---
 149  E143   3F89                          clr      valeurDizaine
 150  E145   3F8A                          clr      retenue
 151  E147   CCE150                        jp       n_inc_d
STMicroelectronics assembler v4.49   (C)1987-2016   Wed May 04 15:58:39 2016
Page 8  "c6e4.ASM"
                                               e:\TP\c7e2\c7e2.asm

 152                                                              ;--- }end_then ---
 153                                                              ;--- else{ ---
 154                             inc_d     
 155  E14A   BB8A                          add      a,retenue
 156  E14C   B789                          ld       valeurDizaine, a
 157                                                              ;--- }end_else ---
 158  E14E   3F8A                          clr      retenue
 159                                                              ;-- }end_then ---
 160                             n_inc_d   
 161                                       
 162  E150   81                            ret      
 163                             
 164                             ;----------------------------------------------------------;
 165                             
 166                             aff_u:    
 167  E151   A604                          ld       a,#4
 168  E153   B781                          ld       DisplayChar_Digit,a
 169  E155   B688                          ld       a, valeurUnite
 170  E157   B782                          ld       DisplayChar_Character,a
 171  E159   CDE092                        call     MAX7219_DisplayChar
 172  E15C   81                            ret      
 173                             
 174                             ;----------------------------------------------------------;
 175                             
 176                             aff_d:    
 177  E15D   A603                          ld       a,#3
 178  E15F   B781                          ld       DisplayChar_Digit,a
 179  E161   B689                          ld       a, valeurDizaine
 180  E163   B782                          ld       DisplayChar_Character,a
 181  E165   CDE092                        call     MAX7219_DisplayChar
 182  E168   81                            ret      
 183                             
 184                             ;----------------------------------------------------------;
 185                             
 186                             tempo:    
 187                             initBoucle1:  
 188  E169   5F                            CLR      X
 189                             boucle1:  
 190  E16A   5C                            INC      X
 191  E16B   CDE173                        CALL     initBoucle2
 192  E16E   A3C1                          CP       X,#193
 193  E170   26F8                          JRNE     boucle1
 194  E172   81                            RET      
 195                             initBoucle2:  
 196  E173   905F                          CLR      Y
 197                             boucle2:  
 198  E175   905C                          INC      Y
 199  E177   90A3C2                        CP       Y,#194
 200  E17A   26F9                          JRNE     boucle2
 201  E17C   81                            RET      
 202                             
 203                             ;*************************************************************
                                 ;***********
 204                             ;
 205                             ;  FIN DE LA ZONE DE DECLARATION DES SOUS-PROGRAMMES
 206                             ;
 207                             ;*************************************************************
STMicroelectronics assembler v4.49   (C)1987-2016   Wed May 04 15:58:39 2016
Page 9  "c6e4.ASM"
                                               e:\TP\c7e2\c7e2.asm

                                 ;***********
 208                             
 209                             
 210                             ;*************************************************************
                                 ;***********
 211                             ;
 212                             ;  PROGRAMME PRINCIPAL
 213                             ;
 214                             ;*************************************************************
                                 ;***********
 215                             
 216                             main:     
 217  E17D   9C                            RSP                    ; Reset Stack Pointer
 218  E17E   9A                            RIM      
 219  E17F   CDE0FD                        call     init_port_spi
 220  E182   CDE11D                        call     init_aff
 221  E185   CDE116                        call     init_chrono
 222                                       
 223                             boucl     
 224  E188   CDE151                        call     aff_u
 225  E18B   CDE15D                        call     aff_d
 226                                       
 227  E18E   B68B                          ld       A,running
 228  E190   A100                          cp       A,#0
 229  E192   2703                          JREQ     skip_aff      
 230                                       
 231  E194   CDE124                        call     inc_aff
 232                             
 233                             skip_aff:  
 234  E197   CDE169                        call     tempo
 235                             
 236  E19A   CCE188                        JP       boucl
 237                             
 238                             ;*************************************************************
                                 ;***********
 239                             ;
 240                             ;  ZONE DE DECLARATION DES SOUS-PROGRAMMES D'INTERRUPTION
 241                             ;
 242                             ;*************************************************************
                                 ;***********
 243                             
 244                             
 245  E19D   80                  dummy_rt:  IRET                   ; Procédure vide : retour au 
                                                                  ;programme principal.
 246                             
 247                             
 248                             
 249                             ;*************************************************************
                                 ;***********
 250                             ;
 251                             ;  ZONE DE DECLARATION DES VECTEURS D'INTERRUPTION
 252                             ;
 253                             ;*************************************************************
                                 ;***********
 254                             
 255                             
 256                                       segment  'vectit'
STMicroelectronics assembler v4.49   (C)1987-2016   Wed May 04 15:58:39 2016
Page 10  "c6e4.ASM"
                                               e:\TP\c7e2\c7e2.asm

 257                             
 258                             
 259  FFE0   E19D                          DC.W     dummy_rt      ; Adresse FFE0-FFE1h
 260  FFE2   E19D                SPI_it    DC.W     dummy_rt      ; Adresse FFE2-FFE3h
 261  FFE4   E19D                lt_RTC1_it  DC.W     dummy_rt      ; Adresse FFE4-FFE5h
 262  FFE6   E19D                lt_IC_it  DC.W     dummy_rt      ; Adresse FFE6-FFE7h
 263  FFE8   E19D                at_timerover_it  DC.W     dummy_rt      ; Adresse FFE8-FFE9h
 264  FFEA   E19D                at_timerOC_it  DC.W     dummy_rt      ; Adresse FFEA-FFEBh
 265  FFEC   E19D                AVD_it    DC.W     dummy_rt      ; Adresse FFEC-FFEDh
 266  FFEE   E19D                          DC.W     dummy_rt      ; Adresse FFEE-FFEFh
 267  FFF0   E19D                lt_RTC2_it  DC.W     dummy_rt      ; Adresse FFF0-FFF1h
 268  FFF2   E19D                ext3_it   DC.W     dummy_rt      ; Adresse FFF2-FFF3h
 269  FFF4   E19D                ext2_it   DC.W     dummy_rt      ; Adresse FFF4-FFF5h
 270  FFF6   E19D                ext1_it   DC.W     dummy_rt      ; Adresse FFF6-FFF7h
 271  FFF8   E19D                ext0_it   DC.W     dummy_rt      ; Adresse FFF8-FFF9h
 272  FFFA   E19D                AWU_it    DC.W     dummy_rt      ; Adresse FFFA-FFFBh
 273  FFFC   E19D                softit    DC.W     dummy_rt      ; Adresse FFFC-FFFDh
 274  FFFE   E17D                reset     DC.W     main          ; Adresse FFFE-FFFFh
 275                             
 276                             
 277  0000                                 END      
STMicroelectronics assembler v4.49   (C)1987-2016   Wed May 04 15:58:39 2016
Page 11  "c6e4.ASM"
                                               e:\TP\c7e2\c7e2.asm

Symbol Name                       Value     Call       Type  Scope      Rel.  Line  Privacy  Segment   Size  Bytes File

ATCSR                                   0D         no  BYTE  Internal   ABS     33  private  data         0     0  e:\TP\c7e2\ST7Lite2.INC
ATRH                                    10         no  BYTE  Internal   ABS     36  private  data         0     0  e:\TP\c7e2\ST7Lite2.INC
ATRL                                    11         no  BYTE  Internal   ABS     37  private  data         0     0  e:\TP\c7e2\ST7Lite2.INC
ATICRH                                  1F         no  BYTE  Internal   ABS     51  private  data         0     0  e:\TP\c7e2\ST7Lite2.INC
ATICRL                                  20         no  BYTE  Internal   ABS     52  private  data         0     0  e:\TP\c7e2\ST7Lite2.INC
ADCCSR                                  34         no  BYTE  Internal   ABS     87  private  data         0     0  e:\TP\c7e2\ST7Lite2.INC
ADCDRH                                  35         no  BYTE  Internal   ABS     88  private  data         0     0  e:\TP\c7e2\ST7Lite2.INC
ADCDRL                                  36         no  BYTE  Internal   ABS     89  private  data         0     0  e:\TP\c7e2\ST7Lite2.INC
AWUPR                                   49         no  BYTE  Internal   ABS    131  private  data         0     0  e:\TP\c7e2\ST7Lite2.INC
AWUCSR                                  4A         no  BYTE  Internal   ABS    132  private  data         0     0  e:\TP\c7e2\ST7Lite2.INC
AVD_it                                FFEC         no  WORD  Internal   ABS    265  private  data         4     2  -
AWU_it                                FFFA         no  WORD  Internal   ABS    272  private  data         2     2  -

BREAKCR                                 22         no  BYTE  Internal   ABS     54  private  data         0     0  e:\TP\c7e2\ST7Lite2.INC

CNTRH                                   0E         no  BYTE  Internal   ABS     34  private  data         0     0  e:\TP\c7e2\ST7Lite2.INC
CNTRL                                   0F         no  BYTE  Internal   ABS     35  private  data         0     0  e:\TP\c7e2\ST7Lite2.INC

DCR0H                                   17         no  BYTE  Internal   ABS     43  private  data         0     0  e:\TP\c7e2\ST7Lite2.INC
DCR0L                                   18         no  BYTE  Internal   ABS     44  private  data         0     0  e:\TP\c7e2\ST7Lite2.INC
DCR1H                                   19         no  BYTE  Internal   ABS     45  private  data         0     0  e:\TP\c7e2\ST7Lite2.INC
DCR1L                                   1A         no  BYTE  Internal   ABS     46  private  data         0     0  e:\TP\c7e2\ST7Lite2.INC
DCR2H                                   1B         no  BYTE  Internal   ABS     47  private  data         0     0  e:\TP\c7e2\ST7Lite2.INC
DCR2L                                   1C         no  BYTE  Internal   ABS     48  private  data         0     0  e:\TP\c7e2\ST7Lite2.INC
DCR3H                                   1D         no  BYTE  Internal   ABS     49  private  data         0     0  e:\TP\c7e2\ST7Lite2.INC
DCR3L                                   1E         no  BYTE  Internal   ABS     50  private  data         0     0  e:\TP\c7e2\ST7Lite2.INC
DCMCLK                                  40         no  BYTE  Internal   ABS    120  private  data         0     0  e:\TP\c7e2\ST7Lite2.INC
DCMFA                                   41         no  BYTE  Internal   ABS    121  private  data         0     0  e:\TP\c7e2\ST7Lite2.INC
DCMFD                                   42         no  BYTE  Internal   ABS    122  private  data         0     0  e:\TP\c7e2\ST7Lite2.INC
DCMBD                                   43         no  BYTE  Internal   ABS    123  private  data         0     0  e:\TP\c7e2\ST7Lite2.INC
DCMCR                                   44         no  BYTE  Internal   ABS    124  private  data         0     0  e:\TP\c7e2\ST7Lite2.INC
DCMCSR                                  45         no  BYTE  Internal   ABS    125  private  data         0     0  e:\TP\c7e2\ST7Lite2.INC
DMCR                                    4B         no  BYTE  Internal   ABS    138  private  data         0     0  e:\TP\c7e2\ST7Lite2.INC
DMSR                                    4C         no  BYTE  Internal   ABS    139  private  data         0     0  e:\TP\c7e2\ST7Lite2.INC
DMBK1H                                  4D         no  BYTE  Internal   ABS    140  private  data         0     0  e:\TP\c7e2\ST7Lite2.INC
DMBK1L                                  4E         no  BYTE  Internal   ABS    141  private  data         0     0  e:\TP\c7e2\ST7Lite2.INC
DMBK2H                                  4F         no  BYTE  Internal   ABS    142  private  data         0     0  e:\TP\c7e2\ST7Lite2.INC
DMBK2L                                  50         no  BYTE  Internal   ABS    143  private  data         0     0  e:\TP\c7e2\ST7Lite2.INC
DisplayChar_Digit                       81         no  BYTE  Internal   ABS     18  private  data         0     0  e:\TP\c7e2\MAX7219.INC
DisplayChar_Character                   82         no  BYTE  Internal   ABS     18  private  data         0     0  e:\TP\c7e2\MAX7219.INC

EECSR                                   30         no  BYTE  Internal   ABS     73  private  data         0     0  e:\TP\c7e2\ST7Lite2.INC
EICR                                    37         no  BYTE  Internal   ABS     95  private  data         0     0  e:\TP\c7e2\ST7Lite2.INC
EISR                                    3C         no  BYTE  Internal   ABS    114  private  data         0     0  e:\TP\c7e2\ST7Lite2.INC

FCSR                                    2F         no  BYTE  Internal   ABS     67  private  data         0     0  e:\TP\c7e2\ST7Lite2.INC

LTCSR2                                  08         no  BYTE  Internal   ABS     23  private  data         0     0  e:\TP\c7e2\ST7Lite2.INC
LTCARR                                  09         no  BYTE  Internal   ABS     24  private  data         0     0  e:\TP\c7e2\ST7Lite2.INC
LTCNTR                                  0A         no  BYTE  Internal   ABS     25  private  data         0     0  e:\TP\c7e2\ST7Lite2.INC
LTCSR1                                  0B         no  BYTE  Internal   ABS     26  private  data         0     0  e:\TP\c7e2\ST7Lite2.INC
LTICR                                   0C         no  BYTE  Internal   ABS     27  private  data         0     0  e:\TP\c7e2\ST7Lite2.INC

MCCSR                                   38         no  BYTE  Internal   ABS    101  private  data         0     0  e:\TP\c7e2\ST7Lite2.INC
MAX7219_Init                          E010         no  WORD  Internal   ABS      9  private  data         0     0  e:\TP\c7e2\MAX7219.INC
STMicroelectronics assembler v4.49   (C)1987-2016   Wed May 04 15:58:39 2016
Page 12  "c6e4.ASM"
                                               e:\TP\c7e2\c7e2.asm

MAX7219_ShutdownStart                 E039         no  WORD  Internal   ABS     10  private  data         0     0  e:\TP\c7e2\MAX7219.INC
MAX7219_ShutdownStop                  E047         no  WORD  Internal   ABS     11  private  data         0     0  e:\TP\c7e2\MAX7219.INC
MAX7219_DisplayTestStart              E055         no  WORD  Internal   ABS     12  private  data         0     0  e:\TP\c7e2\MAX7219.INC
MAX7219_DisplayTestStop               E063         no  WORD  Internal   ABS     13  private  data         0     0  e:\TP\c7e2\MAX7219.INC
MAX7219_SetBrightness                 E071         no  WORD  Internal   ABS     14  private  data         0     0  e:\TP\c7e2\MAX7219.INC
MAX7219_Clear                         E081         no  WORD  Internal   ABS     15  private  data         0     0  e:\TP\c7e2\MAX7219.INC
MAX7219_AllumePoint                   E0A7         no  WORD  Internal   ABS     16  private  data         0     0  e:\TP\c7e2\MAX7219.INC
MAX7219_AfficheP                      E0B5         no  WORD  Internal   ABS     17  private  data         0     0  e:\TP\c7e2\MAX7219.INC
MAX7219_DisplayChar                   E092         no  WORD  Internal   ABS     18  private  data         0     0  e:\TP\c7e2\MAX7219.INC

PADR                                    00         no  BYTE  Internal   ABS     11  private  data         0     0  e:\TP\c7e2\ST7Lite2.INC
PADDR                                   01         no  BYTE  Internal   ABS     12  private  data         0     0  e:\TP\c7e2\ST7Lite2.INC
PAOR                                    02         no  BYTE  Internal   ABS     13  private  data         0     0  e:\TP\c7e2\ST7Lite2.INC
PBDR                                    03         no  BYTE  Internal   ABS     15  private  data         0     0  e:\TP\c7e2\ST7Lite2.INC
PBDDR                                   04         no  BYTE  Internal   ABS     16  private  data         0     0  e:\TP\c7e2\ST7Lite2.INC
PBOR                                    05         no  BYTE  Internal   ABS     17  private  data         0     0  e:\TP\c7e2\ST7Lite2.INC
PWMCR                                   12         no  BYTE  Internal   ABS     38  private  data         0     0  e:\TP\c7e2\ST7Lite2.INC
PWM0CSR                                 13         no  BYTE  Internal   ABS     39  private  data         0     0  e:\TP\c7e2\ST7Lite2.INC
PWM1CSR                                 14         no  BYTE  Internal   ABS     40  private  data         0     0  e:\TP\c7e2\ST7Lite2.INC
PWM2CSR                                 15         no  BYTE  Internal   ABS     41  private  data         0     0  e:\TP\c7e2\ST7Lite2.INC
PWM3CSR                                 16         no  BYTE  Internal   ABS     42  private  data         0     0  e:\TP\c7e2\ST7Lite2.INC

RCCR                                    39         no  BYTE  Internal   ABS    107  private  data         0     0  e:\TP\c7e2\ST7Lite2.INC

SPIDR                                   31         no  BYTE  Internal   ABS     79  private  data         0     0  e:\TP\c7e2\ST7Lite2.INC
SPICR                                   32         no  BYTE  Internal   ABS     80  private  data         0     0  e:\TP\c7e2\ST7Lite2.INC
SPISR                                   33         no  BYTE  Internal   ABS     81  private  data         0     0  e:\TP\c7e2\ST7Lite2.INC
SICSR                                   3A         no  BYTE  Internal   ABS    108  private  data         0     0  e:\TP\c7e2\ST7Lite2.INC
SetBrightness_Bright                    80         no  BYTE  Internal   ABS     14  private  data         0     0  e:\TP\c7e2\MAX7219.INC
SPI_it                                FFE2         no  WORD  Internal   ABS    260  private  data         2     2  -

TRANCR                                  21         no  BYTE  Internal   ABS     53  private  data         0     0  e:\TP\c7e2\ST7Lite2.INC

WDGCR                                   2E         no  BYTE  Internal   ABS     60  private  data         0     0  e:\TP\c7e2\ST7Lite2.INC

aff_u                                 E151         no  WORD  Internal   ABS    166  private  text        12     0  -
aff_d                                 E15D         no  WORD  Internal   ABS    176  private  text        12     0  -
at_timerover_it                       FFE8         no  WORD  Internal   ABS    263  private  data         2     2  -
at_timerOC_it                         FFEA         no  WORD  Internal   ABS    264  private  data         2     2  -

boucle1                               E16A         no  WORD  Internal   ABS    189  private  text         9     0  -
boucle2                               E175         no  WORD  Internal   ABS    197  private  text         8     0  -
boucl                                 E188         no  WORD  Internal   ABS    223  private  text        15     0  -

dummy_rt                              E19D         no  WORD  Internal   ABS    245  private  text         1     0  -

ext3_it                               FFF2         no  WORD  Internal   ABS    268  private  data         2     2  -
ext2_it                               FFF4         no  WORD  Internal   ABS    269  private  data         2     2  -
ext1_it                               FFF6         no  WORD  Internal   ABS    270  private  data         2     2  -
ext0_it                               FFF8         no  WORD  Internal   ABS    271  private  data         2     2  -

init_port_spi                         E0FD         no  WORD  Internal   ABS     86  private  text        25     0  -
init_chrono                           E116         no  WORD  Internal   ABS    105  private  text         7     0  -
init_aff                              E11D         no  WORD  Internal   ABS    113  private  text         7     0  -
inc_aff                               E124         no  WORD  Internal   ABS    120  private  text        16     0  -
inc_u                                 E134         no  WORD  Internal   ABS    133  private  text         3     0  -
inc_d                                 E14A         no  WORD  Internal   ABS    154  private  text         6     0  -
STMicroelectronics assembler v4.49   (C)1987-2016   Wed May 04 15:58:39 2016
Page 13  "c6e4.ASM"
                                               e:\TP\c7e2\c7e2.asm

initBoucle1                           E169         no  WORD  Internal   ABS    187  private  text         1     0  -
initBoucle2                           E173         no  WORD  Internal   ABS    195  private  text         2     0  -

lt_RTC1_it                            FFE4         no  WORD  Internal   ABS    261  private  data         2     2  -
lt_IC_it                              FFE6         no  WORD  Internal   ABS    262  private  data         2     2  -
lt_RTC2_it                            FFF0         no  WORD  Internal   ABS    267  private  data         2     2  -

main                                  E17D         no  WORD  Internal   ABS    216  private  text        11     0  -

n_inc_u                               E137         no  WORD  Internal   ABS    138  private  text        19     0  -
n_inc_d                               E150         no  WORD  Internal   ABS    160  private  text         1     0  -

retenue                                 8A         no  BYTE  Internal   ABS     48  private  bss          1     1  -
running                                 8B         no  BYTE  Internal   ABS     49  private  bss          1     1  -
reset                                 FFFE         no  WORD  Internal   ABS    274  private  data         2     2  -

skip_aff                              E197         no  WORD  Internal   ABS    233  private  text         6     0  -
softit                                FFFC         no  WORD  Internal   ABS    273  private  data         2     2  -

tempo                                 E169         no  WORD  Internal   ABS    186  private  text         1     0  -

valeurUnite                             88         no  BYTE  Internal   ABS     46  private  bss          1     1  -
valeurDizaine                           89         no  BYTE  Internal   ABS     47  private  bss          1     1  -


111 labels
No errors on assembly of 'e:\TP\c7e2\c7e2.asm'