No errors on assembly of 'e:\TP\c8e3\mapping.asm'
No errors on assembly of 'e:\TP\c8e3\mapping.asm'
No errors on assembly of 'e:\TP\c8e3\st7lite2.asm'
No errors on assembly of 'e:\TP\c8e3\st7lite2.asm'
e:\TP\c8e3\c8e3.asm(102): as1 : Error 54: Can't match Addressing mode '	LD	ATCSR,#$10;ATCSR = $10 (horloge timer = horloge CPU)'
e:\TP\c8e3\c8e3.asm(103): as1 : Error 54: Can't match Addressing mode '	LD	ATRH,#0;ATRH : 4 bits MSB de la valeur de ATR,'
e:\TP\c8e3\c8e3.asm(104): as1 : Error 54: Can't match Addressing mode '	LD	ATRL,atr;ATRL : 8 bits LSB de la valeur de ATR,'
3 errors on assembly of 'e:\TP\c8e3\c8e3.asm'
e:\TP\c8e3\c8e3.asm(102): as1 : Error 54: Can't match Addressing mode '	LD	ATCSR,#$10;ATCSR = $10 (horloge timer = horloge CPU)'
e:\TP\c8e3\c8e3.asm(103): as1 : Error 54: Can't match Addressing mode '	LD	ATRH,#0;ATRH : 4 bits MSB de la valeur de ATR,'
e:\TP\c8e3\c8e3.asm(104): as1 : Error 54: Can't match Addressing mode '	LD	ATRL,atr;ATRL : 8 bits LSB de la valeur de ATR,'
3 errors on assembly of 'e:\TP\c8e3\c8e3.asm'
No errors on assembly of 'e:\TP\c8e3\mapping.asm'
No errors on assembly of 'e:\TP\c8e3\mapping.asm'
No errors on assembly of 'e:\TP\c8e3\st7lite2.asm'
No errors on assembly of 'e:\TP\c8e3\st7lite2.asm'
e:\TP\c8e3\c8e3.asm(102): as1 : Error 54: Can't match Addressing mode '	LD	ATCSR,#$10;ATCSR = $10 (horloge timer = horloge CPU)'
e:\TP\c8e3\c8e3.asm(105): as1 : Error 54: Can't match Addressing mode '	LD	ATRL,atr;ATRL : 8 bits LSB de la valeur de ATR,'
2 errors on assembly of 'e:\TP\c8e3\c8e3.asm'
e:\TP\c8e3\c8e3.asm(102): as1 : Error 54: Can't match Addressing mode '	LD	ATCSR,#$10;ATCSR = $10 (horloge timer = horloge CPU)'
e:\TP\c8e3\c8e3.asm(105): as1 : Error 54: Can't match Addressing mode '	LD	ATRL,atr;ATRL : 8 bits LSB de la valeur de ATR,'
2 errors on assembly of 'e:\TP\c8e3\c8e3.asm'
No errors on assembly of 'e:\TP\c8e3\mapping.asm'
No errors on assembly of 'e:\TP\c8e3\mapping.asm'
No errors on assembly of 'e:\TP\c8e3\st7lite2.asm'
No errors on assembly of 'e:\TP\c8e3\st7lite2.asm'
e:\TP\c8e3\c8e3.asm(102): as1 : Error 54: Can't match Addressing mode '	LD	ATCSR,#$10;ATCSR = $10 (horloge timer = horloge CPU)'
e:\TP\c8e3\c8e3.asm(103): as1 : Error 54: Can't match Addressing mode '	LD	ATRH,#0;ATRH : 4 bits MSB de la valeur de ATR,'
e:\TP\c8e3\c8e3.asm(104): as1 : Error 54: Can't match Addressing mode '	LD	ATRL,atr;ATRL : 8 bits LSB de la valeur de ATR,'
3 errors on assembly of 'e:\TP\c8e3\c8e3.asm'
e:\TP\c8e3\c8e3.asm(102): as1 : Error 54: Can't match Addressing mode '	LD	ATCSR,#$10;ATCSR = $10 (horloge timer = horloge CPU)'
e:\TP\c8e3\c8e3.asm(103): as1 : Error 54: Can't match Addressing mode '	LD	ATRH,#0;ATRH : 4 bits MSB de la valeur de ATR,'
e:\TP\c8e3\c8e3.asm(104): as1 : Error 54: Can't match Addressing mode '	LD	ATRL,atr;ATRL : 8 bits LSB de la valeur de ATR,'
3 errors on assembly of 'e:\TP\c8e3\c8e3.asm'
No errors on assembly of 'e:\TP\c8e3\mapping.asm'
No errors on assembly of 'e:\TP\c8e3\mapping.asm'
No errors on assembly of 'e:\TP\c8e3\st7lite2.asm'
No errors on assembly of 'e:\TP\c8e3\st7lite2.asm'
e:\TP\c8e3\c8e3.asm(106): as1 : Error 54: Can't match Addressing mode '	LD	ATRL,atr;ATRL : 8 bits LSB de la valeur de ATR,'
1 error on assembly of 'e:\TP\c8e3\c8e3.asm'
e:\TP\c8e3\c8e3.asm(106): as1 : Error 54: Can't match Addressing mode '	LD	ATRL,atr;ATRL : 8 bits LSB de la valeur de ATR,'
1 error on assembly of 'e:\TP\c8e3\c8e3.asm'
No errors on assembly of 'e:\TP\c8e3\mapping.asm'
No errors on assembly of 'e:\TP\c8e3\mapping.asm'
No errors on assembly of 'e:\TP\c8e3\st7lite2.asm'
No errors on assembly of 'e:\TP\c8e3\st7lite2.asm'
No errors on assembly of 'e:\TP\c8e3\c8e3.asm'
No errors on assembly of 'e:\TP\c8e3\c8e3.asm'
No errors on assembly of 'e:\TP\c8e3\mapping.asm'
No errors on assembly of 'e:\TP\c8e3\st7lite2.asm'
No errors on assembly of 'e:\TP\c8e3\c8e3.asm'
No errors on assembly of 'e:\TP\c8e3\mapping.asm'
No errors on assembly of 'e:\TP\c8e3\mapping.asm'
No errors on assembly of 'e:\TP\c8e3\st7lite2.asm'
No errors on assembly of 'e:\TP\c8e3\st7lite2.asm'
e:\TP\c8e3\c8e3.asm(112): as1 : Error 54: Can't match Addressing mode '	LD	PWMCR,$01;PWMCR = $01 (sortie PWM0 sélectionnée),'
e:\TP\c8e3\c8e3.asm(114): as1 : Error 54: Can't match Addressing mode '	LD	A,'
e:\TP\c8e3\c8e3.asm(119): as1 : Error 54: Can't match Addressing mode '	LD TRANCR,#1'
3 errors on assembly of 'e:\TP\c8e3\c8e3.asm'
e:\TP\c8e3\c8e3.asm(112): as1 : Error 54: Can't match Addressing mode '	LD	PWMCR,$01;PWMCR = $01 (sortie PWM0 sélectionnée),'
e:\TP\c8e3\c8e3.asm(114): as1 : Error 54: Can't match Addressing mode '	LD	A,'
e:\TP\c8e3\c8e3.asm(119): as1 : Error 54: Can't match Addressing mode '	LD TRANCR,#1'
3 errors on assembly of 'e:\TP\c8e3\c8e3.asm'
No errors on assembly of 'e:\TP\c8e3\mapping.asm'
No errors on assembly of 'e:\TP\c8e3\mapping.asm'
No errors on assembly of 'e:\TP\c8e3\st7lite2.asm'
No errors on assembly of 'e:\TP\c8e3\st7lite2.asm'
e:\TP\c8e3\c8e3.asm(118): as1 : Error 54: Can't match Addressing mode '	LD	A,#'
e:\TP\c8e3\c8e3.asm(119): as1 : Error 67: Improper Character(s) '#;DCR0H : 4 MSB de la valeur de DCR,'
e:\TP\c8e3\c8e3.asm(121): as1 : Error 54: Can't match Addressing mode '	LD	A,#'
e:\TP\c8e3\c8e3.asm(122): as1 : Error 67: Improper Character(s) '#;DCR0L : 8 LSB de la valeur de DCR.'
e:\TP\c8e3\c8e3.asm(124): as1 : Error 54: Can't match Addressing mode '	LD TRANCR,#1'
5 errors on assembly of 'e:\TP\c8e3\c8e3.asm'
e:\TP\c8e3\c8e3.asm(118): as1 : Error 54: Can't match Addressing mode '	LD	A,#'
e:\TP\c8e3\c8e3.asm(119): as1 : Error 67: Improper Character(s) '#;DCR0H : 4 MSB de la valeur de DCR,'
e:\TP\c8e3\c8e3.asm(121): as1 : Error 54: Can't match Addressing mode '	LD	A,#'
e:\TP\c8e3\c8e3.asm(122): as1 : Error 67: Improper Character(s) '#;DCR0L : 8 LSB de la valeur de DCR.'
e:\TP\c8e3\c8e3.asm(124): as1 : Error 54: Can't match Addressing mode '	LD TRANCR,#1'
e:\TP\c8e3\c8e3.asm(115): as2 : Error 46: Illegal undefined label 'PWMOCSR,A;PWM0CSR = $00 (si OP0 = 0) ou $02 (si OP0 = 1),'
e:\TP\c8e3\c8e3.asm(119): as2 : Error 46: Illegal undefined label 'DCROH,#;DCR0H : 4 MSB de la valeur de DCR,'
e:\TP\c8e3\c8e3.asm(122): as2 : Error 46: Illegal undefined label 'DCROH,#;DCR0L : 8 LSB de la valeur de DCR.'
8 errors on assembly of 'e:\TP\c8e3\c8e3.asm'
No errors on assembly of 'e:\TP\c8e3\mapping.asm'
No errors on assembly of 'e:\TP\c8e3\mapping.asm'
No errors on assembly of 'e:\TP\c8e3\st7lite2.asm'
No errors on assembly of 'e:\TP\c8e3\st7lite2.asm'
e:\TP\c8e3\c8e3.asm(90): as1 : Error 67: Improper Character(s) '#;DCR0H : 4 MSB de la valeur de DCR,'
e:\TP\c8e3\c8e3.asm(93): as1 : Error 67: Improper Character(s) '#;DCR0L : 8 LSB de la valeur de DCR.'
e:\TP\c8e3\c8e3.asm(95): as1 : Error 54: Can't match Addressing mode '	LD TRANCR,#1;prise en compte'
e:\TP\c8e3\c8e3.asm(109): as1 : Error 67: Improper Character(s) '#;DCR0H : 4 MSB de la valeur de DCR,'
e:\TP\c8e3\c8e3.asm(112): as1 : Error 67: Improper Character(s) '#;DCR0L : 8 LSB de la valeur de DCR.'
e:\TP\c8e3\c8e3.asm(114): as1 : Error 54: Can't match Addressing mode '	LD TRANCR,#1;prise en compte'
6 errors on assembly of 'e:\TP\c8e3\c8e3.asm'
e:\TP\c8e3\c8e3.asm(90): as1 : Error 67: Improper Character(s) '#;DCR0H : 4 MSB de la valeur de DCR,'
e:\TP\c8e3\c8e3.asm(93): as1 : Error 67: Improper Character(s) '#;DCR0L : 8 LSB de la valeur de DCR.'
e:\TP\c8e3\c8e3.asm(95): as1 : Error 54: Can't match Addressing mode '	LD TRANCR,#1;prise en compte'
e:\TP\c8e3\c8e3.asm(109): as1 : Error 67: Improper Character(s) '#;DCR0H : 4 MSB de la valeur de DCR,'
e:\TP\c8e3\c8e3.asm(112): as1 : Error 67: Improper Character(s) '#;DCR0L : 8 LSB de la valeur de DCR.'
e:\TP\c8e3\c8e3.asm(114): as1 : Error 54: Can't match Addressing mode '	LD TRANCR,#1;prise en compte'
e:\TP\c8e3\c8e3.asm(90): as2 : Error 46: Illegal undefined label 'DCROH,#;DCR0H : 4 MSB de la valeur de DCR,'
e:\TP\c8e3\c8e3.asm(93): as2 : Error 46: Illegal undefined label 'DCROH,#;DCR0L : 8 LSB de la valeur de DCR.'
e:\TP\c8e3\c8e3.asm(109): as2 : Error 46: Illegal undefined label 'DCROH,#;DCR0H : 4 MSB de la valeur de DCR,'
e:\TP\c8e3\c8e3.asm(112): as2 : Error 46: Illegal undefined label 'DCROH,#;DCR0L : 8 LSB de la valeur de DCR.'
e:\TP\c8e3\c8e3.asm(141): as2 : Error 46: Illegal undefined label 'PWMOCSR,A;PWM0CSR = $00 (si OP0 = 0) ou $02 (si OP0 = 1),'
e:\TP\c8e3\c8e3.asm(143): as2 : Error 46: Illegal undefined label 'pwmq1'
12 errors on assembly of 'e:\TP\c8e3\c8e3.asm'
No errors on assembly of 'e:\TP\c8e3\mapping.asm'
No errors on assembly of 'e:\TP\c8e3\mapping.asm'
No errors on assembly of 'e:\TP\c8e3\st7lite2.asm'
No errors on assembly of 'e:\TP\c8e3\st7lite2.asm'
e:\TP\c8e3\c8e3.asm(90): as1 : Error 67: Improper Character(s) '#;DCR0H : 4 MSB de la valeur de DCR,'
e:\TP\c8e3\c8e3.asm(93): as1 : Error 67: Improper Character(s) '#;DCR0L : 8 LSB de la valeur de DCR.'
e:\TP\c8e3\c8e3.asm(95): as1 : Error 54: Can't match Addressing mode '	LD TRANCR,#1;prise en compte'
e:\TP\c8e3\c8e3.asm(109): as1 : Error 67: Improper Character(s) '#;DCR0H : 4 MSB de la valeur de DCR,'
e:\TP\c8e3\c8e3.asm(112): as1 : Error 67: Improper Character(s) '#;DCR0L : 8 LSB de la valeur de DCR.'
e:\TP\c8e3\c8e3.asm(114): as1 : Error 54: Can't match Addressing mode '	LD TRANCR,#1;prise en compte'
6 errors on assembly of 'e:\TP\c8e3\c8e3.asm'
e:\TP\c8e3\c8e3.asm(90): as1 : Error 67: Improper Character(s) '#;DCR0H : 4 MSB de la valeur de DCR,'
e:\TP\c8e3\c8e3.asm(93): as1 : Error 67: Improper Character(s) '#;DCR0L : 8 LSB de la valeur de DCR.'
e:\TP\c8e3\c8e3.asm(95): as1 : Error 54: Can't match Addressing mode '	LD TRANCR,#1;prise en compte'
e:\TP\c8e3\c8e3.asm(109): as1 : Error 67: Improper Character(s) '#;DCR0H : 4 MSB de la valeur de DCR,'
e:\TP\c8e3\c8e3.asm(112): as1 : Error 67: Improper Character(s) '#;DCR0L : 8 LSB de la valeur de DCR.'
e:\TP\c8e3\c8e3.asm(114): as1 : Error 54: Can't match Addressing mode '	LD TRANCR,#1;prise en compte'
e:\TP\c8e3\c8e3.asm(141): as2 : Error 46: Illegal undefined label 'PWMOCSR,A;PWM0CSR = $00 (si OP0 = 0) ou $02 (si OP0 = 1),'
e:\TP\c8e3\c8e3.asm(143): as2 : Error 46: Illegal undefined label 'pwmq1'
8 errors on assembly of 'e:\TP\c8e3\c8e3.asm'
No errors on assembly of 'e:\TP\c8e3\mapping.asm'
No errors on assembly of 'e:\TP\c8e3\mapping.asm'
No errors on assembly of 'e:\TP\c8e3\st7lite2.asm'
No errors on assembly of 'e:\TP\c8e3\st7lite2.asm'
e:\TP\c8e3\c8e3.asm(95): as1 : Error 54: Can't match Addressing mode '	LD TRANCR,#1;prise en compte'
e:\TP\c8e3\c8e3.asm(114): as1 : Error 54: Can't match Addressing mode '	LD TRANCR,1;prise en compte'
2 errors on assembly of 'e:\TP\c8e3\c8e3.asm'
e:\TP\c8e3\c8e3.asm(95): as1 : Error 54: Can't match Addressing mode '	LD TRANCR,#1;prise en compte'
e:\TP\c8e3\c8e3.asm(114): as1 : Error 54: Can't match Addressing mode '	LD TRANCR,1;prise en compte'
e:\TP\c8e3\c8e3.asm(141): as2 : Error 46: Illegal undefined label 'PWMOCSR,A;PWM0CSR = $00 (si OP0 = 0) ou $02 (si OP0 = 1),'
e:\TP\c8e3\c8e3.asm(143): as2 : Error 46: Illegal undefined label 'pwmq1'
4 errors on assembly of 'e:\TP\c8e3\c8e3.asm'
No errors on assembly of 'e:\TP\c8e3\mapping.asm'
No errors on assembly of 'e:\TP\c8e3\mapping.asm'
No errors on assembly of 'e:\TP\c8e3\st7lite2.asm'
No errors on assembly of 'e:\TP\c8e3\st7lite2.asm'
No errors on assembly of 'e:\TP\c8e3\c8e3.asm'
e:\TP\c8e3\c8e3.asm(143): as2 : Error 46: Illegal undefined label 'PWMOCSR,A;PWM0CSR = $00 (si OP0 = 0) ou $02 (si OP0 = 1),'
e:\TP\c8e3\c8e3.asm(145): as2 : Error 46: Illegal undefined label 'pwmq1'
2 errors on assembly of 'e:\TP\c8e3\c8e3.asm'
No errors on assembly of 'e:\TP\c8e3\mapping.asm'
No errors on assembly of 'e:\TP\c8e3\mapping.asm'
No errors on assembly of 'e:\TP\c8e3\st7lite2.asm'
No errors on assembly of 'e:\TP\c8e3\st7lite2.asm'
No errors on assembly of 'e:\TP\c8e3\c8e3.asm'
e:\TP\c8e3\c8e3.asm(145): as2 : Error 46: Illegal undefined label 'pwmq1'
1 error on assembly of 'e:\TP\c8e3\c8e3.asm'
No errors on assembly of 'e:\TP\c8e3\mapping.asm'
No errors on assembly of 'e:\TP\c8e3\mapping.asm'
No errors on assembly of 'e:\TP\c8e3\st7lite2.asm'
No errors on assembly of 'e:\TP\c8e3\st7lite2.asm'
No errors on assembly of 'e:\TP\c8e3\c8e3.asm'
No errors on assembly of 'e:\TP\c8e3\c8e3.asm'
No errors on assembly of 'e:\TP\c8e3\mapping.asm'
No errors on assembly of 'e:\TP\c8e3\st7lite2.asm'
e:\TP\c8e3\c8e3.asm(36): as1 : Warning 73: Couldn't find entry for segment 'ram0' in Mapfile 'Debug\c8e3.map'
No errors on assembly of 'e:\TP\c8e3\c8e3.asm'
No errors on assembly of 'e:\TP\c8e3\mapping.asm'
No errors on assembly of 'e:\TP\c8e3\mapping.asm'
No errors on assembly of 'e:\TP\c8e3\st7lite2.asm'
No errors on assembly of 'e:\TP\c8e3\st7lite2.asm'
No errors on assembly of 'e:\TP\c8e3\c8e3.asm'
No errors on assembly of 'e:\TP\c8e3\c8e3.asm'
No errors on assembly of 'e:\TP\c8e3\mapping.asm'
No errors on assembly of 'e:\TP\c8e3\st7lite2.asm'
e:\TP\c8e3\c8e3.asm(36): as1 : Warning 73: Couldn't find entry for segment 'ram0' in Mapfile 'Debug\c8e3.map'
No errors on assembly of 'e:\TP\c8e3\c8e3.asm'
No errors on assembly of 'e:\TP\c8e3\mapping.asm'
No errors on assembly of 'e:\TP\c8e3\mapping.asm'
No errors on assembly of 'e:\TP\c8e3\st7lite2.asm'
No errors on assembly of 'e:\TP\c8e3\st7lite2.asm'
No errors on assembly of 'e:\TP\c8e3\c8e3.asm'
No errors on assembly of 'e:\TP\c8e3\c8e3.asm'
No errors on assembly of 'e:\TP\c8e3\mapping.asm'
No errors on assembly of 'e:\TP\c8e3\st7lite2.asm'
e:\TP\c8e3\c8e3.asm(36): as1 : Warning 73: Couldn't find entry for segment 'ram0' in Mapfile 'Debug\c8e3.map'
No errors on assembly of 'e:\TP\c8e3\c8e3.asm'
No errors on assembly of 'e:\TP\c8e3\mapping.asm'
No errors on assembly of 'e:\TP\c8e3\mapping.asm'
No errors on assembly of 'e:\TP\c8e3\st7lite2.asm'
No errors on assembly of 'e:\TP\c8e3\st7lite2.asm'
No errors on assembly of 'e:\TP\c8e3\c8e3.asm'
No errors on assembly of 'e:\TP\c8e3\c8e3.asm'
No errors on assembly of 'e:\TP\c8e3\mapping.asm'
No errors on assembly of 'e:\TP\c8e3\st7lite2.asm'
e:\TP\c8e3\c8e3.asm(36): as1 : Warning 73: Couldn't find entry for segment 'ram0' in Mapfile 'Debug\c8e3.map'
No errors on assembly of 'e:\TP\c8e3\c8e3.asm'
