No errors on assembly of 'e:\TP\c5e1\mapping.asm'
No errors on assembly of 'e:\TP\c5e1\mapping.asm'
No errors on assembly of 'e:\TP\c5e1\st7lite2.asm'
No errors on assembly of 'e:\TP\c5e1\st7lite2.asm'
e:\TP\c5e1\c5e1.asm(102): as1 : Error 54: Can't match Addressing mode '	BTJT	PADR,3,appuiOui'
e:\TP\c5e1\c5e1.asm(105): as1 : Error 54: Can't match Addressing mode '	LD	appui,#1'
e:\TP\c5e1\c5e1.asm(108): as1 : Error 54: Can't match Addressing mode '	LD	appui,#0'
3 errors on assembly of 'e:\TP\c5e1\c5e1.asm'
e:\TP\c5e1\c5e1.asm(102): as1 : Error 54: Can't match Addressing mode '	BTJT	PADR,3,appuiOui'
e:\TP\c5e1\c5e1.asm(105): as1 : Error 54: Can't match Addressing mode '	LD	appui,#1'
e:\TP\c5e1\c5e1.asm(108): as1 : Error 54: Can't match Addressing mode '	LD	appui,#0'
3 errors on assembly of 'e:\TP\c5e1\c5e1.asm'
No errors on assembly of 'e:\TP\c5e1\mapping.asm'
No errors on assembly of 'e:\TP\c5e1\mapping.asm'
No errors on assembly of 'e:\TP\c5e1\st7lite2.asm'
No errors on assembly of 'e:\TP\c5e1\st7lite2.asm'
e:\TP\c5e1\c5e1.asm(102): as1 : Error 54: Can't match Addressing mode '	BTJT	PADR,3,appuiOui'
e:\TP\c5e1\c5e1.asm(105): as1 : Error 54: Can't match Addressing mode '	LD	appui,#1'
2 errors on assembly of 'e:\TP\c5e1\c5e1.asm'
e:\TP\c5e1\c5e1.asm(102): as1 : Error 54: Can't match Addressing mode '	BTJT	PADR,3,appuiOui'
e:\TP\c5e1\c5e1.asm(105): as1 : Error 54: Can't match Addressing mode '	LD	appui,#1'
2 errors on assembly of 'e:\TP\c5e1\c5e1.asm'
No errors on assembly of 'e:\TP\c5e1\mapping.asm'
No errors on assembly of 'e:\TP\c5e1\mapping.asm'
No errors on assembly of 'e:\TP\c5e1\st7lite2.asm'
No errors on assembly of 'e:\TP\c5e1\st7lite2.asm'
e:\TP\c5e1\c5e1.asm(105): as1 : Error 54: Can't match Addressing mode '	LD	appui,#1'
1 error on assembly of 'e:\TP\c5e1\c5e1.asm'
e:\TP\c5e1\c5e1.asm(105): as1 : Error 54: Can't match Addressing mode '	LD	appui,#1'
1 error on assembly of 'e:\TP\c5e1\c5e1.asm'
No errors on assembly of 'e:\TP\c5e1\mapping.asm'
No errors on assembly of 'e:\TP\c5e1\mapping.asm'
No errors on assembly of 'e:\TP\c5e1\st7lite2.asm'
No errors on assembly of 'e:\TP\c5e1\st7lite2.asm'
e:\TP\c5e1\c5e1.asm(105): as1 : Error 54: Can't match Addressing mode '	LD	appui,#1'
1 error on assembly of 'e:\TP\c5e1\c5e1.asm'
e:\TP\c5e1\c5e1.asm(105): as1 : Error 54: Can't match Addressing mode '	LD	appui,#1'
1 error on assembly of 'e:\TP\c5e1\c5e1.asm'
No errors on assembly of 'e:\TP\c5e1\mapping.asm'
No errors on assembly of 'e:\TP\c5e1\mapping.asm'
No errors on assembly of 'e:\TP\c5e1\st7lite2.asm'
No errors on assembly of 'e:\TP\c5e1\st7lite2.asm'
No errors on assembly of 'e:\TP\c5e1\c5e1.asm'
No errors on assembly of 'e:\TP\c5e1\c5e1.asm'
No errors on assembly of 'e:\TP\c5e1\mapping.asm'
No errors on assembly of 'e:\TP\c5e1\st7lite2.asm'
No errors on assembly of 'e:\TP\c5e1\c5e1.asm'
No errors on assembly of 'e:\TP\c5e1\mapping.asm'
No errors on assembly of 'e:\TP\c5e1\mapping.asm'
No errors on assembly of 'e:\TP\c5e1\st7lite2.asm'
No errors on assembly of 'e:\TP\c5e1\st7lite2.asm'
No errors on assembly of 'e:\TP\c5e1\c5e1.asm'
No errors on assembly of 'e:\TP\c5e1\c5e1.asm'
No errors on assembly of 'e:\TP\c5e1\mapping.asm'
No errors on assembly of 'e:\TP\c5e1\st7lite2.asm'
No errors on assembly of 'e:\TP\c5e1\c5e1.asm'
