C:\TP_ST7\tp\c6e3\ST7Lite2.INC(11): as1 : Warning 50: Doubly defined extern label! 'PADR.b		; port A data register'
C:\TP_ST7\tp\c6e3\ST7Lite2.INC(12): as1 : Warning 50: Doubly defined extern label! 'PADDR.b		; port A data direction register'
C:\TP_ST7\tp\c6e3\ST7Lite2.INC(13): as1 : Warning 50: Doubly defined extern label! 'PAOR.b		; port A option register'
C:\TP_ST7\tp\c6e3\ST7Lite2.INC(15): as1 : Warning 50: Doubly defined extern label! 'PBDR.b		; port B data register'
C:\TP_ST7\tp\c6e3\ST7Lite2.INC(16): as1 : Warning 50: Doubly defined extern label! 'PBDDR.b		; port B data direction register'
C:\TP_ST7\tp\c6e3\ST7Lite2.INC(17): as1 : Warning 50: Doubly defined extern label! 'PBOR.b		; port B option register'
C:\TP_ST7\tp\c6e3\ST7Lite2.INC(23): as1 : Warning 50: Doubly defined extern label! 'LTCSR2.b  	; Lite Timer Control/Status register 2'
C:\TP_ST7\tp\c6e3\ST7Lite2.INC(24): as1 : Warning 50: Doubly defined extern label! 'LTCARR.b   	; Lite Timer Auto-reload register'
C:\TP_ST7\tp\c6e3\ST7Lite2.INC(25): as1 : Warning 50: Doubly defined extern label! 'LTCNTR.b  	; Lite Timer Counter register'
C:\TP_ST7\tp\c6e3\ST7Lite2.INC(26): as1 : Warning 50: Doubly defined extern label! 'LTCSR1.b 	 ; Lite Timer Control/Status register 1'
C:\TP_ST7\tp\c6e3\ST7Lite2.INC(27): as1 : Warning 50: Doubly defined extern label! 'LTICR.b  	 ; Lite Timer Input Capture register'
C:\TP_ST7\tp\c6e3\ST7Lite2.INC(33): as1 : Warning 50: Doubly defined extern label! 'ATCSR.b		; Timer Control/Status register 1'
C:\TP_ST7\tp\c6e3\ST7Lite2.INC(34): as1 : Warning 50: Doubly defined extern label! 'CNTRH.b		; Counter Register High'
C:\TP_ST7\tp\c6e3\ST7Lite2.INC(35): as1 : Warning 50: Doubly defined extern label! 'CNTRL.b		; Counter Register Low '
C:\TP_ST7\tp\c6e3\ST7Lite2.INC(36): as1 : Warning 50: Doubly defined extern label! 'ATRH.b	    ; Auto-Reload Register High'
C:\TP_ST7\tp\c6e3\ST7Lite2.INC(37): as1 : Warning 50: Doubly defined extern label! 'ATRL.b	    ; Auto-Reload Register Low'
C:\TP_ST7\tp\c6e3\ST7Lite2.INC(38): as1 : Warning 50: Doubly defined extern label! 'PWMCR.b		; PWM Output Control Register'
C:\TP_ST7\tp\c6e3\ST7Lite2.INC(39): as1 : Warning 50: Doubly defined extern label! 'PWM0CSR.b 	; PWM 0 Control/Status Register  '
C:\TP_ST7\tp\c6e3\ST7Lite2.INC(40): as1 : Warning 50: Doubly defined extern label! 'PWM1CSR.b 	; PWM 1 Control/Status Register  '
C:\TP_ST7\tp\c6e3\ST7Lite2.INC(41): as1 : Warning 50: Doubly defined extern label! 'PWM2CSR.b 	; PWM 2 Control/Status Register  '
C:\TP_ST7\tp\c6e3\ST7Lite2.INC(42): as1 : Warning 50: Doubly defined extern label! 'PWM3CSR.b 	; PWM 3 Control/Status Register  '
C:\TP_ST7\tp\c6e3\ST7Lite2.INC(43): as1 : Warning 50: Doubly defined extern label! 'DCR0H.b		; PWM 0 Duty Cycle Register High'
C:\TP_ST7\tp\c6e3\ST7Lite2.INC(44): as1 : Warning 50: Doubly defined extern label! 'DCR0L.b		; PWM 0 Duty Cycle Register Low   '
C:\TP_ST7\tp\c6e3\ST7Lite2.INC(45): as1 : Warning 50: Doubly defined extern label! 'DCR1H.b		; PWM 0 Duty Cycle Register High'
C:\TP_ST7\tp\c6e3\ST7Lite2.INC(46): as1 : Warning 50: Doubly defined extern label! 'DCR1L.b		; PWM 0 Duty Cycle Register Low   '
C:\TP_ST7\tp\c6e3\ST7Lite2.INC(47): as1 : Warning 50: Doubly defined extern label! 'DCR2H.b		; PWM 0 Duty Cycle Register High'
C:\TP_ST7\tp\c6e3\ST7Lite2.INC(48): as1 : Warning 50: Doubly defined extern label! 'DCR2L.b		; PWM 0 Duty Cycle Register Low   '
C:\TP_ST7\tp\c6e3\ST7Lite2.INC(49): as1 : Warning 50: Doubly defined extern label! 'DCR3H.b		; PWM 0 Duty Cycle Register High'
C:\TP_ST7\tp\c6e3\ST7Lite2.INC(50): as1 : Warning 50: Doubly defined extern label! 'DCR3L.b		; PWM 0 Duty Cycle Register Low   '
C:\TP_ST7\tp\c6e3\ST7Lite2.INC(51): as1 : Warning 50: Doubly defined extern label! 'ATICRH.b		; Input Capture Register High '
C:\TP_ST7\tp\c6e3\ST7Lite2.INC(52): as1 : Warning 50: Doubly defined extern label! 'ATICRL.b		; Input Capture Register Low'
C:\TP_ST7\tp\c6e3\ST7Lite2.INC(53): as1 : Warning 50: Doubly defined extern label! 'TRANCR.b		; Transfer Control Register'
C:\TP_ST7\tp\c6e3\ST7Lite2.INC(54): as1 : Warning 50: Doubly defined extern label! 'BREAKCR.b	; Break Control Register  '
C:\TP_ST7\tp\c6e3\ST7Lite2.INC(60): as1 : Warning 50: Doubly defined extern label! 'WDGCR.b  	; Watchdog Control Register '
C:\TP_ST7\tp\c6e3\ST7Lite2.INC(67): as1 : Warning 50: Doubly defined extern label! 'FCSR.b		; flash control/satus register'
C:\TP_ST7\tp\c6e3\ST7Lite2.INC(73): as1 : Warning 50: Doubly defined extern label! 'EECSR.b		; data EEPROM control status register'
C:\TP_ST7\tp\c6e3\ST7Lite2.INC(79): as1 : Warning 50: Doubly defined extern label! 'SPIDR.b		; SPI data I/O register'
C:\TP_ST7\tp\c6e3\ST7Lite2.INC(80): as1 : Warning 50: Doubly defined extern label! 'SPICR.b		; SPI control register'
C:\TP_ST7\tp\c6e3\ST7Lite2.INC(81): as1 : Warning 50: Doubly defined extern label! 'SPISR.b		; SPI status register'
C:\TP_ST7\tp\c6e3\ST7Lite2.INC(87): as1 : Warning 50: Doubly defined extern label! 'ADCCSR.b		; ADC Control Status register'
C:\TP_ST7\tp\c6e3\ST7Lite2.INC(88): as1 : Warning 50: Doubly defined extern label! 'ADCDRH.b  	; ADC Data register'
C:\TP_ST7\tp\c6e3\ST7Lite2.INC(89): as1 : Warning 50: Doubly defined extern label! 'ADCDRL.b		; ADC Amplifier Control register'
C:\TP_ST7\tp\c6e3\ST7Lite2.INC(95): as1 : Warning 50: Doubly defined extern label! 'EICR.b		; external interrupt control register'
C:\TP_ST7\tp\c6e3\ST7Lite2.INC(101): as1 : Warning 50: Doubly defined extern label! 'MCCSR.b		; main clock control/status register'
C:\TP_ST7\tp\c6e3\ST7Lite2.INC(107): as1 : Warning 50: Doubly defined extern label! 'RCCR.b		; RC oscilator control register'
C:\TP_ST7\tp\c6e3\ST7Lite2.INC(108): as1 : Warning 50: Doubly defined extern label! 'SICSR.b		; system integrity control/status register'
C:\TP_ST7\tp\c6e3\ST7Lite2.INC(114): as1 : Warning 50: Doubly defined extern label! 'EISR.b  ;  External Interrupt Selection Register'
C:\TP_ST7\tp\c6e3\ST7Lite2.INC(120): as1 : Warning 50: Doubly defined extern label! 'DCMCLK.b  ; DALI Clock Register'
C:\TP_ST7\tp\c6e3\ST7Lite2.INC(121): as1 : Warning 50: Doubly defined extern label! 'DCMFA.b  ; DALI Forward Address Register'
C:\TP_ST7\tp\c6e3\ST7Lite2.INC(122): as1 : Warning 50: Doubly defined extern label! 'DCMFD.b  ; DALI Forward Data Register'
C:\TP_ST7\tp\c6e3\ST7Lite2.INC(123): as1 : Warning 50: Doubly defined extern label! 'DCMBD.b  ; DALI Backward Data Register'
C:\TP_ST7\tp\c6e3\ST7Lite2.INC(124): as1 : Warning 50: Doubly defined extern label! 'DCMCR.b  ; DALI Control Register'
C:\TP_ST7\tp\c6e3\ST7Lite2.INC(125): as1 : Warning 50: Doubly defined extern label! 'DCMCSR.b  ; DALI Control/Status Register'
C:\TP_ST7\tp\c6e3\ST7Lite2.INC(131): as1 : Warning 50: Doubly defined extern label! 'AWUPR.b  	; AWU Prescaler Register'
C:\TP_ST7\tp\c6e3\ST7Lite2.INC(132): as1 : Warning 50: Doubly defined extern label! 'AWUCSR.b  ; AWU Control/Status Register'
C:\TP_ST7\tp\c6e3\ST7Lite2.INC(138): as1 : Warning 50: Doubly defined extern label! 'DMCR.b  	; DM Control Register'
C:\TP_ST7\tp\c6e3\ST7Lite2.INC(139): as1 : Warning 50: Doubly defined extern label! 'DMSR.b  	; DM Status Register'
C:\TP_ST7\tp\c6e3\ST7Lite2.INC(140): as1 : Warning 50: Doubly defined extern label! 'DMBK1H.b  ; DM Breakpoint Register 1 High'
C:\TP_ST7\tp\c6e3\ST7Lite2.INC(141): as1 : Warning 50: Doubly defined extern label! 'DMBK1L.b  ; DM Breakpoint Register 1 Low'
C:\TP_ST7\tp\c6e3\ST7Lite2.INC(142): as1 : Warning 50: Doubly defined extern label! 'DMBK2H.b  ; DM Breakpoint Register 2 High'
C:\TP_ST7\tp\c6e3\ST7Lite2.INC(143): as1 : Warning 50: Doubly defined extern label! 'DMBK2L.b  ; DM Breakpoint Register 2 Low'
No errors on assembly of 'C:\TP_ST7\tp\c6e3\MAX7219.ASM'
C:\TP_ST7\tp\c6e3\ST7Lite2.INC(11): as1 : Warning 50: Doubly defined extern label! 'PADR.b		; port A data register'
C:\TP_ST7\tp\c6e3\ST7Lite2.INC(12): as1 : Warning 50: Doubly defined extern label! 'PADDR.b		; port A data direction register'
C:\TP_ST7\tp\c6e3\ST7Lite2.INC(13): as1 : Warning 50: Doubly defined extern label! 'PAOR.b		; port A option register'
C:\TP_ST7\tp\c6e3\ST7Lite2.INC(15): as1 : Warning 50: Doubly defined extern label! 'PBDR.b		; port B data register'
C:\TP_ST7\tp\c6e3\ST7Lite2.INC(16): as1 : Warning 50: Doubly defined extern label! 'PBDDR.b		; port B data direction register'
C:\TP_ST7\tp\c6e3\ST7Lite2.INC(17): as1 : Warning 50: Doubly defined extern label! 'PBOR.b		; port B option register'
C:\TP_ST7\tp\c6e3\ST7Lite2.INC(23): as1 : Warning 50: Doubly defined extern label! 'LTCSR2.b  	; Lite Timer Control/Status register 2'
C:\TP_ST7\tp\c6e3\ST7Lite2.INC(24): as1 : Warning 50: Doubly defined extern label! 'LTCARR.b   	; Lite Timer Auto-reload register'
C:\TP_ST7\tp\c6e3\ST7Lite2.INC(25): as1 : Warning 50: Doubly defined extern label! 'LTCNTR.b  	; Lite Timer Counter register'
C:\TP_ST7\tp\c6e3\ST7Lite2.INC(26): as1 : Warning 50: Doubly defined extern label! 'LTCSR1.b 	 ; Lite Timer Control/Status register 1'
C:\TP_ST7\tp\c6e3\ST7Lite2.INC(27): as1 : Warning 50: Doubly defined extern label! 'LTICR.b  	 ; Lite Timer Input Capture register'
C:\TP_ST7\tp\c6e3\ST7Lite2.INC(33): as1 : Warning 50: Doubly defined extern label! 'ATCSR.b		; Timer Control/Status register 1'
C:\TP_ST7\tp\c6e3\ST7Lite2.INC(34): as1 : Warning 50: Doubly defined extern label! 'CNTRH.b		; Counter Register High'
C:\TP_ST7\tp\c6e3\ST7Lite2.INC(35): as1 : Warning 50: Doubly defined extern label! 'CNTRL.b		; Counter Register Low '
C:\TP_ST7\tp\c6e3\ST7Lite2.INC(36): as1 : Warning 50: Doubly defined extern label! 'ATRH.b	    ; Auto-Reload Register High'
C:\TP_ST7\tp\c6e3\ST7Lite2.INC(37): as1 : Warning 50: Doubly defined extern label! 'ATRL.b	    ; Auto-Reload Register Low'
C:\TP_ST7\tp\c6e3\ST7Lite2.INC(38): as1 : Warning 50: Doubly defined extern label! 'PWMCR.b		; PWM Output Control Register'
C:\TP_ST7\tp\c6e3\ST7Lite2.INC(39): as1 : Warning 50: Doubly defined extern label! 'PWM0CSR.b 	; PWM 0 Control/Status Register  '
C:\TP_ST7\tp\c6e3\ST7Lite2.INC(40): as1 : Warning 50: Doubly defined extern label! 'PWM1CSR.b 	; PWM 1 Control/Status Register  '
C:\TP_ST7\tp\c6e3\ST7Lite2.INC(41): as1 : Warning 50: Doubly defined extern label! 'PWM2CSR.b 	; PWM 2 Control/Status Register  '
C:\TP_ST7\tp\c6e3\ST7Lite2.INC(42): as1 : Warning 50: Doubly defined extern label! 'PWM3CSR.b 	; PWM 3 Control/Status Register  '
C:\TP_ST7\tp\c6e3\ST7Lite2.INC(43): as1 : Warning 50: Doubly defined extern label! 'DCR0H.b		; PWM 0 Duty Cycle Register High'
C:\TP_ST7\tp\c6e3\ST7Lite2.INC(44): as1 : Warning 50: Doubly defined extern label! 'DCR0L.b		; PWM 0 Duty Cycle Register Low   '
C:\TP_ST7\tp\c6e3\ST7Lite2.INC(45): as1 : Warning 50: Doubly defined extern label! 'DCR1H.b		; PWM 0 Duty Cycle Register High'
C:\TP_ST7\tp\c6e3\ST7Lite2.INC(46): as1 : Warning 50: Doubly defined extern label! 'DCR1L.b		; PWM 0 Duty Cycle Register Low   '
C:\TP_ST7\tp\c6e3\ST7Lite2.INC(47): as1 : Warning 50: Doubly defined extern label! 'DCR2H.b		; PWM 0 Duty Cycle Register High'
C:\TP_ST7\tp\c6e3\ST7Lite2.INC(48): as1 : Warning 50: Doubly defined extern label! 'DCR2L.b		; PWM 0 Duty Cycle Register Low   '
C:\TP_ST7\tp\c6e3\ST7Lite2.INC(49): as1 : Warning 50: Doubly defined extern label! 'DCR3H.b		; PWM 0 Duty Cycle Register High'
C:\TP_ST7\tp\c6e3\ST7Lite2.INC(50): as1 : Warning 50: Doubly defined extern label! 'DCR3L.b		; PWM 0 Duty Cycle Register Low   '
C:\TP_ST7\tp\c6e3\ST7Lite2.INC(51): as1 : Warning 50: Doubly defined extern label! 'ATICRH.b		; Input Capture Register High '
C:\TP_ST7\tp\c6e3\ST7Lite2.INC(52): as1 : Warning 50: Doubly defined extern label! 'ATICRL.b		; Input Capture Register Low'
C:\TP_ST7\tp\c6e3\ST7Lite2.INC(53): as1 : Warning 50: Doubly defined extern label! 'TRANCR.b		; Transfer Control Register'
C:\TP_ST7\tp\c6e3\ST7Lite2.INC(54): as1 : Warning 50: Doubly defined extern label! 'BREAKCR.b	; Break Control Register  '
C:\TP_ST7\tp\c6e3\ST7Lite2.INC(60): as1 : Warning 50: Doubly defined extern label! 'WDGCR.b  	; Watchdog Control Register '
C:\TP_ST7\tp\c6e3\ST7Lite2.INC(67): as1 : Warning 50: Doubly defined extern label! 'FCSR.b		; flash control/satus register'
C:\TP_ST7\tp\c6e3\ST7Lite2.INC(73): as1 : Warning 50: Doubly defined extern label! 'EECSR.b		; data EEPROM control status register'
C:\TP_ST7\tp\c6e3\ST7Lite2.INC(79): as1 : Warning 50: Doubly defined extern label! 'SPIDR.b		; SPI data I/O register'
C:\TP_ST7\tp\c6e3\ST7Lite2.INC(80): as1 : Warning 50: Doubly defined extern label! 'SPICR.b		; SPI control register'
C:\TP_ST7\tp\c6e3\ST7Lite2.INC(81): as1 : Warning 50: Doubly defined extern label! 'SPISR.b		; SPI status register'
C:\TP_ST7\tp\c6e3\ST7Lite2.INC(87): as1 : Warning 50: Doubly defined extern label! 'ADCCSR.b		; ADC Control Status register'
C:\TP_ST7\tp\c6e3\ST7Lite2.INC(88): as1 : Warning 50: Doubly defined extern label! 'ADCDRH.b  	; ADC Data register'
C:\TP_ST7\tp\c6e3\ST7Lite2.INC(89): as1 : Warning 50: Doubly defined extern label! 'ADCDRL.b		; ADC Amplifier Control register'
C:\TP_ST7\tp\c6e3\ST7Lite2.INC(95): as1 : Warning 50: Doubly defined extern label! 'EICR.b		; external interrupt control register'
C:\TP_ST7\tp\c6e3\ST7Lite2.INC(101): as1 : Warning 50: Doubly defined extern label! 'MCCSR.b		; main clock control/status register'
C:\TP_ST7\tp\c6e3\ST7Lite2.INC(107): as1 : Warning 50: Doubly defined extern label! 'RCCR.b		; RC oscilator control register'
C:\TP_ST7\tp\c6e3\ST7Lite2.INC(108): as1 : Warning 50: Doubly defined extern label! 'SICSR.b		; system integrity control/status register'
C:\TP_ST7\tp\c6e3\ST7Lite2.INC(114): as1 : Warning 50: Doubly defined extern label! 'EISR.b  ;  External Interrupt Selection Register'
C:\TP_ST7\tp\c6e3\ST7Lite2.INC(120): as1 : Warning 50: Doubly defined extern label! 'DCMCLK.b  ; DALI Clock Register'
C:\TP_ST7\tp\c6e3\ST7Lite2.INC(121): as1 : Warning 50: Doubly defined extern label! 'DCMFA.b  ; DALI Forward Address Register'
C:\TP_ST7\tp\c6e3\ST7Lite2.INC(122): as1 : Warning 50: Doubly defined extern label! 'DCMFD.b  ; DALI Forward Data Register'
C:\TP_ST7\tp\c6e3\ST7Lite2.INC(123): as1 : Warning 50: Doubly defined extern label! 'DCMBD.b  ; DALI Backward Data Register'
C:\TP_ST7\tp\c6e3\ST7Lite2.INC(124): as1 : Warning 50: Doubly defined extern label! 'DCMCR.b  ; DALI Control Register'
C:\TP_ST7\tp\c6e3\ST7Lite2.INC(125): as1 : Warning 50: Doubly defined extern label! 'DCMCSR.b  ; DALI Control/Status Register'
C:\TP_ST7\tp\c6e3\ST7Lite2.INC(131): as1 : Warning 50: Doubly defined extern label! 'AWUPR.b  	; AWU Prescaler Register'
C:\TP_ST7\tp\c6e3\ST7Lite2.INC(132): as1 : Warning 50: Doubly defined extern label! 'AWUCSR.b  ; AWU Control/Status Register'
C:\TP_ST7\tp\c6e3\ST7Lite2.INC(138): as1 : Warning 50: Doubly defined extern label! 'DMCR.b  	; DM Control Register'
C:\TP_ST7\tp\c6e3\ST7Lite2.INC(139): as1 : Warning 50: Doubly defined extern label! 'DMSR.b  	; DM Status Register'
C:\TP_ST7\tp\c6e3\ST7Lite2.INC(140): as1 : Warning 50: Doubly defined extern label! 'DMBK1H.b  ; DM Breakpoint Register 1 High'
C:\TP_ST7\tp\c6e3\ST7Lite2.INC(141): as1 : Warning 50: Doubly defined extern label! 'DMBK1L.b  ; DM Breakpoint Register 1 Low'
C:\TP_ST7\tp\c6e3\ST7Lite2.INC(142): as1 : Warning 50: Doubly defined extern label! 'DMBK2H.b  ; DM Breakpoint Register 2 High'
C:\TP_ST7\tp\c6e3\ST7Lite2.INC(143): as1 : Warning 50: Doubly defined extern label! 'DMBK2L.b  ; DM Breakpoint Register 2 Low'
C:\TP_ST7\tp\c6e3\MAX7219.ASM(74): as2 : Error 54: Can't match Addressing mode '	ld	A,#REG_SCAN_LIMIT'
C:\TP_ST7\tp\c6e3\MAX7219.ASM(80): as2 : Error 54: Can't match Addressing mode '	ld	A,#REG_DECODE'
C:\TP_ST7\tp\c6e3\MAX7219.ASM(92): as2 : Error 54: Can't match Addressing mode '	ld	A,#INTENSITY_MAX'
C:\TP_ST7\tp\c6e3\MAX7219.ASM(103): as2 : Error 54: Can't match Addressing mode '	ld	A,#REG_SHUTDOWN'
C:\TP_ST7\tp\c6e3\MAX7219.ASM(116): as2 : Error 54: Can't match Addressing mode '	ld	A,#REG_SHUTDOWN'
C:\TP_ST7\tp\c6e3\MAX7219.ASM(129): as2 : Error 54: Can't match Addressing mode '	ld	A,#REG_DISPLAY_TEST'
C:\TP_ST7\tp\c6e3\MAX7219.ASM(142): as2 : Error 54: Can't match Addressing mode '	ld	A,#REG_DISPLAY_TEST'
C:\TP_ST7\tp\c6e3\MAX7219.ASM(155): as2 : Error 54: Can't match Addressing mode '	ld	A,#REG_INTENSITY'
8 errors on assembly of 'C:\TP_ST7\tp\c6e3\MAX7219.ASM'
C:\TP_ST7\tp\c6e3\c6e3.asm(84): as1 : Error 54: Can't match Addressing mode '	ld spicr,$0C'
C:\TP_ST7\tp\c6e3\c6e3.asm(85): as1 : Error 54: Can't match Addressing mode '	ld spisr,$5C'
C:\TP_ST7\tp\c6e3\c6e3.asm(116): as1 : Error 54: Can't match Addressing mode '	ld valeurAffiche,#5'
C:\TP_ST7\tp\c6e3\c6e3.asm(120): as1 : Error 54: Can't match Addressing mode '	ld DisplayChar_Digit,#4 ;Si ne s'affiche pas au bon endroit, commenter cette li'
4 errors on assembly of 'C:\TP_ST7\tp\c6e3\c6e3.asm'
C:\TP_ST7\tp\c6e3\c6e3.asm(84): as1 : Error 54: Can't match Addressing mode '	ld spicr,$0C'
C:\TP_ST7\tp\c6e3\c6e3.asm(85): as1 : Error 54: Can't match Addressing mode '	ld spisr,$5C'
C:\TP_ST7\tp\c6e3\c6e3.asm(116): as1 : Error 54: Can't match Addressing mode '	ld valeurAffiche,#5'
C:\TP_ST7\tp\c6e3\c6e3.asm(120): as1 : Error 54: Can't match Addressing mode '	ld DisplayChar_Digit,#4 ;Si ne s'affiche pas au bon endroit, commenter cette li'
C:\TP_ST7\tp\c6e3\c6e3.asm(84): as2 : Error 46: Illegal undefined label 'spicr,$0C'
C:\TP_ST7\tp\c6e3\c6e3.asm(85): as2 : Error 46: Illegal undefined label 'spisr,$5C'
C:\TP_ST7\tp\c6e3\c6e3.asm(118): as2 : Error 46: Illegal undefined label 'MAX7219_init'
C:\TP_ST7\tp\c6e3\c6e3.asm(119): as2 : Error 46: Illegal undefined label 'MAX7219_clear'
8 errors on assembly of 'C:\TP_ST7\tp\c6e3\c6e3.asm'
C:\TP_ST7\tp\c6e3\c6e3.asm(84): as1 : Error 54: Can't match Addressing mode '	ld SPICR,$0C'
C:\TP_ST7\tp\c6e3\c6e3.asm(85): as1 : Error 54: Can't match Addressing mode '	ld SPISR,$5C'
C:\TP_ST7\tp\c6e3\c6e3.asm(116): as1 : Error 54: Can't match Addressing mode '	ld valeurAffiche,#5'
C:\TP_ST7\tp\c6e3\c6e3.asm(120): as1 : Error 54: Can't match Addressing mode '	ld DisplayChar_Digit,#4 ;Si ne s'affiche pas au bon endroit, commenter cette li'
4 errors on assembly of 'C:\TP_ST7\tp\c6e3\c6e3.asm'
C:\TP_ST7\tp\c6e3\c6e3.asm(84): as1 : Error 54: Can't match Addressing mode '	ld SPICR,$0C'
C:\TP_ST7\tp\c6e3\c6e3.asm(85): as1 : Error 54: Can't match Addressing mode '	ld SPISR,$5C'
C:\TP_ST7\tp\c6e3\c6e3.asm(116): as1 : Error 54: Can't match Addressing mode '	ld valeurAffiche,#5'
C:\TP_ST7\tp\c6e3\c6e3.asm(120): as1 : Error 54: Can't match Addressing mode '	ld DisplayChar_Digit,#4 ;Si ne s'affiche pas au bon endroit, commenter cette li'
C:\TP_ST7\tp\c6e3\c6e3.asm(118): as2 : Error 46: Illegal undefined label 'MAX7219_init'
C:\TP_ST7\tp\c6e3\c6e3.asm(119): as2 : Error 46: Illegal undefined label 'MAX7219_clear'
6 errors on assembly of 'C:\TP_ST7\tp\c6e3\c6e3.asm'
C:\TP_ST7\tp\c6e3\c6e3.asm(84): as1 : Error 54: Can't match Addressing mode '	ld SPICR,#$0C'
C:\TP_ST7\tp\c6e3\c6e3.asm(85): as1 : Error 54: Can't match Addressing mode '	ld SPISR,#$5C'
C:\TP_ST7\tp\c6e3\c6e3.asm(116): as1 : Error 54: Can't match Addressing mode '	ld valeurAffiche,#5'
C:\TP_ST7\tp\c6e3\c6e3.asm(120): as1 : Error 54: Can't match Addressing mode '	ld DisplayChar_Digit,#4 ;Si ne s'affiche pas au bon endroit, commenter cette li'
4 errors on assembly of 'C:\TP_ST7\tp\c6e3\c6e3.asm'
C:\TP_ST7\tp\c6e3\c6e3.asm(84): as1 : Error 54: Can't match Addressing mode '	ld SPICR,#$0C'
C:\TP_ST7\tp\c6e3\c6e3.asm(85): as1 : Error 54: Can't match Addressing mode '	ld SPISR,#$5C'
C:\TP_ST7\tp\c6e3\c6e3.asm(116): as1 : Error 54: Can't match Addressing mode '	ld valeurAffiche,#5'
C:\TP_ST7\tp\c6e3\c6e3.asm(120): as1 : Error 54: Can't match Addressing mode '	ld DisplayChar_Digit,#4 ;Si ne s'affiche pas au bon endroit, commenter cette li'
C:\TP_ST7\tp\c6e3\c6e3.asm(118): as2 : Error 46: Illegal undefined label 'MAX7219_init'
C:\TP_ST7\tp\c6e3\c6e3.asm(119): as2 : Error 46: Illegal undefined label 'MAX7219_clear'
6 errors on assembly of 'C:\TP_ST7\tp\c6e3\c6e3.asm'
C:\TP_ST7\tp\c6e3\c6e3.asm(84): as1 : Error 54: Can't match Addressing mode '	ld SPICR,#$0C'
C:\TP_ST7\tp\c6e3\c6e3.asm(85): as1 : Error 54: Can't match Addressing mode '	ld SPISR,#$5C'
C:\TP_ST7\tp\c6e3\c6e3.asm(113): as1 : Error 54: Can't match Addressing mode '	ld valeurAffiche,#5'
C:\TP_ST7\tp\c6e3\c6e3.asm(117): as1 : Error 54: Can't match Addressing mode '	ld DisplayChar_Digit,#4 ;Si ne s'affiche pas au bon endroit, commenter cette li'
4 errors on assembly of 'C:\TP_ST7\tp\c6e3\c6e3.asm'
C:\TP_ST7\tp\c6e3\c6e3.asm(84): as1 : Error 54: Can't match Addressing mode '	ld SPICR,#$0C'
C:\TP_ST7\tp\c6e3\c6e3.asm(85): as1 : Error 54: Can't match Addressing mode '	ld SPISR,#$5C'
C:\TP_ST7\tp\c6e3\c6e3.asm(113): as1 : Error 54: Can't match Addressing mode '	ld valeurAffiche,#5'
C:\TP_ST7\tp\c6e3\c6e3.asm(117): as1 : Error 54: Can't match Addressing mode '	ld DisplayChar_Digit,#4 ;Si ne s'affiche pas au bon endroit, commenter cette li'
C:\TP_ST7\tp\c6e3\c6e3.asm(115): as2 : Error 46: Illegal undefined label 'MAX7219_init'
C:\TP_ST7\tp\c6e3\c6e3.asm(116): as2 : Error 46: Illegal undefined label 'MAX7219_clear'
6 errors on assembly of 'C:\TP_ST7\tp\c6e3\c6e3.asm'
C:\TP_ST7\tp\c6e3\c6e3.asm(84): as1 : Error 54: Can't match Addressing mode '	ld SPICR,#$0C'
C:\TP_ST7\tp\c6e3\c6e3.asm(85): as1 : Error 54: Can't match Addressing mode '	ld SPISR,#$5C'
C:\TP_ST7\tp\c6e3\c6e3.asm(113): as1 : Error 54: Can't match Addressing mode '	ld valeurAffiche,#5'
C:\TP_ST7\tp\c6e3\c6e3.asm(117): as1 : Error 54: Can't match Addressing mode '	ld DisplayChar_Digit,#4 ;Si ne s'affiche pas au bon endroit, commenter cette li'
4 errors on assembly of 'C:\TP_ST7\tp\c6e3\c6e3.asm'
C:\TP_ST7\tp\c6e3\c6e3.asm(84): as1 : Error 54: Can't match Addressing mode '	ld SPICR,#$0C'
C:\TP_ST7\tp\c6e3\c6e3.asm(85): as1 : Error 54: Can't match Addressing mode '	ld SPISR,#$5C'
C:\TP_ST7\tp\c6e3\c6e3.asm(113): as1 : Error 54: Can't match Addressing mode '	ld valeurAffiche,#5'
C:\TP_ST7\tp\c6e3\c6e3.asm(117): as1 : Error 54: Can't match Addressing mode '	ld DisplayChar_Digit,#4 ;Si ne s'affiche pas au bon endroit, commenter cette li'
C:\TP_ST7\tp\c6e3\c6e3.asm(115): as2 : Error 46: Illegal undefined label 'MAX7219_init'
C:\TP_ST7\tp\c6e3\c6e3.asm(116): as2 : Error 46: Illegal undefined label 'MAX7219_clear'
6 errors on assembly of 'C:\TP_ST7\tp\c6e3\c6e3.asm'
No errors on assembly of 'C:\TP_ST7\tp\c6e3\c6e3.asm'
C:\TP_ST7\tp\c6e3\c6e3.asm(118): as2 : Error 46: Illegal undefined label 'MAX7219_init'
C:\TP_ST7\tp\c6e3\c6e3.asm(119): as2 : Error 46: Illegal undefined label 'MAX7219_clear'
2 errors on assembly of 'C:\TP_ST7\tp\c6e3\c6e3.asm'
No errors on assembly of 'C:\TP_ST7\tp\c6e3\c6e3.asm'
No errors on assembly of 'C:\TP_ST7\tp\c6e3\c6e3.asm'
