No errors on assembly of 'e:\TP\c3e4\mapping.asm'
No errors on assembly of 'e:\TP\c3e4\mapping.asm'
No errors on assembly of 'e:\TP\c3e4\c3e4.asm'
No errors on assembly of 'e:\TP\c3e4\c3e4.asm'
No errors on assembly of 'e:\TP\c3e4\mapping.asm'
e:\TP\c3e4\ST7Lite2.INC(11): as1 : Warning 80: Couldn't find label in map file 'PADR.b		; port A data register'
e:\TP\c3e4\ST7Lite2.INC(12): as1 : Warning 80: Couldn't find label in map file 'PADDR.b		; port A data direction register'
e:\TP\c3e4\ST7Lite2.INC(13): as1 : Warning 80: Couldn't find label in map file 'PAOR.b		; port A option register'
e:\TP\c3e4\ST7Lite2.INC(15): as1 : Warning 80: Couldn't find label in map file 'PBDR.b		; port B data register'
e:\TP\c3e4\ST7Lite2.INC(16): as1 : Warning 80: Couldn't find label in map file 'PBDDR.b		; port B data direction register'
e:\TP\c3e4\ST7Lite2.INC(17): as1 : Warning 80: Couldn't find label in map file 'PBOR.b		; port B option register'
e:\TP\c3e4\ST7Lite2.INC(23): as1 : Warning 80: Couldn't find label in map file 'LTCSR2.b  	; Lite Timer Control/Status register 2'
e:\TP\c3e4\ST7Lite2.INC(24): as1 : Warning 80: Couldn't find label in map file 'LTCARR.b   	; Lite Timer Auto-reload register'
e:\TP\c3e4\ST7Lite2.INC(25): as1 : Warning 80: Couldn't find label in map file 'LTCNTR.b  	; Lite Timer Counter register'
e:\TP\c3e4\ST7Lite2.INC(26): as1 : Warning 80: Couldn't find label in map file 'LTCSR1.b 	 ; Lite Timer Control/Status register 1'
e:\TP\c3e4\ST7Lite2.INC(27): as1 : Warning 80: Couldn't find label in map file 'LTICR.b  	 ; Lite Timer Input Capture register'
e:\TP\c3e4\ST7Lite2.INC(33): as1 : Warning 80: Couldn't find label in map file 'ATCSR.b		; Timer Control/Status register 1'
e:\TP\c3e4\ST7Lite2.INC(34): as1 : Warning 80: Couldn't find label in map file 'CNTRH.b		; Counter Register High'
e:\TP\c3e4\ST7Lite2.INC(35): as1 : Warning 80: Couldn't find label in map file 'CNTRL.b		; Counter Register Low '
e:\TP\c3e4\ST7Lite2.INC(36): as1 : Warning 80: Couldn't find label in map file 'ATRH.b	    ; Auto-Reload Register High'
e:\TP\c3e4\ST7Lite2.INC(37): as1 : Warning 80: Couldn't find label in map file 'ATRL.b	    ; Auto-Reload Register Low'
e:\TP\c3e4\ST7Lite2.INC(38): as1 : Warning 80: Couldn't find label in map file 'PWMCR.b		; PWM Output Control Register'
e:\TP\c3e4\ST7Lite2.INC(39): as1 : Warning 80: Couldn't find label in map file 'PWM0CSR.b 	; PWM 0 Control/Status Register  '
e:\TP\c3e4\ST7Lite2.INC(40): as1 : Warning 80: Couldn't find label in map file 'PWM1CSR.b 	; PWM 1 Control/Status Register  '
e:\TP\c3e4\ST7Lite2.INC(41): as1 : Warning 80: Couldn't find label in map file 'PWM2CSR.b 	; PWM 2 Control/Status Register  '
e:\TP\c3e4\ST7Lite2.INC(42): as1 : Warning 80: Couldn't find label in map file 'PWM3CSR.b 	; PWM 3 Control/Status Register  '
e:\TP\c3e4\ST7Lite2.INC(43): as1 : Warning 80: Couldn't find label in map file 'DCR0H.b		; PWM 0 Duty Cycle Register High'
e:\TP\c3e4\ST7Lite2.INC(44): as1 : Warning 80: Couldn't find label in map file 'DCR0L.b		; PWM 0 Duty Cycle Register Low   '
e:\TP\c3e4\ST7Lite2.INC(45): as1 : Warning 80: Couldn't find label in map file 'DCR1H.b		; PWM 0 Duty Cycle Register High'
e:\TP\c3e4\ST7Lite2.INC(46): as1 : Warning 80: Couldn't find label in map file 'DCR1L.b		; PWM 0 Duty Cycle Register Low   '
e:\TP\c3e4\ST7Lite2.INC(47): as1 : Warning 80: Couldn't find label in map file 'DCR2H.b		; PWM 0 Duty Cycle Register High'
e:\TP\c3e4\ST7Lite2.INC(48): as1 : Warning 80: Couldn't find label in map file 'DCR2L.b		; PWM 0 Duty Cycle Register Low   '
e:\TP\c3e4\ST7Lite2.INC(49): as1 : Warning 80: Couldn't find label in map file 'DCR3H.b		; PWM 0 Duty Cycle Register High'
e:\TP\c3e4\ST7Lite2.INC(50): as1 : Warning 80: Couldn't find label in map file 'DCR3L.b		; PWM 0 Duty Cycle Register Low   '
e:\TP\c3e4\ST7Lite2.INC(51): as1 : Warning 80: Couldn't find label in map file 'ATICRH.b		; Input Capture Register High '
e:\TP\c3e4\ST7Lite2.INC(52): as1 : Warning 80: Couldn't find label in map file 'ATICRL.b		; Input Capture Register Low'
e:\TP\c3e4\ST7Lite2.INC(53): as1 : Warning 80: Couldn't find label in map file 'TRANCR.b		; Transfer Control Register'
e:\TP\c3e4\ST7Lite2.INC(54): as1 : Warning 80: Couldn't find label in map file 'BREAKCR.b	; Break Control Register  '
e:\TP\c3e4\ST7Lite2.INC(60): as1 : Warning 80: Couldn't find label in map file 'WDGCR.b  	; Watchdog Control Register '
e:\TP\c3e4\ST7Lite2.INC(67): as1 : Warning 80: Couldn't find label in map file 'FCSR.b		; flash control/satus register'
e:\TP\c3e4\ST7Lite2.INC(73): as1 : Warning 80: Couldn't find label in map file 'EECSR.b		; data EEPROM control status register'
e:\TP\c3e4\ST7Lite2.INC(79): as1 : Warning 80: Couldn't find label in map file 'SPIDR.b		; SPI data I/O register'
e:\TP\c3e4\ST7Lite2.INC(80): as1 : Warning 80: Couldn't find label in map file 'SPICR.b		; SPI control register'
e:\TP\c3e4\ST7Lite2.INC(81): as1 : Warning 80: Couldn't find label in map file 'SPISR.b		; SPI status register'
e:\TP\c3e4\ST7Lite2.INC(87): as1 : Warning 80: Couldn't find label in map file 'ADCCSR.b		; ADC Control Status register'
e:\TP\c3e4\ST7Lite2.INC(88): as1 : Warning 80: Couldn't find label in map file 'ADCDRH.b  	; ADC Data register'
e:\TP\c3e4\ST7Lite2.INC(89): as1 : Warning 80: Couldn't find label in map file 'ADCDRL.b		; ADC Amplifier Control register'
e:\TP\c3e4\ST7Lite2.INC(95): as1 : Warning 80: Couldn't find label in map file 'EICR.b		; external interrupt control register'
e:\TP\c3e4\ST7Lite2.INC(101): as1 : Warning 80: Couldn't find label in map file 'MCCSR.b		; main clock control/status register'
e:\TP\c3e4\ST7Lite2.INC(107): as1 : Warning 80: Couldn't find label in map file 'RCCR.b		; RC oscilator control register'
e:\TP\c3e4\ST7Lite2.INC(108): as1 : Warning 80: Couldn't find label in map file 'SICSR.b		; system integrity control/status register'
e:\TP\c3e4\ST7Lite2.INC(114): as1 : Warning 80: Couldn't find label in map file 'EISR.b  ;  External Interrupt Selection Register'
e:\TP\c3e4\ST7Lite2.INC(120): as1 : Warning 80: Couldn't find label in map file 'DCMCLK.b  ; DALI Clock Register'
e:\TP\c3e4\ST7Lite2.INC(121): as1 : Warning 80: Couldn't find label in map file 'DCMFA.b  ; DALI Forward Address Register'
e:\TP\c3e4\ST7Lite2.INC(122): as1 : Warning 80: Couldn't find label in map file 'DCMFD.b  ; DALI Forward Data Register'
e:\TP\c3e4\ST7Lite2.INC(123): as1 : Warning 80: Couldn't find label in map file 'DCMBD.b  ; DALI Backward Data Register'
e:\TP\c3e4\ST7Lite2.INC(124): as1 : Warning 80: Couldn't find label in map file 'DCMCR.b  ; DALI Control Register'
e:\TP\c3e4\ST7Lite2.INC(125): as1 : Warning 80: Couldn't find label in map file 'DCMCSR.b  ; DALI Control/Status Register'
e:\TP\c3e4\ST7Lite2.INC(131): as1 : Warning 80: Couldn't find label in map file 'AWUPR.b  	; AWU Prescaler Register'
e:\TP\c3e4\ST7Lite2.INC(132): as1 : Warning 80: Couldn't find label in map file 'AWUCSR.b  ; AWU Control/Status Register'
e:\TP\c3e4\ST7Lite2.INC(138): as1 : Warning 80: Couldn't find label in map file 'DMCR.b  	; DM Control Register'
e:\TP\c3e4\ST7Lite2.INC(139): as1 : Warning 80: Couldn't find label in map file 'DMSR.b  	; DM Status Register'
e:\TP\c3e4\ST7Lite2.INC(140): as1 : Warning 80: Couldn't find label in map file 'DMBK1H.b  ; DM Breakpoint Register 1 High'
e:\TP\c3e4\ST7Lite2.INC(141): as1 : Warning 80: Couldn't find label in map file 'DMBK1L.b  ; DM Breakpoint Register 1 Low'
e:\TP\c3e4\ST7Lite2.INC(142): as1 : Warning 80: Couldn't find label in map file 'DMBK2H.b  ; DM Breakpoint Register 2 High'
e:\TP\c3e4\ST7Lite2.INC(143): as1 : Warning 80: Couldn't find label in map file 'DMBK2L.b  ; DM Breakpoint Register 2 Low'
e:\TP\c3e4\c3e4.asm(36): as1 : Warning 73: Couldn't find entry for segment 'ram0' in Mapfile 'Debug\c3e4.map'
No errors on assembly of 'e:\TP\c3e4\c3e4.asm'
No errors on assembly of 'e:\TP\c3e4\mapping.asm'
No errors on assembly of 'e:\TP\c3e4\mapping.asm'
No errors on assembly of 'e:\TP\c3e4\c3e4.asm'
No errors on assembly of 'e:\TP\c3e4\c3e4.asm'
No errors on assembly of 'e:\TP\c3e4\mapping.asm'
e:\TP\c3e4\ST7Lite2.INC(11): as1 : Warning 80: Couldn't find label in map file 'PADR.b		; port A data register'
e:\TP\c3e4\ST7Lite2.INC(12): as1 : Warning 80: Couldn't find label in map file 'PADDR.b		; port A data direction register'
e:\TP\c3e4\ST7Lite2.INC(13): as1 : Warning 80: Couldn't find label in map file 'PAOR.b		; port A option register'
e:\TP\c3e4\ST7Lite2.INC(15): as1 : Warning 80: Couldn't find label in map file 'PBDR.b		; port B data register'
e:\TP\c3e4\ST7Lite2.INC(16): as1 : Warning 80: Couldn't find label in map file 'PBDDR.b		; port B data direction register'
e:\TP\c3e4\ST7Lite2.INC(17): as1 : Warning 80: Couldn't find label in map file 'PBOR.b		; port B option register'
e:\TP\c3e4\ST7Lite2.INC(23): as1 : Warning 80: Couldn't find label in map file 'LTCSR2.b  	; Lite Timer Control/Status register 2'
e:\TP\c3e4\ST7Lite2.INC(24): as1 : Warning 80: Couldn't find label in map file 'LTCARR.b   	; Lite Timer Auto-reload register'
e:\TP\c3e4\ST7Lite2.INC(25): as1 : Warning 80: Couldn't find label in map file 'LTCNTR.b  	; Lite Timer Counter register'
e:\TP\c3e4\ST7Lite2.INC(26): as1 : Warning 80: Couldn't find label in map file 'LTCSR1.b 	 ; Lite Timer Control/Status register 1'
e:\TP\c3e4\ST7Lite2.INC(27): as1 : Warning 80: Couldn't find label in map file 'LTICR.b  	 ; Lite Timer Input Capture register'
e:\TP\c3e4\ST7Lite2.INC(33): as1 : Warning 80: Couldn't find label in map file 'ATCSR.b		; Timer Control/Status register 1'
e:\TP\c3e4\ST7Lite2.INC(34): as1 : Warning 80: Couldn't find label in map file 'CNTRH.b		; Counter Register High'
e:\TP\c3e4\ST7Lite2.INC(35): as1 : Warning 80: Couldn't find label in map file 'CNTRL.b		; Counter Register Low '
e:\TP\c3e4\ST7Lite2.INC(36): as1 : Warning 80: Couldn't find label in map file 'ATRH.b	    ; Auto-Reload Register High'
e:\TP\c3e4\ST7Lite2.INC(37): as1 : Warning 80: Couldn't find label in map file 'ATRL.b	    ; Auto-Reload Register Low'
e:\TP\c3e4\ST7Lite2.INC(38): as1 : Warning 80: Couldn't find label in map file 'PWMCR.b		; PWM Output Control Register'
e:\TP\c3e4\ST7Lite2.INC(39): as1 : Warning 80: Couldn't find label in map file 'PWM0CSR.b 	; PWM 0 Control/Status Register  '
e:\TP\c3e4\ST7Lite2.INC(40): as1 : Warning 80: Couldn't find label in map file 'PWM1CSR.b 	; PWM 1 Control/Status Register  '
e:\TP\c3e4\ST7Lite2.INC(41): as1 : Warning 80: Couldn't find label in map file 'PWM2CSR.b 	; PWM 2 Control/Status Register  '
e:\TP\c3e4\ST7Lite2.INC(42): as1 : Warning 80: Couldn't find label in map file 'PWM3CSR.b 	; PWM 3 Control/Status Register  '
e:\TP\c3e4\ST7Lite2.INC(43): as1 : Warning 80: Couldn't find label in map file 'DCR0H.b		; PWM 0 Duty Cycle Register High'
e:\TP\c3e4\ST7Lite2.INC(44): as1 : Warning 80: Couldn't find label in map file 'DCR0L.b		; PWM 0 Duty Cycle Register Low   '
e:\TP\c3e4\ST7Lite2.INC(45): as1 : Warning 80: Couldn't find label in map file 'DCR1H.b		; PWM 0 Duty Cycle Register High'
e:\TP\c3e4\ST7Lite2.INC(46): as1 : Warning 80: Couldn't find label in map file 'DCR1L.b		; PWM 0 Duty Cycle Register Low   '
e:\TP\c3e4\ST7Lite2.INC(47): as1 : Warning 80: Couldn't find label in map file 'DCR2H.b		; PWM 0 Duty Cycle Register High'
e:\TP\c3e4\ST7Lite2.INC(48): as1 : Warning 80: Couldn't find label in map file 'DCR2L.b		; PWM 0 Duty Cycle Register Low   '
e:\TP\c3e4\ST7Lite2.INC(49): as1 : Warning 80: Couldn't find label in map file 'DCR3H.b		; PWM 0 Duty Cycle Register High'
e:\TP\c3e4\ST7Lite2.INC(50): as1 : Warning 80: Couldn't find label in map file 'DCR3L.b		; PWM 0 Duty Cycle Register Low   '
e:\TP\c3e4\ST7Lite2.INC(51): as1 : Warning 80: Couldn't find label in map file 'ATICRH.b		; Input Capture Register High '
e:\TP\c3e4\ST7Lite2.INC(52): as1 : Warning 80: Couldn't find label in map file 'ATICRL.b		; Input Capture Register Low'
e:\TP\c3e4\ST7Lite2.INC(53): as1 : Warning 80: Couldn't find label in map file 'TRANCR.b		; Transfer Control Register'
e:\TP\c3e4\ST7Lite2.INC(54): as1 : Warning 80: Couldn't find label in map file 'BREAKCR.b	; Break Control Register  '
e:\TP\c3e4\ST7Lite2.INC(60): as1 : Warning 80: Couldn't find label in map file 'WDGCR.b  	; Watchdog Control Register '
e:\TP\c3e4\ST7Lite2.INC(67): as1 : Warning 80: Couldn't find label in map file 'FCSR.b		; flash control/satus register'
e:\TP\c3e4\ST7Lite2.INC(73): as1 : Warning 80: Couldn't find label in map file 'EECSR.b		; data EEPROM control status register'
e:\TP\c3e4\ST7Lite2.INC(79): as1 : Warning 80: Couldn't find label in map file 'SPIDR.b		; SPI data I/O register'
e:\TP\c3e4\ST7Lite2.INC(80): as1 : Warning 80: Couldn't find label in map file 'SPICR.b		; SPI control register'
e:\TP\c3e4\ST7Lite2.INC(81): as1 : Warning 80: Couldn't find label in map file 'SPISR.b		; SPI status register'
e:\TP\c3e4\ST7Lite2.INC(87): as1 : Warning 80: Couldn't find label in map file 'ADCCSR.b		; ADC Control Status register'
e:\TP\c3e4\ST7Lite2.INC(88): as1 : Warning 80: Couldn't find label in map file 'ADCDRH.b  	; ADC Data register'
e:\TP\c3e4\ST7Lite2.INC(89): as1 : Warning 80: Couldn't find label in map file 'ADCDRL.b		; ADC Amplifier Control register'
e:\TP\c3e4\ST7Lite2.INC(95): as1 : Warning 80: Couldn't find label in map file 'EICR.b		; external interrupt control register'
e:\TP\c3e4\ST7Lite2.INC(101): as1 : Warning 80: Couldn't find label in map file 'MCCSR.b		; main clock control/status register'
e:\TP\c3e4\ST7Lite2.INC(107): as1 : Warning 80: Couldn't find label in map file 'RCCR.b		; RC oscilator control register'
e:\TP\c3e4\ST7Lite2.INC(108): as1 : Warning 80: Couldn't find label in map file 'SICSR.b		; system integrity control/status register'
e:\TP\c3e4\ST7Lite2.INC(114): as1 : Warning 80: Couldn't find label in map file 'EISR.b  ;  External Interrupt Selection Register'
e:\TP\c3e4\ST7Lite2.INC(120): as1 : Warning 80: Couldn't find label in map file 'DCMCLK.b  ; DALI Clock Register'
e:\TP\c3e4\ST7Lite2.INC(121): as1 : Warning 80: Couldn't find label in map file 'DCMFA.b  ; DALI Forward Address Register'
e:\TP\c3e4\ST7Lite2.INC(122): as1 : Warning 80: Couldn't find label in map file 'DCMFD.b  ; DALI Forward Data Register'
e:\TP\c3e4\ST7Lite2.INC(123): as1 : Warning 80: Couldn't find label in map file 'DCMBD.b  ; DALI Backward Data Register'
e:\TP\c3e4\ST7Lite2.INC(124): as1 : Warning 80: Couldn't find label in map file 'DCMCR.b  ; DALI Control Register'
e:\TP\c3e4\ST7Lite2.INC(125): as1 : Warning 80: Couldn't find label in map file 'DCMCSR.b  ; DALI Control/Status Register'
e:\TP\c3e4\ST7Lite2.INC(131): as1 : Warning 80: Couldn't find label in map file 'AWUPR.b  	; AWU Prescaler Register'
e:\TP\c3e4\ST7Lite2.INC(132): as1 : Warning 80: Couldn't find label in map file 'AWUCSR.b  ; AWU Control/Status Register'
e:\TP\c3e4\ST7Lite2.INC(138): as1 : Warning 80: Couldn't find label in map file 'DMCR.b  	; DM Control Register'
e:\TP\c3e4\ST7Lite2.INC(139): as1 : Warning 80: Couldn't find label in map file 'DMSR.b  	; DM Status Register'
e:\TP\c3e4\ST7Lite2.INC(140): as1 : Warning 80: Couldn't find label in map file 'DMBK1H.b  ; DM Breakpoint Register 1 High'
e:\TP\c3e4\ST7Lite2.INC(141): as1 : Warning 80: Couldn't find label in map file 'DMBK1L.b  ; DM Breakpoint Register 1 Low'
e:\TP\c3e4\ST7Lite2.INC(142): as1 : Warning 80: Couldn't find label in map file 'DMBK2H.b  ; DM Breakpoint Register 2 High'
e:\TP\c3e4\ST7Lite2.INC(143): as1 : Warning 80: Couldn't find label in map file 'DMBK2L.b  ; DM Breakpoint Register 2 Low'
No errors on assembly of 'e:\TP\c3e4\c3e4.asm'
No errors on assembly of 'e:\TP\c3e4\mapping.asm'
No errors on assembly of 'e:\TP\c3e4\mapping.asm'
No errors on assembly of 'e:\TP\c3e4\st7lite2.asm'
No errors on assembly of 'e:\TP\c3e4\st7lite2.asm'
No errors on assembly of 'e:\TP\c3e4\c3e4.asm'
No errors on assembly of 'e:\TP\c3e4\c3e4.asm'
No errors on assembly of 'e:\TP\c3e4\mapping.asm'
No errors on assembly of 'e:\TP\c3e4\st7lite2.asm'
No errors on assembly of 'e:\TP\c3e4\c3e4.asm'
