No errors on assembly of 'c:\tp_st7\tp\c3e6\mapping.asm'
No errors on assembly of 'c:\tp_st7\tp\c3e6\mapping.asm'
No errors on assembly of 'c:\tp_st7\tp\c3e6\st7lite2.asm'
No errors on assembly of 'c:\tp_st7\tp\c3e6\st7lite2.asm'
No errors on assembly of 'c:\tp_st7\tp\c3e6\c3e6.asm'
No errors on assembly of 'c:\tp_st7\tp\c3e6\c3e6.asm'
No errors on assembly of 'c:\tp_st7\tp\c3e6\mapping.asm'
No errors on assembly of 'c:\tp_st7\tp\c3e6\st7lite2.asm'
c:\tp_st7\tp\c3e6\c3e6.asm(36): as1 : Warning 73: Couldn't find entry for segment 'ram0' in Mapfile 'Debug\c3e6.map'
No errors on assembly of 'c:\tp_st7\tp\c3e6\c3e6.asm'
No errors on assembly of 'e:\TP\c3e6\mapping.asm'
No errors on assembly of 'e:\TP\c3e6\mapping.asm'
No errors on assembly of 'e:\TP\c3e6\st7lite2.asm'
No errors on assembly of 'e:\TP\c3e6\st7lite2.asm'
No errors on assembly of 'e:\TP\c3e6\c3e6.asm'
No errors on assembly of 'e:\TP\c3e6\c3e6.asm'
No errors on assembly of 'e:\TP\c3e6\mapping.asm'
No errors on assembly of 'e:\TP\c3e6\st7lite2.asm'
No errors on assembly of 'e:\TP\c3e6\c3e6.asm'
No errors on assembly of 'e:\TP\c3e6\mapping.asm'
No errors on assembly of 'e:\TP\c3e6\mapping.asm'
No errors on assembly of 'e:\TP\c3e6\st7lite2.asm'
No errors on assembly of 'e:\TP\c3e6\st7lite2.asm'
No errors on assembly of 'e:\TP\c3e6\c3e6.asm'
No errors on assembly of 'e:\TP\c3e6\c3e6.asm'
No errors on assembly of 'e:\TP\c3e6\mapping.asm'
No errors on assembly of 'e:\TP\c3e6\st7lite2.asm'
No errors on assembly of 'e:\TP\c3e6\c3e6.asm'
No errors on assembly of 'e:\TP\c3e6\mapping.asm'
No errors on assembly of 'e:\TP\c3e6\c3e6.asm'
No errors on assembly of 'e:\TP\c3e6\c3e6.asm'
No errors on assembly of 'e:\TP\c3e6\mapping.asm'
No errors on assembly of 'e:\TP\c3e6\st7lite2.asm'
No errors on assembly of 'e:\TP\c3e6\c3e6.asm'
