C:\TP_ST7\tp\c6e4\c6e4.asm(128): as1 : Error 54: Can't match Addressing mode '	add x,a'
C:\TP_ST7\tp\c6e4\c6e4.asm(154): as1 : Error 54: Can't match Addressing mode '	add a,x'
2 errors on assembly of 'C:\TP_ST7\tp\c6e4\c6e4.asm'
C:\TP_ST7\tp\c6e4\c6e4.asm(128): as1 : Error 54: Can't match Addressing mode '	add x,a'
C:\TP_ST7\tp\c6e4\c6e4.asm(154): as1 : Error 54: Can't match Addressing mode '	add a,x'
2 errors on assembly of 'C:\TP_ST7\tp\c6e4\c6e4.asm'
C:\TP_ST7\tp\c6e4\c6e4.asm(153): as1 : Error 54: Can't match Addressing mode '	add a,x'
1 error on assembly of 'C:\TP_ST7\tp\c6e4\c6e4.asm'
C:\TP_ST7\tp\c6e4\c6e4.asm(153): as1 : Error 54: Can't match Addressing mode '	add a,x'
1 error on assembly of 'C:\TP_ST7\tp\c6e4\c6e4.asm'
No errors on assembly of 'C:\TP_ST7\tp\c6e4\c6e4.asm'
No errors on assembly of 'C:\TP_ST7\tp\c6e4\c6e4.asm'
No errors on assembly of 'C:\TP_ST7\tp\c6e4\c6e4.asm'
No errors on assembly of 'C:\TP_ST7\tp\c6e4\c6e4.asm'
No errors on assembly of 'C:\TP_ST7\tp\c6e4\mapping.asm'
No errors on assembly of 'C:\TP_ST7\tp\c6e4\mapping.asm'
No errors on assembly of 'C:\TP_ST7\tp\c6e4\st7lite2.asm'
No errors on assembly of 'C:\TP_ST7\tp\c6e4\st7lite2.asm'
No errors on assembly of 'C:\TP_ST7\tp\c6e4\max7219.asm'
No errors on assembly of 'C:\TP_ST7\tp\c6e4\max7219.asm'
No errors on assembly of 'C:\TP_ST7\tp\c6e4\c6e4.asm'
No errors on assembly of 'C:\TP_ST7\tp\c6e4\c6e4.asm'
No errors on assembly of 'C:\TP_ST7\tp\c6e4\mapping.asm'
No errors on assembly of 'C:\TP_ST7\tp\c6e4\st7lite2.asm'
No errors on assembly of 'C:\TP_ST7\tp\c6e4\max7219.asm'
No errors on assembly of 'C:\TP_ST7\tp\c6e4\c6e4.asm'
