STMicroelectronics assembler v4.49   (C)1987-2016   Wed May 04 12:05:19 2016
Page 1  "c6e4.ASM"
                                               e:\TP\c6e4\c6e4.asm

   1                             ST7/      
   2                             
   3                             ;*************************************************************
                                 ;***********
   4                             ; TITLE:                
   5                             ; AUTHOR:               
   6                             ; DESCRIPTION:          
   7                             ;*************************************************************
                                 ;***********
   8                             
   9  0000                                 TITLE    "c6e4.ASM"
  10                                       
  11  0000                                 MOTOROLA 
  12                                       
   0  0000                                 #include "ST7Lite2.INC"
   1                             ;*************************************************************
                                 ;*********** 
   2                             ; TITLE:                ST7FLite2.INC
   3                             ; AUTHOR:               CMG Microcontroller Application Team
   4                             ; DESCRIPTION:          ST7FLite2 Register and memory mapping 
                                 ;
   5                             ;*************************************************************
                                 ;***********;*************************************************
                                 ;********************
   6                             
   7                             ;*************************************************************
                                 ;*********
   8                             ;		I/O Ports Registers
   9                             ;*************************************************************
                                 ;*********
  10                             
  11  0000                                 EXTERN   PADR.b        ; port A data register
  12  0000                                 EXTERN   PADDR.b       ; port A data direction 
                                                                  ;register
  13  0000                                 EXTERN   PAOR.b        ; port A option register
  14                             
  15  0000                                 EXTERN   PBDR.b        ; port B data register
  16  0000                                 EXTERN   PBDDR.b       ; port B data direction 
                                                                  ;register
  17  0000                                 EXTERN   PBOR.b        ; port B option register
  18                             
  19                             ;*************************************************************
                                 ;*********
  20                             ;		Lite Timer Registers
  21                             ;*************************************************************
                                 ;*********
  22                                       
  23  0000                                 EXTERN   LTCSR2.b      ; Lite Timer Control/Status 
                                                                  ;register 2
  24  0000                                 EXTERN   LTCARR.b      ; Lite Timer Auto-reload 
                                                                  ;register
  25  0000                                 EXTERN   LTCNTR.b      ; Lite Timer Counter register
  26  0000                                 EXTERN   LTCSR1.b      ; Lite Timer Control/Status 
                                                                  ;register 1
  27  0000                                 EXTERN   LTICR.b       ; Lite Timer Input Capture 
                                                                  ;register
  28                                       
STMicroelectronics assembler v4.49   (C)1987-2016   Wed May 04 12:05:19 2016
Page 2  "c6e4.ASM"
                                               e:\TP\c6e4\ST7Lite2.INC

  29                             ;*************************************************************
                                 ;*********
  30                             ;		Auto reload timer registers
  31                             ;*************************************************************
                                 ;*********
  32                             
  33  0000                                 EXTERN   ATCSR.b       ; Timer Control/Status register 
                                                                  ;1
  34  0000                                 EXTERN   CNTRH.b       ; Counter Register High
  35  0000                                 EXTERN   CNTRL.b       ; Counter Register Low 
  36  0000                                 EXTERN   ATRH.b        ; Auto-Reload Register High
  37  0000                                 EXTERN   ATRL.b        ; Auto-Reload Register Low
  38  0000                                 EXTERN   PWMCR.b       ; PWM Output Control Register
  39  0000                                 EXTERN   PWM0CSR.b     ; PWM 0 Control/Status Register 
                                                                  ; 
  40  0000                                 EXTERN   PWM1CSR.b     ; PWM 1 Control/Status Register 
                                                                  ; 
  41  0000                                 EXTERN   PWM2CSR.b     ; PWM 2 Control/Status Register 
                                                                  ; 
  42  0000                                 EXTERN   PWM3CSR.b     ; PWM 3 Control/Status Register 
                                                                  ; 
  43  0000                                 EXTERN   DCR0H.b       ; PWM 0 Duty Cycle Register 
                                                                  ;High
  44  0000                                 EXTERN   DCR0L.b       ; PWM 0 Duty Cycle Register Low 
                                                                  ;  
  45  0000                                 EXTERN   DCR1H.b       ; PWM 0 Duty Cycle Register 
                                                                  ;High
  46  0000                                 EXTERN   DCR1L.b       ; PWM 0 Duty Cycle Register Low 
                                                                  ;  
  47  0000                                 EXTERN   DCR2H.b       ; PWM 0 Duty Cycle Register 
                                                                  ;High
  48  0000                                 EXTERN   DCR2L.b       ; PWM 0 Duty Cycle Register Low 
                                                                  ;  
  49  0000                                 EXTERN   DCR3H.b       ; PWM 0 Duty Cycle Register 
                                                                  ;High
  50  0000                                 EXTERN   DCR3L.b       ; PWM 0 Duty Cycle Register Low 
                                                                  ;  
  51  0000                                 EXTERN   ATICRH.b      ; Input Capture Register High 
  52  0000                                 EXTERN   ATICRL.b      ; Input Capture Register Low
  53  0000                                 EXTERN   TRANCR.b      ; Transfer Control Register
  54  0000                                 EXTERN   BREAKCR.b     ; Break Control Register  
  55                             
  56                             ;*************************************************************
                                 ;*********
  57                             ;                        Watchdog Control  register
  58                             ;*************************************************************
                                 ;*********
  59                                       
  60  0000                                 EXTERN   WDGCR.b       ; Watchdog Control Register 
  61                             
  62                             
  63                             ;*************************************************************
                                 ;*********
  64                             ;		Flash Register
  65                             ;*************************************************************
                                 ;*********
  66                             
STMicroelectronics assembler v4.49   (C)1987-2016   Wed May 04 12:05:19 2016
Page 3  "c6e4.ASM"
                                               e:\TP\c6e4\ST7Lite2.INC

  67  0000                                 EXTERN   FCSR.b        ; flash control/satus register
  68                             
  69                             ;*************************************************************
                                 ;*********
  70                             ;		EEPROM Register
  71                             ;*************************************************************
                                 ;*********
  72                             
  73  0000                                 EXTERN   EECSR.b       ; data EEPROM control status 
                                                                  ;register
  74                             
  75                             ;*************************************************************
                                 ;*********
  76                             ;		SPI Registers
  77                             ;*************************************************************
                                 ;*********
  78                             
  79  0000                                 EXTERN   SPIDR.b       ; SPI data I/O register
  80  0000                                 EXTERN   SPICR.b       ; SPI control register
  81  0000                                 EXTERN   SPISR.b       ; SPI status register
  82                             
  83                             ;*************************************************************
                                 ;*********
  84                             ;		ADC Registers
  85                             ;*************************************************************
                                 ;*********
  86                                       
  87  0000                                 EXTERN   ADCCSR.b      ; ADC Control Status register
  88  0000                                 EXTERN   ADCDRH.b      ; ADC Data register
  89  0000                                 EXTERN   ADCDRL.b      ; ADC Amplifier Control 
                                                                  ;register
  90                                       
  91                             ;*************************************************************
                                 ;*********
  92                             ;		ITC Registers
  93                             ;*************************************************************
                                 ;*********
  94                                       
  95  0000                                 EXTERN   EICR.b        ; external interrupt control 
                                                                  ;register
  96                             
  97                             ;*************************************************************
                                 ;*********
  98                             ;		MCC egisters
  99                             ;*************************************************************
                                 ;*********
 100                             
 101  0000                                 EXTERN   MCCSR.b       ; main clock control/status 
                                                                  ;register
 102                                       
 103                             ;*************************************************************
                                 ;*********
 104                             ;		Clock & Reset Registers
 105                             ;*************************************************************
                                 ;*********
 106                             
 107  0000                                 EXTERN   RCCR.b        ; RC oscilator control register
STMicroelectronics assembler v4.49   (C)1987-2016   Wed May 04 12:05:19 2016
Page 4  "c6e4.ASM"
                                               e:\TP\c6e4\ST7Lite2.INC

 108  0000                                 EXTERN   SICSR.b       ; system integrity 
                                                                  ;control/status register
 109                             
 110                             ;*************************************************************
                                 ;*********
 111                             ;                        External Interrupt Selection 
                                 ;Registers
 112                             ;*************************************************************
                                 ;*********
 113                             
 114  0000                                 EXTERN   EISR.b        ;  External Interrupt Selection 
                                                                  ;Register
 115                             
 116                             ;*************************************************************
                                 ;*********
 117                             ;                        Dali Registers
 118                             ;*************************************************************
                                 ;*********
 119                             
 120  0000                                 EXTERN   DCMCLK.b      ; DALI Clock Register
 121  0000                                 EXTERN   DCMFA.b       ; DALI Forward Address Register
 122  0000                                 EXTERN   DCMFD.b       ; DALI Forward Data Register
 123  0000                                 EXTERN   DCMBD.b       ; DALI Backward Data Register
 124  0000                                 EXTERN   DCMCR.b       ; DALI Control Register
 125  0000                                 EXTERN   DCMCSR.b      ; DALI Control/Status Register
 126                             
 127                             ;*************************************************************
                                 ;*********
 128                             ;                        AWU Registers
 129                             ;*************************************************************
                                 ;*********
 130                             
 131  0000                                 EXTERN   AWUPR.b       ; AWU Prescaler Register
 132  0000                                 EXTERN   AWUCSR.b      ; AWU Control/Status Register
 133                             
 134                             ;*************************************************************
                                 ;*********
 135                             ;                        DM Registers
 136                             ;*************************************************************
                                 ;*********
 137                             
 138  0000                                 EXTERN   DMCR.b        ; DM Control Register
 139  0000                                 EXTERN   DMSR.b        ; DM Status Register
 140  0000                                 EXTERN   DMBK1H.b      ; DM Breakpoint Register 1 High
 141  0000                                 EXTERN   DMBK1L.b      ; DM Breakpoint Register 1 Low
 142  0000                                 EXTERN   DMBK2H.b      ; DM Breakpoint Register 2 High
 143  0000                                 EXTERN   DMBK2L.b      ; DM Breakpoint Register 2 Low
 144                             
<END_OF_INCLUSION>
  14                                                              ;#include "MAX7219.ASM"
   0  0000                                 #include "MAX7219.INC"
   1                             
   2                             ;*************************************************************
                                 ;***********
   3                             ; TITLE:                MAX7219.ASM
   4                             ; AUTHOR:               Nicolas Coquelle
   5                             ; DESCRIPTION:          Bibliothèque pour l'utilisation d'un 
                                 ;MAX7219
STMicroelectronics assembler v4.49   (C)1987-2016   Wed May 04 12:05:19 2016
Page 5  "c6e4.ASM"
                                               e:\TP\c6e4\MAX7219.INC

   6                             ;                       pour l'affichage sur des afficheurs 7 
                                 ;segments
   7                             ;*************************************************************
                                 ;***********
   8                             
   9  0000                                 EXTERN   MAX7219_Init
  10  0000                                 EXTERN   MAX7219_ShutdownStart
  11  0000                                 EXTERN   MAX7219_ShutdownStop
  12  0000                                 EXTERN   MAX7219_DisplayTestStart
  13  0000                                 EXTERN   MAX7219_DisplayTestStop
  14  0000                                 EXTERN   MAX7219_SetBrightness, SetBrightness_Bright.B
  15  0000                                 EXTERN   MAX7219_Clear
  16  0000                                 EXTERN   MAX7219_AllumePoint
  17  0000                                 EXTERN   MAX7219_AfficheP
  18  0000                                 EXTERN   MAX7219_DisplayChar, DisplayChar_Digit.B, DisplayChar_Character.B
  19                             
  20                             ;*** (c) 2002  Nicolas Coquelle - ISEM 
                                 ;**************************************
<END_OF_INCLUSION>
  16                             
  17                                                              ; Enlever le commentaire si vous
                                                                  ; utilisez les afficheurs
  18                             ;	#include "MAX7219.INC"
  19                             
  20                             
  21                             ;*************************************************************
                                 ;***********
  22                             ;
  23                             ;  ZONE DE DECLARATION DES SYMBOLES
  24                             ;
  25                             ;*************************************************************
                                 ;***********
  26                             
  27                             
  28                             
  29                             ;*************************************************************
                                 ;***********
  30                             ;
  31                             ;  FIN DE LA ZONE DE DECLARATION DES SYMBOLES
  32                             ;
  33                             ;*************************************************************
                                 ;***********
  34                             
  35                                       
  36  0000                                 BYTES    
  37                                       
  38                                       segment  byte 'ram0'
  39                             
  40                             ;*************************************************************
                                 ;***********
  41                             ;
  42                             ;  ZONE DE DECLARATION DES VARIABLES
  43                             ;
  44                             ;*************************************************************
                                 ;***********
  45                             
  46  0088                       valeurUnite  DS.B     1
  47  0089                       valeurDizaine  DS.B     1
STMicroelectronics assembler v4.49   (C)1987-2016   Wed May 04 12:05:19 2016
Page 6  "c6e4.ASM"
                                               e:\TP\c6e4\c6e4.asm

  48  008A                       retenue   DS.B     1
  49                             
  50                             
  51                             ;*************************************************************
                                 ;***********
  52                             ;
  53                             ;  FIN DE LA ZONE DE DECLARATION DES VARIABLES
  54                             ;
  55                             ;*************************************************************
                                 ;***********
  56                             
  57                             
  58  008B                                 WORDS    
  59                             
  60                                       segment  byte 'rom'
  61                             
  62                             ;*************************************************************
                                 ;***********
  63                             ;
  64                             ;  ZONE DE DECLARATION DES CONSTANTES
  65                             ;
  66                             ;*************************************************************
                                 ;***********
  67                             
  68                             
  69                             
  70                             
  71                             ;*************************************************************
                                 ;***********
  72                             ;
  73                             ;  FIN DE LA ZONE DE DECLARATION DES CONSTANTES
  74                             ;
  75                             ;*************************************************************
                                 ;***********
  76                             
  77                             ;-------------------------------------------------------------
                                 ;-----------
  78                             
  79                             ;*************************************************************
                                 ;***********
  80                             ;
  81                             ;  ZONE DE DECLARATION DES SOUS-PROGRAMMES
  82                             ;
  83                             ;*************************************************************
                                 ;***********
  84                             
  85                             init_port_spi:  
  86  E0FD   A60C                          ld       a,#$0C
  87  E0FF   B732                          ld       SPICR,a
  88  E101   A603                          ld       a,#$03
  89  E103   B733                          ld       SPISR,a
  90  E105   A65C                          ld       a,#$5C
  91  E107   B732                          ld       SPICR,a
  92                                       
  93  E109   B604                          LD       A,PBDDR       ;init PBDDR dire quoi est en 
                                                                  ;push/pull etc
  94  E10B   AA04                          OR       A,#%00000100
STMicroelectronics assembler v4.49   (C)1987-2016   Wed May 04 12:05:19 2016
Page 7  "c6e4.ASM"
                                               e:\TP\c6e4\c6e4.asm

  95  E10D   B704                          LD       PBDDR,A
  96                                       
  97  E10F   B605                          LD       A,PBOR        ;init PBOR
  98  E111   AA04                          OR       A,#%00000100
  99  E113   B705                          LD       PBOR,A
 100  E115   81                            RET      
 101                             
 102                             ;----------------------------------------------------------;
 103                             
 104                             init_chrono:  
 105  E116   3F88                          clr      valeurUnite
 106  E118   3F89                          clr      valeurDizaine
 107  E11A   3F8A                          clr      retenue
 108  E11C   81                            ret      
 109                             
 110                             ;----------------------------------------------------------;
 111                             
 112                             init_aff:  
 113  E11D   CDE010                        call     MAX7219_Init
 114  E120   CDE081                        call     MAX7219_Clear
 115  E123   81                            ret      
 116                             
 117                             ;----------------------------------------------------------;
 118                             
 119                             inc_aff:  
 120  E124   B688                          ld       a,valeurUnite
 121                                                              ;--- if(a == 9) ---
 122  E126   A109                          cp       a,#9
 123  E128   260A                          jrne     inc_u
 124                                                              ;--- then{ ---
 125  E12A   3F88                          clr      valeurUnite
 126  E12C   BE8A                          ld       x,retenue
 127  E12E   5C                            inc      x
 128  E12F   BF8A                          ld       retenue, x
 129  E131   CCE137                        jp       n_inc_u
 130                                                              ;--- }end_then ---
 131                                                              ;--- else{ ---
 132                             inc_u     
 133  E134   4C                            inc      a
 134  E135   B788                          ld       valeurUnite, a
 135                                                              ;--- }end_else ---
 136                                       
 137                             n_inc_u   
 138  E137   BE8A                          ld       x,retenue
 139                                                              ;--- if(x != 0) ---
 140  E139   A300                          cp       x,#0
 141  E13B   2713                          jreq     n_inc_d
 142                                                              ;--- then{ ---
 143  E13D   B689                          ld       a,valeurDizaine
 144                                                              ;--- if(a == 9) ---
 145  E13F   A109                          cp       a,#9
 146  E141   2607                          jrne     inc_d
 147                                                              ;--- then{ ---
 148  E143   3F89                          clr      valeurDizaine
 149  E145   3F8A                          clr      retenue
 150  E147   CCE150                        jp       n_inc_d
 151                                                              ;--- }end_then ---
STMicroelectronics assembler v4.49   (C)1987-2016   Wed May 04 12:05:19 2016
Page 8  "c6e4.ASM"
                                               e:\TP\c6e4\c6e4.asm

 152                                                              ;--- else{ ---
 153                             inc_d     
 154  E14A   BB8A                          add      a,retenue
 155  E14C   B789                          ld       valeurDizaine, a
 156                                                              ;--- }end_else ---
 157  E14E   3F8A                          clr      retenue
 158                                                              ;-- }end_then ---
 159                             n_inc_d   
 160                                       
 161  E150   81                            ret      
 162                             
 163                             ;----------------------------------------------------------;
 164                             
 165                             aff_u:    
 166  E151   A604                          ld       a,#4
 167  E153   B781                          ld       DisplayChar_Digit,a
 168  E155   B688                          ld       a, valeurUnite
 169  E157   B782                          ld       DisplayChar_Character,a
 170  E159   CDE092                        call     MAX7219_DisplayChar
 171  E15C   81                            ret      
 172                             
 173                             ;----------------------------------------------------------;
 174                             
 175                             aff_d:    
 176  E15D   A603                          ld       a,#3
 177  E15F   B781                          ld       DisplayChar_Digit,a
 178  E161   B689                          ld       a, valeurDizaine
 179  E163   B782                          ld       DisplayChar_Character,a
 180  E165   CDE092                        call     MAX7219_DisplayChar
 181  E168   81                            ret      
 182                             
 183                             ;----------------------------------------------------------;
 184                             
 185                             tempo:    
 186                             initBoucle1:  
 187  E169   5F                            CLR      X
 188                             boucle1:  
 189  E16A   5C                            INC      X
 190  E16B   CDE173                        CALL     initBoucle2
 191  E16E   A3C8                          CP       X,#200
 192  E170   26F8                          JRNE     boucle1
 193  E172   81                            RET      
 194                             initBoucle2:  
 195  E173   905F                          CLR      Y
 196                             boucle2:  
 197  E175   905C                          INC      Y
 198  E177   90A3C8                        CP       Y,#200
 199  E17A   26F9                          JRNE     boucle2
 200  E17C   81                            RET      
 201                             
 202                             ;*************************************************************
                                 ;***********
 203                             ;
 204                             ;  FIN DE LA ZONE DE DECLARATION DES SOUS-PROGRAMMES
 205                             ;
 206                             ;*************************************************************
                                 ;***********
STMicroelectronics assembler v4.49   (C)1987-2016   Wed May 04 12:05:19 2016
Page 9  "c6e4.ASM"
                                               e:\TP\c6e4\c6e4.asm

 207                             
 208                             
 209                             ;*************************************************************
                                 ;***********
 210                             ;
 211                             ;  PROGRAMME PRINCIPAL
 212                             ;
 213                             ;*************************************************************
                                 ;***********
 214                             
 215                             main:     
 216  E17D   9C                            RSP                    ; Reset Stack Pointer
 217                                       
 218  E17E   CDE0FD                        call     init_port_spi
 219  E181   CDE11D                        call     init_aff
 220  E184   CDE116                        call     init_chrono
 221                                       
 222                             boucl     
 223  E187   CDE151                        call     aff_u
 224  E18A   CDE15D                        call     aff_d
 225                                       
 226  E18D   CDE124                        call     inc_aff
 227                                       
 228  E190   CDE169                        call     tempo
 229                             
 230  E193   CCE187                        JP       boucl
 231                             
 232                             ;*************************************************************
                                 ;***********
 233                             ;
 234                             ;  ZONE DE DECLARATION DES SOUS-PROGRAMMES D'INTERRUPTION
 235                             ;
 236                             ;*************************************************************
                                 ;***********
 237                             
 238                             
 239  E196   80                  dummy_rt:  IRET                   ; Procédure vide : retour au 
                                                                  ;programme principal.
 240                             
 241                             
 242                             
 243                             ;*************************************************************
                                 ;***********
 244                             ;
 245                             ;  ZONE DE DECLARATION DES VECTEURS D'INTERRUPTION
 246                             ;
 247                             ;*************************************************************
                                 ;***********
 248                             
 249                             
 250                                       segment  'vectit'
 251                             
 252                             
 253  FFE0   E196                          DC.W     dummy_rt      ; Adresse FFE0-FFE1h
 254  FFE2   E196                SPI_it    DC.W     dummy_rt      ; Adresse FFE2-FFE3h
 255  FFE4   E196                lt_RTC1_it  DC.W     dummy_rt      ; Adresse FFE4-FFE5h
 256  FFE6   E196                lt_IC_it  DC.W     dummy_rt      ; Adresse FFE6-FFE7h
STMicroelectronics assembler v4.49   (C)1987-2016   Wed May 04 12:05:19 2016
Page 10  "c6e4.ASM"
                                               e:\TP\c6e4\c6e4.asm

 257  FFE8   E196                at_timerover_it  DC.W     dummy_rt      ; Adresse FFE8-FFE9h
 258  FFEA   E196                at_timerOC_it  DC.W     dummy_rt      ; Adresse FFEA-FFEBh
 259  FFEC   E196                AVD_it    DC.W     dummy_rt      ; Adresse FFEC-FFEDh
 260  FFEE   E196                          DC.W     dummy_rt      ; Adresse FFEE-FFEFh
 261  FFF0   E196                lt_RTC2_it  DC.W     dummy_rt      ; Adresse FFF0-FFF1h
 262  FFF2   E196                ext3_it   DC.W     dummy_rt      ; Adresse FFF2-FFF3h
 263  FFF4   E196                ext2_it   DC.W     dummy_rt      ; Adresse FFF4-FFF5h
 264  FFF6   E196                ext1_it   DC.W     dummy_rt      ; Adresse FFF6-FFF7h
 265  FFF8   E196                ext0_it   DC.W     dummy_rt      ; Adresse FFF8-FFF9h
 266  FFFA   E196                AWU_it    DC.W     dummy_rt      ; Adresse FFFA-FFFBh
 267  FFFC   E196                softit    DC.W     dummy_rt      ; Adresse FFFC-FFFDh
 268  FFFE   E17D                reset     DC.W     main          ; Adresse FFFE-FFFFh
 269                             
 270                             
 271  0000                                 END      
STMicroelectronics assembler v4.49   (C)1987-2016   Wed May 04 12:05:19 2016
Page 11  "c6e4.ASM"
                                               e:\TP\c6e4\c6e4.asm

Symbol Name                       Value     Call       Type  Scope      Rel.  Line  Privacy  Segment   Size  Bytes File

ATCSR                                   0D         no  BYTE  Internal   ABS     33  private  data         0     0  e:\TP\c6e4\ST7Lite2.INC
ATRH                                    10         no  BYTE  Internal   ABS     36  private  data         0     0  e:\TP\c6e4\ST7Lite2.INC
ATRL                                    11         no  BYTE  Internal   ABS     37  private  data         0     0  e:\TP\c6e4\ST7Lite2.INC
ATICRH                                  1F         no  BYTE  Internal   ABS     51  private  data         0     0  e:\TP\c6e4\ST7Lite2.INC
ATICRL                                  20         no  BYTE  Internal   ABS     52  private  data         0     0  e:\TP\c6e4\ST7Lite2.INC
ADCCSR                                  34         no  BYTE  Internal   ABS     87  private  data         0     0  e:\TP\c6e4\ST7Lite2.INC
ADCDRH                                  35         no  BYTE  Internal   ABS     88  private  data         0     0  e:\TP\c6e4\ST7Lite2.INC
ADCDRL                                  36         no  BYTE  Internal   ABS     89  private  data         0     0  e:\TP\c6e4\ST7Lite2.INC
AWUPR                                   49         no  BYTE  Internal   ABS    131  private  data         0     0  e:\TP\c6e4\ST7Lite2.INC
AWUCSR                                  4A         no  BYTE  Internal   ABS    132  private  data         0     0  e:\TP\c6e4\ST7Lite2.INC
AVD_it                                FFEC         no  WORD  Internal   ABS    259  private  data         4     2  -
AWU_it                                FFFA         no  WORD  Internal   ABS    266  private  data         2     2  -

BREAKCR                                 22         no  BYTE  Internal   ABS     54  private  data         0     0  e:\TP\c6e4\ST7Lite2.INC

CNTRH                                   0E         no  BYTE  Internal   ABS     34  private  data         0     0  e:\TP\c6e4\ST7Lite2.INC
CNTRL                                   0F         no  BYTE  Internal   ABS     35  private  data         0     0  e:\TP\c6e4\ST7Lite2.INC

DCR0H                                   17         no  BYTE  Internal   ABS     43  private  data         0     0  e:\TP\c6e4\ST7Lite2.INC
DCR0L                                   18         no  BYTE  Internal   ABS     44  private  data         0     0  e:\TP\c6e4\ST7Lite2.INC
DCR1H                                   19         no  BYTE  Internal   ABS     45  private  data         0     0  e:\TP\c6e4\ST7Lite2.INC
DCR1L                                   1A         no  BYTE  Internal   ABS     46  private  data         0     0  e:\TP\c6e4\ST7Lite2.INC
DCR2H                                   1B         no  BYTE  Internal   ABS     47  private  data         0     0  e:\TP\c6e4\ST7Lite2.INC
DCR2L                                   1C         no  BYTE  Internal   ABS     48  private  data         0     0  e:\TP\c6e4\ST7Lite2.INC
DCR3H                                   1D         no  BYTE  Internal   ABS     49  private  data         0     0  e:\TP\c6e4\ST7Lite2.INC
DCR3L                                   1E         no  BYTE  Internal   ABS     50  private  data         0     0  e:\TP\c6e4\ST7Lite2.INC
DCMCLK                                  40         no  BYTE  Internal   ABS    120  private  data         0     0  e:\TP\c6e4\ST7Lite2.INC
DCMFA                                   41         no  BYTE  Internal   ABS    121  private  data         0     0  e:\TP\c6e4\ST7Lite2.INC
DCMFD                                   42         no  BYTE  Internal   ABS    122  private  data         0     0  e:\TP\c6e4\ST7Lite2.INC
DCMBD                                   43         no  BYTE  Internal   ABS    123  private  data         0     0  e:\TP\c6e4\ST7Lite2.INC
DCMCR                                   44         no  BYTE  Internal   ABS    124  private  data         0     0  e:\TP\c6e4\ST7Lite2.INC
DCMCSR                                  45         no  BYTE  Internal   ABS    125  private  data         0     0  e:\TP\c6e4\ST7Lite2.INC
DMCR                                    4B         no  BYTE  Internal   ABS    138  private  data         0     0  e:\TP\c6e4\ST7Lite2.INC
DMSR                                    4C         no  BYTE  Internal   ABS    139  private  data         0     0  e:\TP\c6e4\ST7Lite2.INC
DMBK1H                                  4D         no  BYTE  Internal   ABS    140  private  data         0     0  e:\TP\c6e4\ST7Lite2.INC
DMBK1L                                  4E         no  BYTE  Internal   ABS    141  private  data         0     0  e:\TP\c6e4\ST7Lite2.INC
DMBK2H                                  4F         no  BYTE  Internal   ABS    142  private  data         0     0  e:\TP\c6e4\ST7Lite2.INC
DMBK2L                                  50         no  BYTE  Internal   ABS    143  private  data         0     0  e:\TP\c6e4\ST7Lite2.INC
DisplayChar_Digit                       81         no  BYTE  Internal   ABS     18  private  data         0     0  e:\TP\c6e4\MAX7219.INC
DisplayChar_Character                   82         no  BYTE  Internal   ABS     18  private  data         0     0  e:\TP\c6e4\MAX7219.INC

EECSR                                   30         no  BYTE  Internal   ABS     73  private  data         0     0  e:\TP\c6e4\ST7Lite2.INC
EICR                                    37         no  BYTE  Internal   ABS     95  private  data         0     0  e:\TP\c6e4\ST7Lite2.INC
EISR                                    3C         no  BYTE  Internal   ABS    114  private  data         0     0  e:\TP\c6e4\ST7Lite2.INC

FCSR                                    2F         no  BYTE  Internal   ABS     67  private  data         0     0  e:\TP\c6e4\ST7Lite2.INC

LTCSR2                                  08         no  BYTE  Internal   ABS     23  private  data         0     0  e:\TP\c6e4\ST7Lite2.INC
LTCARR                                  09         no  BYTE  Internal   ABS     24  private  data         0     0  e:\TP\c6e4\ST7Lite2.INC
LTCNTR                                  0A         no  BYTE  Internal   ABS     25  private  data         0     0  e:\TP\c6e4\ST7Lite2.INC
LTCSR1                                  0B         no  BYTE  Internal   ABS     26  private  data         0     0  e:\TP\c6e4\ST7Lite2.INC
LTICR                                   0C         no  BYTE  Internal   ABS     27  private  data         0     0  e:\TP\c6e4\ST7Lite2.INC

MCCSR                                   38         no  BYTE  Internal   ABS    101  private  data         0     0  e:\TP\c6e4\ST7Lite2.INC
MAX7219_Init                          E010         no  WORD  Internal   ABS      9  private  data         0     0  e:\TP\c6e4\MAX7219.INC
STMicroelectronics assembler v4.49   (C)1987-2016   Wed May 04 12:05:19 2016
Page 12  "c6e4.ASM"
                                               e:\TP\c6e4\c6e4.asm

MAX7219_ShutdownStart                 E039         no  WORD  Internal   ABS     10  private  data         0     0  e:\TP\c6e4\MAX7219.INC
MAX7219_ShutdownStop                  E047         no  WORD  Internal   ABS     11  private  data         0     0  e:\TP\c6e4\MAX7219.INC
MAX7219_DisplayTestStart              E055         no  WORD  Internal   ABS     12  private  data         0     0  e:\TP\c6e4\MAX7219.INC
MAX7219_DisplayTestStop               E063         no  WORD  Internal   ABS     13  private  data         0     0  e:\TP\c6e4\MAX7219.INC
MAX7219_SetBrightness                 E071         no  WORD  Internal   ABS     14  private  data         0     0  e:\TP\c6e4\MAX7219.INC
MAX7219_Clear                         E081         no  WORD  Internal   ABS     15  private  data         0     0  e:\TP\c6e4\MAX7219.INC
MAX7219_AllumePoint                   E0A7         no  WORD  Internal   ABS     16  private  data         0     0  e:\TP\c6e4\MAX7219.INC
MAX7219_AfficheP                      E0B5         no  WORD  Internal   ABS     17  private  data         0     0  e:\TP\c6e4\MAX7219.INC
MAX7219_DisplayChar                   E092         no  WORD  Internal   ABS     18  private  data         0     0  e:\TP\c6e4\MAX7219.INC

PADR                                    00         no  BYTE  Internal   ABS     11  private  data         0     0  e:\TP\c6e4\ST7Lite2.INC
PADDR                                   01         no  BYTE  Internal   ABS     12  private  data         0     0  e:\TP\c6e4\ST7Lite2.INC
PAOR                                    02         no  BYTE  Internal   ABS     13  private  data         0     0  e:\TP\c6e4\ST7Lite2.INC
PBDR                                    03         no  BYTE  Internal   ABS     15  private  data         0     0  e:\TP\c6e4\ST7Lite2.INC
PBDDR                                   04         no  BYTE  Internal   ABS     16  private  data         0     0  e:\TP\c6e4\ST7Lite2.INC
PBOR                                    05         no  BYTE  Internal   ABS     17  private  data         0     0  e:\TP\c6e4\ST7Lite2.INC
PWMCR                                   12         no  BYTE  Internal   ABS     38  private  data         0     0  e:\TP\c6e4\ST7Lite2.INC
PWM0CSR                                 13         no  BYTE  Internal   ABS     39  private  data         0     0  e:\TP\c6e4\ST7Lite2.INC
PWM1CSR                                 14         no  BYTE  Internal   ABS     40  private  data         0     0  e:\TP\c6e4\ST7Lite2.INC
PWM2CSR                                 15         no  BYTE  Internal   ABS     41  private  data         0     0  e:\TP\c6e4\ST7Lite2.INC
PWM3CSR                                 16         no  BYTE  Internal   ABS     42  private  data         0     0  e:\TP\c6e4\ST7Lite2.INC

RCCR                                    39         no  BYTE  Internal   ABS    107  private  data         0     0  e:\TP\c6e4\ST7Lite2.INC

SPIDR                                   31         no  BYTE  Internal   ABS     79  private  data         0     0  e:\TP\c6e4\ST7Lite2.INC
SPICR                                   32         no  BYTE  Internal   ABS     80  private  data         0     0  e:\TP\c6e4\ST7Lite2.INC
SPISR                                   33         no  BYTE  Internal   ABS     81  private  data         0     0  e:\TP\c6e4\ST7Lite2.INC
SICSR                                   3A         no  BYTE  Internal   ABS    108  private  data         0     0  e:\TP\c6e4\ST7Lite2.INC
SetBrightness_Bright                    80         no  BYTE  Internal   ABS     14  private  data         0     0  e:\TP\c6e4\MAX7219.INC
SPI_it                                FFE2         no  WORD  Internal   ABS    254  private  data         2     2  -

TRANCR                                  21         no  BYTE  Internal   ABS     53  private  data         0     0  e:\TP\c6e4\ST7Lite2.INC

WDGCR                                   2E         no  BYTE  Internal   ABS     60  private  data         0     0  e:\TP\c6e4\ST7Lite2.INC

aff_u                                 E151         no  WORD  Internal   ABS    165  private  text        12     0  -
aff_d                                 E15D         no  WORD  Internal   ABS    175  private  text        12     0  -
at_timerover_it                       FFE8         no  WORD  Internal   ABS    257  private  data         2     2  -
at_timerOC_it                         FFEA         no  WORD  Internal   ABS    258  private  data         2     2  -

boucle1                               E16A         no  WORD  Internal   ABS    188  private  text         9     0  -
boucle2                               E175         no  WORD  Internal   ABS    196  private  text         8     0  -
boucl                                 E187         no  WORD  Internal   ABS    222  private  text        15     0  -

dummy_rt                              E196         no  WORD  Internal   ABS    239  private  text         1     0  -

ext3_it                               FFF2         no  WORD  Internal   ABS    262  private  data         2     2  -
ext2_it                               FFF4         no  WORD  Internal   ABS    263  private  data         2     2  -
ext1_it                               FFF6         no  WORD  Internal   ABS    264  private  data         2     2  -
ext0_it                               FFF8         no  WORD  Internal   ABS    265  private  data         2     2  -

init_port_spi                         E0FD         no  WORD  Internal   ABS     85  private  text        25     0  -
init_chrono                           E116         no  WORD  Internal   ABS    104  private  text         7     0  -
init_aff                              E11D         no  WORD  Internal   ABS    112  private  text         7     0  -
inc_aff                               E124         no  WORD  Internal   ABS    119  private  text        16     0  -
inc_u                                 E134         no  WORD  Internal   ABS    132  private  text         3     0  -
inc_d                                 E14A         no  WORD  Internal   ABS    153  private  text         6     0  -
STMicroelectronics assembler v4.49   (C)1987-2016   Wed May 04 12:05:19 2016
Page 13  "c6e4.ASM"
                                               e:\TP\c6e4\c6e4.asm

initBoucle1                           E169         no  WORD  Internal   ABS    186  private  text         1     0  -
initBoucle2                           E173         no  WORD  Internal   ABS    194  private  text         2     0  -

lt_RTC1_it                            FFE4         no  WORD  Internal   ABS    255  private  data         2     2  -
lt_IC_it                              FFE6         no  WORD  Internal   ABS    256  private  data         2     2  -
lt_RTC2_it                            FFF0         no  WORD  Internal   ABS    261  private  data         2     2  -

main                                  E17D         no  WORD  Internal   ABS    215  private  text        10     0  -

n_inc_u                               E137         no  WORD  Internal   ABS    137  private  text        19     0  -
n_inc_d                               E150         no  WORD  Internal   ABS    159  private  text         1     0  -

retenue                                 8A         no  BYTE  Internal   ABS     48  private  bss          1     1  -
reset                                 FFFE         no  WORD  Internal   ABS    268  private  data         2     2  -

softit                                FFFC         no  WORD  Internal   ABS    267  private  data         2     2  -

tempo                                 E169         no  WORD  Internal   ABS    185  private  text         1     0  -

valeurUnite                             88         no  BYTE  Internal   ABS     46  private  bss          1     1  -
valeurDizaine                           89         no  BYTE  Internal   ABS     47  private  bss          1     1  -


109 labels
No errors on assembly of 'e:\TP\c6e4\c6e4.asm'