No errors on assembly of 'e:\TP\c3e2\mapping.asm'
No errors on assembly of 'e:\TP\c3e2\mapping.asm'
No errors on assembly of 'e:\TP\c3e2\st7lite2.asm'
No errors on assembly of 'e:\TP\c3e2\st7lite2.asm'
No errors on assembly of 'e:\TP\c3e2\c3e2.asm'
No errors on assembly of 'e:\TP\c3e2\c3e2.asm'
No errors on assembly of 'e:\TP\c3e2\mapping.asm'
No errors on assembly of 'e:\TP\c3e2\st7lite2.asm'
e:\TP\c3e2\c3e2.asm(36): as1 : Warning 73: Couldn't find entry for segment 'ram0' in Mapfile 'Debug\c3e2.map'
No errors on assembly of 'e:\TP\c3e2\c3e2.asm'
No errors on assembly of 'e:\TP\c3e2\mapping.asm'
No errors on assembly of 'e:\TP\c3e2\mapping.asm'
No errors on assembly of 'e:\TP\c3e2\st7lite2.asm'
No errors on assembly of 'e:\TP\c3e2\st7lite2.asm'
e:\TP\c3e2\c3e2.asm(25): as1 : Error 56: unrecognised opcode '	MAX EQU 9'
e:\TP\c3e2\c3e2.asm(44): as1 : Error 56: unrecognised opcode '	cpt DS.B 1'
2 errors on assembly of 'e:\TP\c3e2\c3e2.asm'
e:\TP\c3e2\c3e2.asm(25): as1 : Error 56: unrecognised opcode '	MAX EQU 9'
e:\TP\c3e2\c3e2.asm(44): as1 : Error 56: unrecognised opcode '	cpt DS.B 1'
2 errors on assembly of 'e:\TP\c3e2\c3e2.asm'
No errors on assembly of 'e:\TP\c3e2\mapping.asm'
No errors on assembly of 'e:\TP\c3e2\mapping.asm'
No errors on assembly of 'e:\TP\c3e2\st7lite2.asm'
No errors on assembly of 'e:\TP\c3e2\st7lite2.asm'
No errors on assembly of 'e:\TP\c3e2\c3e2.asm'
No errors on assembly of 'e:\TP\c3e2\c3e2.asm'
No errors on assembly of 'e:\TP\c3e2\mapping.asm'
No errors on assembly of 'e:\TP\c3e2\st7lite2.asm'
No errors on assembly of 'e:\TP\c3e2\c3e2.asm'
No errors on assembly of 'e:\TP\c3e2\mapping.asm'
No errors on assembly of 'e:\TP\c3e2\mapping.asm'
No errors on assembly of 'e:\TP\c3e2\st7lite2.asm'
No errors on assembly of 'e:\TP\c3e2\st7lite2.asm'
e:\TP\c3e2\c3e2.asm(25): as1 : Error 56: unrecognised opcode '	MAX EQU 9'
1 error on assembly of 'e:\TP\c3e2\c3e2.asm'
e:\TP\c3e2\c3e2.asm(25): as1 : Error 56: unrecognised opcode '	MAX EQU 9'
1 error on assembly of 'e:\TP\c3e2\c3e2.asm'
No errors on assembly of 'e:\TP\c3e2\mapping.asm'
No errors on assembly of 'e:\TP\c3e2\mapping.asm'
No errors on assembly of 'e:\TP\c3e2\st7lite2.asm'
No errors on assembly of 'e:\TP\c3e2\st7lite2.asm'
No errors on assembly of 'e:\TP\c3e2\c3e2.asm'
No errors on assembly of 'e:\TP\c3e2\c3e2.asm'
No errors on assembly of 'e:\TP\c3e2\mapping.asm'
No errors on assembly of 'e:\TP\c3e2\st7lite2.asm'
No errors on assembly of 'e:\TP\c3e2\c3e2.asm'
