No errors on assembly of 'e:\tp\c5e4\mapping.asm'
No errors on assembly of 'e:\tp\c5e4\mapping.asm'
No errors on assembly of 'e:\tp\c5e4\st7lite2.asm'
No errors on assembly of 'e:\tp\c5e4\st7lite2.asm'
No errors on assembly of 'e:\tp\c5e4\c5e4.asm'
No errors on assembly of 'e:\tp\c5e4\c5e4.asm'
No errors on assembly of 'e:\tp\c5e4\mapping.asm'
No errors on assembly of 'e:\tp\c5e4\st7lite2.asm'
e:\tp\c5e4\c5e4.asm(36): as1 : Warning 73: Couldn't find entry for segment 'ram0' in Mapfile 'Debug\c5e4.map'
No errors on assembly of 'e:\tp\c5e4\c5e4.asm'
No errors on assembly of 'e:\tp\c5e4\mapping.asm'
No errors on assembly of 'e:\tp\c5e4\mapping.asm'
No errors on assembly of 'e:\tp\c5e4\st7lite2.asm'
No errors on assembly of 'e:\tp\c5e4\st7lite2.asm'
e:\tp\c5e4\c5e4.asm(44): as1 : Error 56: unrecognised opcode 'MAX ECQ'
e:\tp\c5e4\c5e4.asm(114): as1 : Error 56: unrecognised opcode '	CLEAR X'
2 errors on assembly of 'e:\tp\c5e4\c5e4.asm'
e:\tp\c5e4\c5e4.asm(44): as1 : Error 56: unrecognised opcode 'MAX ECQ'
e:\tp\c5e4\c5e4.asm(114): as1 : Error 56: unrecognised opcode '	CLEAR X'
2 errors on assembly of 'e:\tp\c5e4\c5e4.asm'
No errors on assembly of 'e:\tp\c5e4\mapping.asm'
No errors on assembly of 'e:\tp\c5e4\mapping.asm'
No errors on assembly of 'e:\tp\c5e4\st7lite2.asm'
No errors on assembly of 'e:\tp\c5e4\st7lite2.asm'
e:\tp\c5e4\c5e4.asm(113): as1 : Error 56: unrecognised opcode '	CLEAR X'
1 error on assembly of 'e:\tp\c5e4\c5e4.asm'
e:\tp\c5e4\c5e4.asm(113): as1 : Error 56: unrecognised opcode '	CLEAR X'
1 error on assembly of 'e:\tp\c5e4\c5e4.asm'
No errors on assembly of 'e:\tp\c5e4\mapping.asm'
No errors on assembly of 'e:\tp\c5e4\mapping.asm'
No errors on assembly of 'e:\tp\c5e4\st7lite2.asm'
No errors on assembly of 'e:\tp\c5e4\st7lite2.asm'
e:\tp\c5e4\c5e4.asm(122): as1 : Error 56: unrecognised opcode '	JNRE boucle'
1 error on assembly of 'e:\tp\c5e4\c5e4.asm'
e:\tp\c5e4\c5e4.asm(122): as1 : Error 56: unrecognised opcode '	JNRE boucle'
1 error on assembly of 'e:\tp\c5e4\c5e4.asm'
No errors on assembly of 'e:\tp\c5e4\mapping.asm'
No errors on assembly of 'e:\tp\c5e4\mapping.asm'
No errors on assembly of 'e:\tp\c5e4\st7lite2.asm'
No errors on assembly of 'e:\tp\c5e4\st7lite2.asm'
No errors on assembly of 'e:\tp\c5e4\c5e4.asm'
No errors on assembly of 'e:\tp\c5e4\c5e4.asm'
No errors on assembly of 'e:\tp\c5e4\mapping.asm'
No errors on assembly of 'e:\tp\c5e4\st7lite2.asm'
e:\tp\c5e4\c5e4.asm(36): as1 : Warning 73: Couldn't find entry for segment 'ram0' in Mapfile 'Debug\c5e4.map'
No errors on assembly of 'e:\tp\c5e4\c5e4.asm'
No errors on assembly of 'e:\tp\c5e4\mapping.asm'
No errors on assembly of 'e:\tp\c5e4\mapping.asm'
No errors on assembly of 'e:\tp\c5e4\st7lite2.asm'
No errors on assembly of 'e:\tp\c5e4\st7lite2.asm'
No errors on assembly of 'e:\tp\c5e4\c5e4.asm'
e:\tp\c5e4\c5e4.asm(146): as2 : Error 46: Illegal undefined label 'init_ports_led'
1 error on assembly of 'e:\tp\c5e4\c5e4.asm'
No errors on assembly of 'e:\tp\c5e4\mapping.asm'
No errors on assembly of 'e:\tp\c5e4\mapping.asm'
No errors on assembly of 'e:\tp\c5e4\st7lite2.asm'
No errors on assembly of 'e:\tp\c5e4\st7lite2.asm'
No errors on assembly of 'e:\tp\c5e4\c5e4.asm'
No errors on assembly of 'e:\tp\c5e4\c5e4.asm'
No errors on assembly of 'e:\tp\c5e4\mapping.asm'
No errors on assembly of 'e:\tp\c5e4\st7lite2.asm'
e:\tp\c5e4\c5e4.asm(36): as1 : Warning 73: Couldn't find entry for segment 'ram0' in Mapfile 'Debug\c5e4.map'
No errors on assembly of 'e:\tp\c5e4\c5e4.asm'
No errors on assembly of 'e:\tp\c5e4\mapping.asm'
No errors on assembly of 'e:\tp\c5e4\mapping.asm'
No errors on assembly of 'e:\tp\c5e4\st7lite2.asm'
No errors on assembly of 'e:\tp\c5e4\st7lite2.asm'
No errors on assembly of 'e:\tp\c5e4\c5e4.asm'
No errors on assembly of 'e:\tp\c5e4\c5e4.asm'
No errors on assembly of 'e:\tp\c5e4\mapping.asm'
No errors on assembly of 'e:\tp\c5e4\st7lite2.asm'
e:\tp\c5e4\c5e4.asm(36): as1 : Warning 73: Couldn't find entry for segment 'ram0' in Mapfile 'Debug\c5e4.map'
No errors on assembly of 'e:\tp\c5e4\c5e4.asm'
No errors on assembly of 'e:\tp\c5e4\mapping.asm'
No errors on assembly of 'e:\tp\c5e4\mapping.asm'
No errors on assembly of 'e:\tp\c5e4\st7lite2.asm'
No errors on assembly of 'e:\tp\c5e4\st7lite2.asm'
No errors on assembly of 'e:\tp\c5e4\c5e4.asm'
No errors on assembly of 'e:\tp\c5e4\c5e4.asm'
No errors on assembly of 'e:\tp\c5e4\mapping.asm'
No errors on assembly of 'e:\tp\c5e4\st7lite2.asm'
e:\tp\c5e4\c5e4.asm(36): as1 : Warning 73: Couldn't find entry for segment 'ram0' in Mapfile 'Debug\c5e4.map'
No errors on assembly of 'e:\tp\c5e4\c5e4.asm'
No errors on assembly of 'e:\tp\c5e4\mapping.asm'
No errors on assembly of 'e:\tp\c5e4\mapping.asm'
No errors on assembly of 'e:\tp\c5e4\st7lite2.asm'
No errors on assembly of 'e:\tp\c5e4\st7lite2.asm'
e:\tp\c5e4\c5e4.asm(116): as1 : Error 56: unrecognised opcode '	NOP;2*5'
e:\tp\c5e4\c5e4.asm(123): as1 : Error 56: unrecognised opcode '	NOP;2*4'
e:\tp\c5e4\c5e4.asm(127): as1 : Error 56: unrecognised opcode '	RET;6'
3 errors on assembly of 'e:\tp\c5e4\c5e4.asm'
e:\tp\c5e4\c5e4.asm(116): as1 : Error 56: unrecognised opcode '	NOP;2*5'
e:\tp\c5e4\c5e4.asm(123): as1 : Error 56: unrecognised opcode '	NOP;2*4'
e:\tp\c5e4\c5e4.asm(127): as1 : Error 56: unrecognised opcode '	RET;6'
3 errors on assembly of 'e:\tp\c5e4\c5e4.asm'
No errors on assembly of 'e:\tp\c5e4\mapping.asm'
e:\tp\c5e4\c5e4.asm(123): as1 : Error 56: unrecognised opcode '	NOP;2*4'
e:\tp\c5e4\c5e4.asm(127): as1 : Error 56: unrecognised opcode '	RET;6'
2 errors on assembly of 'e:\tp\c5e4\c5e4.asm'
e:\tp\c5e4\c5e4.asm(123): as1 : Error 56: unrecognised opcode '	NOP;2*4'
e:\tp\c5e4\c5e4.asm(127): as1 : Error 56: unrecognised opcode '	RET;6'
2 errors on assembly of 'e:\tp\c5e4\c5e4.asm'
No errors on assembly of 'e:\tp\c5e4\mapping.asm'
No errors on assembly of 'e:\tp\c5e4\c5e4.asm'
No errors on assembly of 'e:\tp\c5e4\c5e4.asm'
No errors on assembly of 'e:\tp\c5e4\mapping.asm'
No errors on assembly of 'e:\tp\c5e4\st7lite2.asm'
e:\tp\c5e4\c5e4.asm(36): as1 : Warning 73: Couldn't find entry for segment 'ram0' in Mapfile 'Debug\c5e4.map'
No errors on assembly of 'e:\tp\c5e4\c5e4.asm'
No errors on assembly of 'e:\tp\c5e4\mapping.asm'
No errors on assembly of 'e:\tp\c5e4\mapping.asm'
No errors on assembly of 'e:\tp\c5e4\st7lite2.asm'
No errors on assembly of 'e:\tp\c5e4\st7lite2.asm'
No errors on assembly of 'e:\tp\c5e4\c5e4.asm'
No errors on assembly of 'e:\tp\c5e4\c5e4.asm'
No errors on assembly of 'e:\tp\c5e4\mapping.asm'
No errors on assembly of 'e:\tp\c5e4\st7lite2.asm'
e:\tp\c5e4\c5e4.asm(36): as1 : Warning 73: Couldn't find entry for segment 'ram0' in Mapfile 'Debug\c5e4.map'
No errors on assembly of 'e:\tp\c5e4\c5e4.asm'
No errors on assembly of 'e:\tp\c5e4\mapping.asm'
No errors on assembly of 'e:\tp\c5e4\mapping.asm'
No errors on assembly of 'e:\tp\c5e4\st7lite2.asm'
No errors on assembly of 'e:\tp\c5e4\st7lite2.asm'
No errors on assembly of 'e:\tp\c5e4\c5e4.asm'
No errors on assembly of 'e:\tp\c5e4\c5e4.asm'
No errors on assembly of 'e:\tp\c5e4\mapping.asm'
No errors on assembly of 'e:\tp\c5e4\st7lite2.asm'
e:\tp\c5e4\c5e4.asm(36): as1 : Warning 73: Couldn't find entry for segment 'ram0' in Mapfile 'Debug\c5e4.map'
No errors on assembly of 'e:\tp\c5e4\c5e4.asm'
No errors on assembly of 'e:\tp\c5e4\mapping.asm'
No errors on assembly of 'e:\tp\c5e4\mapping.asm'
No errors on assembly of 'e:\tp\c5e4\st7lite2.asm'
No errors on assembly of 'e:\tp\c5e4\st7lite2.asm'
No errors on assembly of 'e:\tp\c5e4\c5e4.asm'
No errors on assembly of 'e:\tp\c5e4\c5e4.asm'
No errors on assembly of 'e:\tp\c5e4\mapping.asm'
No errors on assembly of 'e:\tp\c5e4\st7lite2.asm'
e:\tp\c5e4\c5e4.asm(36): as1 : Warning 73: Couldn't find entry for segment 'ram0' in Mapfile 'Debug\c5e4.map'
No errors on assembly of 'e:\tp\c5e4\c5e4.asm'
No errors on assembly of 'e:\tp\c5e4\mapping.asm'
No errors on assembly of 'e:\tp\c5e4\mapping.asm'
No errors on assembly of 'e:\tp\c5e4\st7lite2.asm'
No errors on assembly of 'e:\tp\c5e4\st7lite2.asm'
No errors on assembly of 'e:\tp\c5e4\c5e4.asm'
No errors on assembly of 'e:\tp\c5e4\c5e4.asm'
No errors on assembly of 'e:\tp\c5e4\mapping.asm'
No errors on assembly of 'e:\tp\c5e4\st7lite2.asm'
e:\tp\c5e4\c5e4.asm(36): as1 : Warning 73: Couldn't find entry for segment 'ram0' in Mapfile 'Debug\c5e4.map'
No errors on assembly of 'e:\tp\c5e4\c5e4.asm'
No errors on assembly of 'e:\tp\c5e4\mapping.asm'
No errors on assembly of 'e:\tp\c5e4\mapping.asm'
No errors on assembly of 'e:\tp\c5e4\st7lite2.asm'
No errors on assembly of 'e:\tp\c5e4\st7lite2.asm'
No errors on assembly of 'e:\tp\c5e4\c5e4.asm'
No errors on assembly of 'e:\tp\c5e4\c5e4.asm'
No errors on assembly of 'e:\tp\c5e4\mapping.asm'
No errors on assembly of 'e:\tp\c5e4\st7lite2.asm'
e:\tp\c5e4\c5e4.asm(36): as1 : Warning 73: Couldn't find entry for segment 'ram0' in Mapfile 'Debug\c5e4.map'
No errors on assembly of 'e:\tp\c5e4\c5e4.asm'
No errors on assembly of 'e:\tp\c5e4\mapping.asm'
No errors on assembly of 'e:\tp\c5e4\mapping.asm'
No errors on assembly of 'e:\tp\c5e4\st7lite2.asm'
No errors on assembly of 'e:\tp\c5e4\st7lite2.asm'
No errors on assembly of 'e:\tp\c5e4\c5e4.asm'
No errors on assembly of 'e:\tp\c5e4\c5e4.asm'
No errors on assembly of 'e:\tp\c5e4\mapping.asm'
No errors on assembly of 'e:\tp\c5e4\st7lite2.asm'
e:\tp\c5e4\c5e4.asm(36): as1 : Warning 73: Couldn't find entry for segment 'ram0' in Mapfile 'Debug\c5e4.map'
No errors on assembly of 'e:\tp\c5e4\c5e4.asm'
No errors on assembly of 'e:\tp\c5e4\mapping.asm'
No errors on assembly of 'e:\tp\c5e4\mapping.asm'
No errors on assembly of 'e:\tp\c5e4\st7lite2.asm'
No errors on assembly of 'e:\tp\c5e4\st7lite2.asm'
No errors on assembly of 'e:\tp\c5e4\c5e4.asm'
No errors on assembly of 'e:\tp\c5e4\c5e4.asm'
No errors on assembly of 'e:\tp\c5e4\mapping.asm'
No errors on assembly of 'e:\tp\c5e4\st7lite2.asm'
e:\tp\c5e4\c5e4.asm(36): as1 : Warning 73: Couldn't find entry for segment 'ram0' in Mapfile 'Debug\c5e4.map'
No errors on assembly of 'e:\tp\c5e4\c5e4.asm'
No errors on assembly of 'e:\tp\c5e4\mapping.asm'
No errors on assembly of 'e:\tp\c5e4\mapping.asm'
No errors on assembly of 'e:\tp\c5e4\st7lite2.asm'
No errors on assembly of 'e:\tp\c5e4\st7lite2.asm'
No errors on assembly of 'e:\tp\c5e4\c5e4.asm'
No errors on assembly of 'e:\tp\c5e4\c5e4.asm'
No errors on assembly of 'e:\tp\c5e4\mapping.asm'
No errors on assembly of 'e:\tp\c5e4\st7lite2.asm'
e:\tp\c5e4\c5e4.asm(36): as1 : Warning 73: Couldn't find entry for segment 'ram0' in Mapfile 'Debug\c5e4.map'
No errors on assembly of 'e:\tp\c5e4\c5e4.asm'
No errors on assembly of 'e:\tp\c5e4\mapping.asm'
No errors on assembly of 'e:\tp\c5e4\mapping.asm'
No errors on assembly of 'e:\tp\c5e4\st7lite2.asm'
No errors on assembly of 'e:\tp\c5e4\st7lite2.asm'
No errors on assembly of 'e:\tp\c5e4\c5e4.asm'
No errors on assembly of 'e:\tp\c5e4\c5e4.asm'
No errors on assembly of 'e:\tp\c5e4\mapping.asm'
No errors on assembly of 'e:\tp\c5e4\st7lite2.asm'
e:\tp\c5e4\c5e4.asm(36): as1 : Warning 73: Couldn't find entry for segment 'ram0' in Mapfile 'Debug\c5e4.map'
No errors on assembly of 'e:\tp\c5e4\c5e4.asm'
No errors on assembly of 'e:\tp\c5e4\mapping.asm'
No errors on assembly of 'e:\tp\c5e4\mapping.asm'
No errors on assembly of 'e:\tp\c5e4\st7lite2.asm'
No errors on assembly of 'e:\tp\c5e4\st7lite2.asm'
No errors on assembly of 'e:\tp\c5e4\c5e4.asm'
No errors on assembly of 'e:\tp\c5e4\c5e4.asm'
No errors on assembly of 'e:\tp\c5e4\mapping.asm'
No errors on assembly of 'e:\tp\c5e4\st7lite2.asm'
e:\tp\c5e4\c5e4.asm(36): as1 : Warning 73: Couldn't find entry for segment 'ram0' in Mapfile 'Debug\c5e4.map'
No errors on assembly of 'e:\tp\c5e4\c5e4.asm'
No errors on assembly of 'E:\TP\c5e4\mapping.asm'
No errors on assembly of 'E:\TP\c5e4\mapping.asm'
No errors on assembly of 'E:\TP\c5e4\st7lite2.asm'
No errors on assembly of 'E:\TP\c5e4\st7lite2.asm'
No errors on assembly of 'E:\TP\c5e4\c5e4.asm'
No errors on assembly of 'E:\TP\c5e4\c5e4.asm'
No errors on assembly of 'E:\TP\c5e4\mapping.asm'
No errors on assembly of 'E:\TP\c5e4\st7lite2.asm'
E:\TP\c5e4\c5e4.asm(36): as1 : Warning 73: Couldn't find entry for segment 'ram0' in Mapfile 'Debug\c5e4.map'
No errors on assembly of 'E:\TP\c5e4\c5e4.asm'
No errors on assembly of 'E:\TP\c5e4\mapping.asm'
No errors on assembly of 'E:\TP\c5e4\mapping.asm'
No errors on assembly of 'E:\TP\c5e4\st7lite2.asm'
No errors on assembly of 'E:\TP\c5e4\st7lite2.asm'
No errors on assembly of 'E:\TP\c5e4\c5e4.asm'
No errors on assembly of 'E:\TP\c5e4\c5e4.asm'
No errors on assembly of 'E:\TP\c5e4\mapping.asm'
No errors on assembly of 'E:\TP\c5e4\st7lite2.asm'
E:\TP\c5e4\c5e4.asm(36): as1 : Warning 73: Couldn't find entry for segment 'ram0' in Mapfile 'Debug\c5e4.map'
No errors on assembly of 'E:\TP\c5e4\c5e4.asm'
No errors on assembly of 'E:\TP\c5e4\mapping.asm'
No errors on assembly of 'E:\TP\c5e4\mapping.asm'
No errors on assembly of 'E:\TP\c5e4\st7lite2.asm'
No errors on assembly of 'E:\TP\c5e4\st7lite2.asm'
No errors on assembly of 'E:\TP\c5e4\c5e4.asm'
No errors on assembly of 'E:\TP\c5e4\c5e4.asm'
No errors on assembly of 'E:\TP\c5e4\mapping.asm'
No errors on assembly of 'E:\TP\c5e4\st7lite2.asm'
E:\TP\c5e4\c5e4.asm(36): as1 : Warning 73: Couldn't find entry for segment 'ram0' in Mapfile 'Debug\c5e4.map'
No errors on assembly of 'E:\TP\c5e4\c5e4.asm'
No errors on assembly of 'E:\TP\c5e4\mapping.asm'
No errors on assembly of 'E:\TP\c5e4\mapping.asm'
No errors on assembly of 'E:\TP\c5e4\st7lite2.asm'
No errors on assembly of 'E:\TP\c5e4\st7lite2.asm'
No errors on assembly of 'E:\TP\c5e4\c5e4.asm'
No errors on assembly of 'E:\TP\c5e4\c5e4.asm'
No errors on assembly of 'E:\TP\c5e4\mapping.asm'
No errors on assembly of 'E:\TP\c5e4\st7lite2.asm'
E:\TP\c5e4\c5e4.asm(36): as1 : Warning 73: Couldn't find entry for segment 'ram0' in Mapfile 'Debug\c5e4.map'
No errors on assembly of 'E:\TP\c5e4\c5e4.asm'
No errors on assembly of 'E:\TP\c5e4\mapping.asm'
No errors on assembly of 'E:\TP\c5e4\mapping.asm'
No errors on assembly of 'E:\TP\c5e4\st7lite2.asm'
No errors on assembly of 'E:\TP\c5e4\st7lite2.asm'
No errors on assembly of 'E:\TP\c5e4\c5e4.asm'
No errors on assembly of 'E:\TP\c5e4\c5e4.asm'
No errors on assembly of 'E:\TP\c5e4\mapping.asm'
No errors on assembly of 'E:\TP\c5e4\st7lite2.asm'
E:\TP\c5e4\c5e4.asm(36): as1 : Warning 73: Couldn't find entry for segment 'ram0' in Mapfile 'Debug\c5e4.map'
No errors on assembly of 'E:\TP\c5e4\c5e4.asm'
No errors on assembly of 'E:\TP\c5e4\mapping.asm'
No errors on assembly of 'E:\TP\c5e4\c5e4.asm'
No errors on assembly of 'E:\TP\c5e4\c5e4.asm'
No errors on assembly of 'E:\TP\c5e4\mapping.asm'
No errors on assembly of 'E:\TP\c5e4\st7lite2.asm'
E:\TP\c5e4\c5e4.asm(36): as1 : Warning 73: Couldn't find entry for segment 'ram0' in Mapfile 'Debug\c5e4.map'
No errors on assembly of 'E:\TP\c5e4\c5e4.asm'
No errors on assembly of 'E:\TP\c5e4\mapping.asm'
No errors on assembly of 'E:\TP\c5e4\mapping.asm'
No errors on assembly of 'E:\TP\c5e4\st7lite2.asm'
No errors on assembly of 'E:\TP\c5e4\st7lite2.asm'
No errors on assembly of 'E:\TP\c5e4\c5e4.asm'
No errors on assembly of 'E:\TP\c5e4\c5e4.asm'
No errors on assembly of 'E:\TP\c5e4\mapping.asm'
No errors on assembly of 'E:\TP\c5e4\st7lite2.asm'
E:\TP\c5e4\c5e4.asm(36): as1 : Warning 73: Couldn't find entry for segment 'ram0' in Mapfile 'Debug\c5e4.map'
No errors on assembly of 'E:\TP\c5e4\c5e4.asm'
No errors on assembly of 'E:\TP\c5e4\mapping.asm'
No errors on assembly of 'E:\TP\c5e4\mapping.asm'
No errors on assembly of 'E:\TP\c5e4\st7lite2.asm'
No errors on assembly of 'E:\TP\c5e4\st7lite2.asm'
No errors on assembly of 'E:\TP\c5e4\c5e4.asm'
No errors on assembly of 'E:\TP\c5e4\c5e4.asm'
No errors on assembly of 'E:\TP\c5e4\mapping.asm'
No errors on assembly of 'E:\TP\c5e4\st7lite2.asm'
E:\TP\c5e4\c5e4.asm(36): as1 : Warning 73: Couldn't find entry for segment 'ram0' in Mapfile 'Debug\c5e4.map'
No errors on assembly of 'E:\TP\c5e4\c5e4.asm'
No errors on assembly of 'E:\TP\c5e4\mapping.asm'
No errors on assembly of 'E:\TP\c5e4\mapping.asm'
No errors on assembly of 'E:\TP\c5e4\st7lite2.asm'
No errors on assembly of 'E:\TP\c5e4\st7lite2.asm'
No errors on assembly of 'E:\TP\c5e4\c5e4.asm'
No errors on assembly of 'E:\TP\c5e4\c5e4.asm'
No errors on assembly of 'E:\TP\c5e4\mapping.asm'
No errors on assembly of 'E:\TP\c5e4\st7lite2.asm'
E:\TP\c5e4\c5e4.asm(36): as1 : Warning 73: Couldn't find entry for segment 'ram0' in Mapfile 'Debug\c5e4.map'
No errors on assembly of 'E:\TP\c5e4\c5e4.asm'
No errors on assembly of 'E:\TP\c5e4\mapping.asm'
No errors on assembly of 'E:\TP\c5e4\mapping.asm'
No errors on assembly of 'E:\TP\c5e4\st7lite2.asm'
No errors on assembly of 'E:\TP\c5e4\st7lite2.asm'
No errors on assembly of 'E:\TP\c5e4\c5e4.asm'
No errors on assembly of 'E:\TP\c5e4\c5e4.asm'
No errors on assembly of 'E:\TP\c5e4\mapping.asm'
No errors on assembly of 'E:\TP\c5e4\st7lite2.asm'
E:\TP\c5e4\c5e4.asm(36): as1 : Warning 73: Couldn't find entry for segment 'ram0' in Mapfile 'Debug\c5e4.map'
No errors on assembly of 'E:\TP\c5e4\c5e4.asm'
No errors on assembly of 'E:\TP\c5e4\mapping.asm'
No errors on assembly of 'E:\TP\c5e4\mapping.asm'
No errors on assembly of 'E:\TP\c5e4\st7lite2.asm'
No errors on assembly of 'E:\TP\c5e4\st7lite2.asm'
No errors on assembly of 'E:\TP\c5e4\c5e4.asm'
No errors on assembly of 'E:\TP\c5e4\c5e4.asm'
No errors on assembly of 'E:\TP\c5e4\mapping.asm'
No errors on assembly of 'E:\TP\c5e4\st7lite2.asm'
E:\TP\c5e4\c5e4.asm(36): as1 : Warning 73: Couldn't find entry for segment 'ram0' in Mapfile 'Debug\c5e4.map'
No errors on assembly of 'E:\TP\c5e4\c5e4.asm'
No errors on assembly of 'E:\TP\c5e4\mapping.asm'
No errors on assembly of 'E:\TP\c5e4\mapping.asm'
No errors on assembly of 'E:\TP\c5e4\st7lite2.asm'
No errors on assembly of 'E:\TP\c5e4\st7lite2.asm'
No errors on assembly of 'E:\TP\c5e4\c5e4.asm'
No errors on assembly of 'E:\TP\c5e4\c5e4.asm'
No errors on assembly of 'E:\TP\c5e4\mapping.asm'
No errors on assembly of 'E:\TP\c5e4\st7lite2.asm'
E:\TP\c5e4\c5e4.asm(36): as1 : Warning 73: Couldn't find entry for segment 'ram0' in Mapfile 'Debug\c5e4.map'
No errors on assembly of 'E:\TP\c5e4\c5e4.asm'
No errors on assembly of 'E:\TP\c5e4\mapping.asm'
No errors on assembly of 'E:\TP\c5e4\mapping.asm'
No errors on assembly of 'E:\TP\c5e4\st7lite2.asm'
No errors on assembly of 'E:\TP\c5e4\st7lite2.asm'
No errors on assembly of 'E:\TP\c5e4\c5e4.asm'
No errors on assembly of 'E:\TP\c5e4\c5e4.asm'
No errors on assembly of 'E:\TP\c5e4\mapping.asm'
No errors on assembly of 'E:\TP\c5e4\st7lite2.asm'
E:\TP\c5e4\c5e4.asm(36): as1 : Warning 73: Couldn't find entry for segment 'ram0' in Mapfile 'Debug\c5e4.map'
No errors on assembly of 'E:\TP\c5e4\c5e4.asm'
No errors on assembly of 'E:\TP\c5e4\mapping.asm'
No errors on assembly of 'E:\TP\c5e4\mapping.asm'
No errors on assembly of 'E:\TP\c5e4\st7lite2.asm'
No errors on assembly of 'E:\TP\c5e4\st7lite2.asm'
No errors on assembly of 'E:\TP\c5e4\c5e4.asm'
No errors on assembly of 'E:\TP\c5e4\c5e4.asm'
No errors on assembly of 'E:\TP\c5e4\mapping.asm'
No errors on assembly of 'E:\TP\c5e4\st7lite2.asm'
E:\TP\c5e4\c5e4.asm(36): as1 : Warning 73: Couldn't find entry for segment 'ram0' in Mapfile 'Debug\c5e4.map'
No errors on assembly of 'E:\TP\c5e4\c5e4.asm'
No errors on assembly of 'E:\TP\c5e4\mapping.asm'
No errors on assembly of 'E:\TP\c5e4\mapping.asm'
No errors on assembly of 'E:\TP\c5e4\st7lite2.asm'
No errors on assembly of 'E:\TP\c5e4\st7lite2.asm'
No errors on assembly of 'E:\TP\c5e4\c5e4.asm'
No errors on assembly of 'E:\TP\c5e4\c5e4.asm'
No errors on assembly of 'E:\TP\c5e4\mapping.asm'
No errors on assembly of 'E:\TP\c5e4\st7lite2.asm'
E:\TP\c5e4\c5e4.asm(36): as1 : Warning 73: Couldn't find entry for segment 'ram0' in Mapfile 'Debug\c5e4.map'
No errors on assembly of 'E:\TP\c5e4\c5e4.asm'
No errors on assembly of 'E:\TP\c5e4\mapping.asm'
No errors on assembly of 'E:\TP\c5e4\mapping.asm'
No errors on assembly of 'E:\TP\c5e4\st7lite2.asm'
No errors on assembly of 'E:\TP\c5e4\st7lite2.asm'
No errors on assembly of 'E:\TP\c5e4\c5e4.asm'
No errors on assembly of 'E:\TP\c5e4\c5e4.asm'
No errors on assembly of 'E:\TP\c5e4\mapping.asm'
No errors on assembly of 'E:\TP\c5e4\st7lite2.asm'
E:\TP\c5e4\c5e4.asm(36): as1 : Warning 73: Couldn't find entry for segment 'ram0' in Mapfile 'Debug\c5e4.map'
No errors on assembly of 'E:\TP\c5e4\c5e4.asm'
No errors on assembly of 'E:\TP\c5e4\mapping.asm'
No errors on assembly of 'E:\TP\c5e4\mapping.asm'
No errors on assembly of 'E:\TP\c5e4\st7lite2.asm'
No errors on assembly of 'E:\TP\c5e4\st7lite2.asm'
No errors on assembly of 'E:\TP\c5e4\c5e4.asm'
No errors on assembly of 'E:\TP\c5e4\c5e4.asm'
No errors on assembly of 'E:\TP\c5e4\mapping.asm'
No errors on assembly of 'E:\TP\c5e4\st7lite2.asm'
E:\TP\c5e4\c5e4.asm(36): as1 : Warning 73: Couldn't find entry for segment 'ram0' in Mapfile 'Debug\c5e4.map'
No errors on assembly of 'E:\TP\c5e4\c5e4.asm'
No errors on assembly of 'E:\TP\c5e4\mapping.asm'
No errors on assembly of 'E:\TP\c5e4\mapping.asm'
No errors on assembly of 'E:\TP\c5e4\st7lite2.asm'
No errors on assembly of 'E:\TP\c5e4\st7lite2.asm'
No errors on assembly of 'E:\TP\c5e4\c5e4.asm'
No errors on assembly of 'E:\TP\c5e4\c5e4.asm'
No errors on assembly of 'E:\TP\c5e4\mapping.asm'
No errors on assembly of 'E:\TP\c5e4\st7lite2.asm'
E:\TP\c5e4\c5e4.asm(36): as1 : Warning 73: Couldn't find entry for segment 'ram0' in Mapfile 'Debug\c5e4.map'
No errors on assembly of 'E:\TP\c5e4\c5e4.asm'
No errors on assembly of 'E:\TP\c5e4\mapping.asm'
No errors on assembly of 'E:\TP\c5e4\mapping.asm'
No errors on assembly of 'E:\TP\c5e4\st7lite2.asm'
No errors on assembly of 'E:\TP\c5e4\st7lite2.asm'
E:\TP\c5e4\c5e4.asm(145): as1 : Error 56: unrecognised opcode '	RET;6'
1 error on assembly of 'E:\TP\c5e4\c5e4.asm'
E:\TP\c5e4\c5e4.asm(145): as1 : Error 56: unrecognised opcode '	RET;6'
1 error on assembly of 'E:\TP\c5e4\c5e4.asm'
No errors on assembly of 'E:\TP\c5e4\mapping.asm'
No errors on assembly of 'E:\TP\c5e4\mapping.asm'
No errors on assembly of 'E:\TP\c5e4\st7lite2.asm'
No errors on assembly of 'E:\TP\c5e4\st7lite2.asm'
No errors on assembly of 'E:\TP\c5e4\c5e4.asm'
No errors on assembly of 'E:\TP\c5e4\c5e4.asm'
No errors on assembly of 'E:\TP\c5e4\mapping.asm'
No errors on assembly of 'E:\TP\c5e4\st7lite2.asm'
E:\TP\c5e4\c5e4.asm(36): as1 : Warning 73: Couldn't find entry for segment 'ram0' in Mapfile 'Debug\c5e4.map'
No errors on assembly of 'E:\TP\c5e4\c5e4.asm'
