No errors on assembly of 'e:\TP\c3e3\mapping.asm'
No errors on assembly of 'e:\TP\c3e3\mapping.asm'
No errors on assembly of 'e:\TP\c3e3\st7lite2.asm'
No errors on assembly of 'e:\TP\c3e3\st7lite2.asm'
e:\TP\c3e3\c3e3.asm(83): as1 : Error 54: Can't match Addressing mode '	add a, x'
e:\TP\c3e3\c3e3.asm(107): as1 : Error 54: Can't match Addressing mode '	ld somme, #0'
2 errors on assembly of 'e:\TP\c3e3\c3e3.asm'
e:\TP\c3e3\c3e3.asm(83): as1 : Error 54: Can't match Addressing mode '	add a, x'
e:\TP\c3e3\c3e3.asm(107): as1 : Error 54: Can't match Addressing mode '	ld somme, #0'
2 errors on assembly of 'e:\TP\c3e3\c3e3.asm'
No errors on assembly of 'e:\TP\c3e3\mapping.asm'
e:\TP\c3e3\c3e3.asm(83): as1 : Error 54: Can't match Addressing mode '	ADD A,X'
e:\TP\c3e3\c3e3.asm(107): as1 : Error 54: Can't match Addressing mode '	ld somme,#0'
2 errors on assembly of 'e:\TP\c3e3\c3e3.asm'
e:\TP\c3e3\c3e3.asm(83): as1 : Error 54: Can't match Addressing mode '	ADD A,X'
e:\TP\c3e3\c3e3.asm(107): as1 : Error 54: Can't match Addressing mode '	ld somme,#0'
2 errors on assembly of 'e:\TP\c3e3\c3e3.asm'
No errors on assembly of 'e:\TP\c3e3\mapping.asm'
e:\TP\c3e3\c3e3.asm(83): as1 : Error 54: Can't match Addressing mode '	ADD A,X'
1 error on assembly of 'e:\TP\c3e3\c3e3.asm'
e:\TP\c3e3\c3e3.asm(83): as1 : Error 54: Can't match Addressing mode '	ADD A,X'
1 error on assembly of 'e:\TP\c3e3\c3e3.asm'
No errors on assembly of 'e:\TP\c3e3\mapping.asm'
No errors on assembly of 'e:\TP\c3e3\c3e3.asm'
No errors on assembly of 'e:\TP\c3e3\c3e3.asm'
No errors on assembly of 'e:\TP\c3e3\mapping.asm'
No errors on assembly of 'e:\TP\c3e3\st7lite2.asm'
No errors on assembly of 'e:\TP\c3e3\c3e3.asm'
No errors on assembly of 'e:\TP\c3e3\mapping.asm'
No errors on assembly of 'e:\TP\c3e3\mapping.asm'
No errors on assembly of 'e:\TP\c3e3\st7lite2.asm'
No errors on assembly of 'e:\TP\c3e3\st7lite2.asm'
No errors on assembly of 'e:\TP\c3e3\c3e3.asm'
No errors on assembly of 'e:\TP\c3e3\c3e3.asm'
No errors on assembly of 'e:\TP\c3e3\mapping.asm'
No errors on assembly of 'e:\TP\c3e3\st7lite2.asm'
No errors on assembly of 'e:\TP\c3e3\c3e3.asm'
