No errors on assembly of 'e:\TP\c7e2\mapping.asm'
No errors on assembly of 'e:\TP\c7e2\mapping.asm'
No errors on assembly of 'e:\TP\c7e2\st7lite2.asm'
No errors on assembly of 'e:\TP\c7e2\st7lite2.asm'
No errors on assembly of 'e:\TP\c7e2\max7219.asm'
No errors on assembly of 'e:\TP\c7e2\max7219.asm'
No errors on assembly of 'e:\TP\c7e2\c7e2.asm'
No errors on assembly of 'e:\TP\c7e2\c7e2.asm'
No errors on assembly of 'e:\TP\c7e2\mapping.asm'
No errors on assembly of 'e:\TP\c7e2\st7lite2.asm'
No errors on assembly of 'e:\TP\c7e2\max7219.asm'
e:\TP\c7e2\c7e2.asm(36): as1 : Warning 73: Couldn't find entry for segment 'ram0' in Mapfile 'Debug\c7e2.map'
No errors on assembly of 'e:\TP\c7e2\c7e2.asm'
No errors on assembly of 'e:\TP\c7e2\mapping.asm'
No errors on assembly of 'e:\TP\c7e2\mapping.asm'
No errors on assembly of 'e:\TP\c7e2\st7lite2.asm'
No errors on assembly of 'e:\TP\c7e2\st7lite2.asm'
No errors on assembly of 'e:\TP\c7e2\max7219.asm'
No errors on assembly of 'e:\TP\c7e2\max7219.asm'
No errors on assembly of 'e:\TP\c7e2\c7e2.asm'
No errors on assembly of 'e:\TP\c7e2\c7e2.asm'
No errors on assembly of 'e:\TP\c7e2\mapping.asm'
No errors on assembly of 'e:\TP\c7e2\st7lite2.asm'
No errors on assembly of 'e:\TP\c7e2\max7219.asm'
No errors on assembly of 'e:\TP\c7e2\c7e2.asm'
