No errors on assembly of 'e:\TP\Exo1\mapping.asm'
No errors on assembly of 'e:\TP\Exo1\mapping.asm'
No errors on assembly of 'e:\TP\Exo1\st7lite2.asm'
No errors on assembly of 'e:\TP\Exo1\st7lite2.asm'
No errors on assembly of 'e:\TP\Exo1\exo1.asm'
No errors on assembly of 'e:\TP\Exo1\exo1.asm'
No errors on assembly of 'e:\TP\Exo1\mapping.asm'
No errors on assembly of 'e:\TP\Exo1\st7lite2.asm'
e:\TP\Exo1\exo1.asm(36): as1 : Warning 73: Couldn't find entry for segment 'ram0' in Mapfile 'Debug\exo1.map'
No errors on assembly of 'e:\TP\Exo1\exo1.asm'
No errors on assembly of 'E:\TP\Exo1\mapping.asm'
No errors on assembly of 'E:\TP\Exo1\mapping.asm'
No errors on assembly of 'E:\TP\Exo1\st7lite2.asm'
No errors on assembly of 'E:\TP\Exo1\st7lite2.asm'
No errors on assembly of 'E:\TP\Exo1\exo1.asm'
No errors on assembly of 'E:\TP\Exo1\exo1.asm'
No errors on assembly of 'E:\TP\Exo1\mapping.asm'
No errors on assembly of 'E:\TP\Exo1\st7lite2.asm'
E:\TP\Exo1\exo1.asm(36): as1 : Warning 73: Couldn't find entry for segment 'ram0' in Mapfile 'Debug\exo1.map'
No errors on assembly of 'E:\TP\Exo1\exo1.asm'
No errors on assembly of 'E:\TP\Exo1\mapping.asm'
No errors on assembly of 'E:\TP\Exo1\mapping.asm'
No errors on assembly of 'E:\TP\Exo1\st7lite2.asm'
No errors on assembly of 'E:\TP\Exo1\st7lite2.asm'
No errors on assembly of 'E:\TP\Exo1\exo1.asm'
No errors on assembly of 'E:\TP\Exo1\exo1.asm'
No errors on assembly of 'E:\TP\Exo1\mapping.asm'
No errors on assembly of 'E:\TP\Exo1\st7lite2.asm'
E:\TP\Exo1\exo1.asm(36): as1 : Warning 73: Couldn't find entry for segment 'ram0' in Mapfile 'Debug\exo1.map'
No errors on assembly of 'E:\TP\Exo1\exo1.asm'
No errors on assembly of 'E:\TP\Exo1\mapping.asm'
No errors on assembly of 'E:\TP\Exo1\mapping.asm'
No errors on assembly of 'E:\TP\Exo1\st7lite2.asm'
No errors on assembly of 'E:\TP\Exo1\st7lite2.asm'
No errors on assembly of 'E:\TP\Exo1\exo1.asm'
No errors on assembly of 'E:\TP\Exo1\exo1.asm'
No errors on assembly of 'E:\TP\Exo1\mapping.asm'
No errors on assembly of 'E:\TP\Exo1\st7lite2.asm'
E:\TP\Exo1\exo1.asm(36): as1 : Warning 73: Couldn't find entry for segment 'ram0' in Mapfile 'Debug\exo1.map'
No errors on assembly of 'E:\TP\Exo1\exo1.asm'
