STMicroelectronics assembler v4.49   (C)1987-2016   Wed May 04 11:00:18 2016
Page 1  Assembler
                                               E:\TP\c5e4\mapping.asm

   1                             st7/      
   2                                                              ;-------------------------------
                                                                  ;-----------------------
   3                                                              ; SEGMENT MAPPING FILE 
                                                                  ;AUTOMATICALLY GENERATED BY 
                                                                  ;STVD7
   4                                                              ; SHOULD NOT BE MANUALLY 
                                                                  ;MODIFIED.
   5                                                              ; CHANGES WILL BE LOST WHEN FILE
                                                                  ; IS REGENERATED.
   6                                                              ;-------------------------------
                                                                  ;-----------------------
   7  0000                                 BYTES                  ; The following addresses are 8 
                                                                  ;bits long
   8                                       segment  byte at 80-17F 'ram0'
   9                             
  10  0080                                 WORDS                  ; The following addresses are 16
                                                                  ; bits long
  11                                       segment  byte at 180-1FF 'stack'
  12                             
  13  0180                                 WORDS                  ; The following addresses are 16
                                                                  ; bits long
  14                                       segment  byte at E000-FFDF 'rom'
  15                             
  16  E000                                 WORDS                  ; The following addresses are 16
                                                                  ; bits long
  17                                       segment  byte at FFE0-FFFF 'vectit'
  18                             
  19  FFE0                                 END      
STMicroelectronics assembler v4.49   (C)1987-2016   Wed May 04 11:00:18 2016
Page 2  Assembler
                                               E:\TP\c5e4\mapping.asm

Symbol Name                       Value     Call       Type  Scope      Rel.  Line  Privacy  Segment   Size  Bytes File


0 labels
No errors on assembly of 'E:\TP\c5e4\mapping.asm'